2013.09.10 23:23 B F:\111semester 3\advanced web design\website\index.html --> studentweb.cencol.ca /lartyukh/website index.html
2013.09.10 23:23 B F:\111semester 3\advanced web design\website\lillyMenu.jpg --> studentweb.cencol.ca /lartyukh/website lillyMenu.jpg
2013.09.10 23:23 B F:\111semester 3\advanced web design\website\lillyMenuAct.jpg --> studentweb.cencol.ca /lartyukh/website lillyMenuAct.jpg
2013.09.10 23:23 B F:\111semester 3\advanced web design\website\lillyMenuNorm.jpg --> studentweb.cencol.ca /lartyukh/website lillyMenuNorm.jpg
2013.09.10 23:23 B F:\111semester 3\advanced web design\website\lily.jpg --> studentweb.cencol.ca /lartyukh/website lily.jpg
2013.09.10 23:23 B F:\111semester 3\advanced web design\website\mainStylesheet.css --> studentweb.cencol.ca /lartyukh/website mainStylesheet.css
2013.09.10 23:29 B F:\111semester 3\advanced web design\website\index.html --> studentweb.cencol.ca /lartyukh index.html
2013.09.10 23:29 B F:\111semester 3\advanced web design\website\lillyMenu.jpg --> studentweb.cencol.ca /lartyukh lillyMenu.jpg
2013.09.10 23:29 B F:\111semester 3\advanced web design\website\lillyMenuAct.jpg --> studentweb.cencol.ca /lartyukh lillyMenuAct.jpg
2013.09.10 23:29 B F:\111semester 3\advanced web design\website\lillyMenuNorm.jpg --> studentweb.cencol.ca /lartyukh lillyMenuNorm.jpg
2013.09.10 23:29 B F:\111semester 3\advanced web design\website\lily.jpg --> studentweb.cencol.ca /lartyukh lily.jpg
2013.09.10 23:29 B F:\111semester 3\advanced web design\website\mainStylesheet.css --> studentweb.cencol.ca /lartyukh mainStylesheet.css
2013.09.10 23:29 B F:\111semester 3\advanced web design\website\WS_FTP.LOG --> studentweb.cencol.ca /lartyukh WS_FTP.LOG
2013.09.12 03:37 B F:\111semester 3\advanced web design\website\backMain.jpg --> studentweb.cencol.ca /lartyukh backMain.jpg
2013.09.12 03:37 B F:\111semester 3\advanced web design\website\contact.jpg --> studentweb.cencol.ca /lartyukh contact.jpg
2013.09.12 03:37 B F:\111semester 3\advanced web design\website\contact1.jpg --> studentweb.cencol.ca /lartyukh contact1.jpg
2013.09.12 03:37 B F:\111semester 3\advanced web design\website\credits.html --> studentweb.cencol.ca /lartyukh credits.html
2013.09.12 03:37 B F:\111semester 3\advanced web design\website\envelope.jpg --> studentweb.cencol.ca /lartyukh envelope.jpg
2013.09.12 03:37 B F:\111semester 3\advanced web design\website\grad.jpg --> studentweb.cencol.ca /lartyukh grad.jpg
2013.09.12 03:37 B F:\111semester 3\advanced web design\website\index.html --> studentweb.cencol.ca /lartyukh index.html
2013.09.12 03:37 B F:\111semester 3\advanced web design\website\lillyMenu.jpg --> studentweb.cencol.ca /lartyukh lillyMenu.jpg
2013.09.12 03:37 B F:\111semester 3\advanced web design\website\lillyMenuAct.jpg --> studentweb.cencol.ca /lartyukh lillyMenuAct.jpg
2013.09.12 03:37 B F:\111semester 3\advanced web design\website\lillyMenuAct1.jpg --> studentweb.cencol.ca /lartyukh lillyMenuAct1.jpg
2013.09.12 03:37 B F:\111semester 3\advanced web design\website\lillyMenuCut.jpg --> studentweb.cencol.ca /lartyukh lillyMenuCut.jpg
2013.09.12 03:37 B F:\111semester 3\advanced web design\website\lillyMenuNorm.jpg --> studentweb.cencol.ca /lartyukh lillyMenuNorm.jpg
2013.09.12 03:37 B F:\111semester 3\advanced web design\website\lily.jpg --> studentweb.cencol.ca /lartyukh lily.jpg
2013.09.12 03:37 B F:\111semester 3\advanced web design\website\lily1.jpg --> studentweb.cencol.ca /lartyukh lily1.jpg
2013.09.12 03:37 B F:\111semester 3\advanced web design\website\mainStylesheet.css --> studentweb.cencol.ca /lartyukh mainStylesheet.css
2013.09.12 03:37 B F:\111semester 3\advanced web design\website\siteMap.html --> studentweb.cencol.ca /lartyukh siteMap.html
2013.09.12 03:37 B F:\111semester 3\advanced web design\website\webDesign1.html --> studentweb.cencol.ca /lartyukh webDesign1.html
2013.09.12 03:37 B F:\111semester 3\advanced web design\website\webDesign2.html --> studentweb.cencol.ca /lartyukh webDesign2.html
2013.09.12 03:37 B F:\111semester 3\advanced web design\website\WS_FTP.LOG --> studentweb.cencol.ca /lartyukh WS_FTP.LOG
2013.09.12 03:41 B F:\111semester 3\advanced web design\website\lily.jpg --> studentweb.cencol.ca /lartyukh lily.jpg
2013.09.12 22:32 B F:\111semester 3\advanced web design\website\backMain.jpg --> studentweb.cencol.ca /lartyukh backMain.jpg
2013.09.12 22:32 B F:\111semester 3\advanced web design\website\contact.jpg --> studentweb.cencol.ca /lartyukh contact.jpg
2013.09.12 22:32 B F:\111semester 3\advanced web design\website\contact1.jpg --> studentweb.cencol.ca /lartyukh contact1.jpg
2013.09.12 22:32 B F:\111semester 3\advanced web design\website\credits.html --> studentweb.cencol.ca /lartyukh credits.html
2013.09.12 22:32 B F:\111semester 3\advanced web design\website\envelope.jpg --> studentweb.cencol.ca /lartyukh envelope.jpg
2013.09.12 22:32 B F:\111semester 3\advanced web design\website\grad.jpg --> studentweb.cencol.ca /lartyukh grad.jpg
2013.09.12 22:32 B F:\111semester 3\advanced web design\website\index.html --> studentweb.cencol.ca /lartyukh index.html
2013.09.12 22:32 B F:\111semester 3\advanced web design\website\lillyMenu.jpg --> studentweb.cencol.ca /lartyukh lillyMenu.jpg
2013.09.12 22:32 B F:\111semester 3\advanced web design\website\lillyMenuAct.jpg --> studentweb.cencol.ca /lartyukh lillyMenuAct.jpg
2013.09.12 22:32 B F:\111semester 3\advanced web design\website\lillyMenuAct1.jpg --> studentweb.cencol.ca /lartyukh lillyMenuAct1.jpg
2013.09.12 22:32 B F:\111semester 3\advanced web design\website\lillyMenuCut.jpg --> studentweb.cencol.ca /lartyukh lillyMenuCut.jpg
2013.09.12 22:32 B F:\111semester 3\advanced web design\website\lillyMenuNorm.jpg --> studentweb.cencol.ca /lartyukh lillyMenuNorm.jpg
2013.09.12 22:32 B F:\111semester 3\advanced web design\website\lily.jpg --> studentweb.cencol.ca /lartyukh lily.jpg
2013.09.12 22:32 B F:\111semester 3\advanced web design\website\lily1.jpg --> studentweb.cencol.ca /lartyukh lily1.jpg
2013.09.12 22:32 B F:\111semester 3\advanced web design\website\mainStylesheet.css --> studentweb.cencol.ca /lartyukh mainStylesheet.css
2013.09.12 22:32 B F:\111semester 3\advanced web design\website\siteMap.html --> studentweb.cencol.ca /lartyukh siteMap.html
2013.09.12 22:32 B F:\111semester 3\advanced web design\website\webDesign1.html --> studentweb.cencol.ca /lartyukh webDesign1.html
2013.09.12 22:32 B F:\111semester 3\advanced web design\website\webDesign2.html --> studentweb.cencol.ca /lartyukh webDesign2.html
2013.09.12 22:36 B F:\111semester 3\advanced web design\website\backMain.jpg --> studentweb.cencol.ca /lartyukh/webDesign1 backMain.jpg
2013.09.12 22:36 B F:\111semester 3\advanced web design\website\contact.jpg --> studentweb.cencol.ca /lartyukh/webDesign1 contact.jpg
2013.09.12 22:36 B F:\111semester 3\advanced web design\website\contact1.jpg --> studentweb.cencol.ca /lartyukh/webDesign1 contact1.jpg
2013.09.12 22:36 B F:\111semester 3\advanced web design\website\credits.html --> studentweb.cencol.ca /lartyukh/webDesign1 credits.html
2013.09.12 22:36 B F:\111semester 3\advanced web design\website\envelope.jpg --> studentweb.cencol.ca /lartyukh/webDesign1 envelope.jpg
2013.09.12 22:36 B F:\111semester 3\advanced web design\website\grad.jpg --> studentweb.cencol.ca /lartyukh/webDesign1 grad.jpg
2013.09.12 22:36 B F:\111semester 3\advanced web design\website\index.html --> studentweb.cencol.ca /lartyukh/webDesign1 index.html
2013.09.12 22:37 B F:\111semester 3\advanced web design\website\lillyMenu.jpg --> studentweb.cencol.ca /lartyukh/webDesign1 lillyMenu.jpg
2013.09.12 22:37 B F:\111semester 3\advanced web design\website\lillyMenuAct.jpg --> studentweb.cencol.ca /lartyukh/webDesign1 lillyMenuAct.jpg
2013.09.12 22:37 B F:\111semester 3\advanced web design\website\lillyMenuAct1.jpg --> studentweb.cencol.ca /lartyukh/webDesign1 lillyMenuAct1.jpg
2013.09.12 22:37 B F:\111semester 3\advanced web design\website\lillyMenuCut.jpg --> studentweb.cencol.ca /lartyukh/webDesign1 lillyMenuCut.jpg
2013.09.12 22:37 B F:\111semester 3\advanced web design\website\lillyMenuNorm.jpg --> studentweb.cencol.ca /lartyukh/webDesign1 lillyMenuNorm.jpg
2013.09.12 22:37 B F:\111semester 3\advanced web design\website\lily.jpg --> studentweb.cencol.ca /lartyukh/webDesign1 lily.jpg
2013.09.12 22:37 B F:\111semester 3\advanced web design\website\lily1.jpg --> studentweb.cencol.ca /lartyukh/webDesign1 lily1.jpg
2013.09.12 22:37 B F:\111semester 3\advanced web design\website\mainStylesheet.css --> studentweb.cencol.ca /lartyukh/webDesign1 mainStylesheet.css
2013.09.12 22:37 B F:\111semester 3\advanced web design\website\siteMap.html --> studentweb.cencol.ca /lartyukh/webDesign1 siteMap.html
2013.09.12 22:37 B F:\111semester 3\advanced web design\website\webDesign1.html --> studentweb.cencol.ca /lartyukh/webDesign1 webDesign1.html
2013.09.12 22:37 B F:\111semester 3\advanced web design\website\webDesign2.html --> studentweb.cencol.ca /lartyukh/webDesign1 webDesign2.html
2013.09.12 22:38 B F:\111semester 3\advanced web design\website\backMain.jpg --> studentweb.cencol.ca /lartyukh backMain.jpg
2013.09.12 22:38 B F:\111semester 3\advanced web design\website\contact.jpg --> studentweb.cencol.ca /lartyukh contact.jpg
2013.09.12 22:38 B F:\111semester 3\advanced web design\website\contact1.jpg --> studentweb.cencol.ca /lartyukh contact1.jpg
2013.09.12 22:38 B F:\111semester 3\advanced web design\website\credits.html --> studentweb.cencol.ca /lartyukh credits.html
2013.09.12 22:38 B F:\111semester 3\advanced web design\website\envelope.jpg --> studentweb.cencol.ca /lartyukh envelope.jpg
2013.09.12 22:38 B F:\111semester 3\advanced web design\website\grad.jpg --> studentweb.cencol.ca /lartyukh grad.jpg
2013.09.12 22:38 B F:\111semester 3\advanced web design\website\index.html --> studentweb.cencol.ca /lartyukh index.html
2013.09.12 22:38 B F:\111semester 3\advanced web design\website\lillyMenu.jpg --> studentweb.cencol.ca /lartyukh lillyMenu.jpg
2013.09.12 22:38 B F:\111semester 3\advanced web design\website\lillyMenuAct.jpg --> studentweb.cencol.ca /lartyukh lillyMenuAct.jpg
2013.09.12 22:38 B F:\111semester 3\advanced web design\website\lillyMenuAct1.jpg --> studentweb.cencol.ca /lartyukh lillyMenuAct1.jpg
2013.09.12 22:38 B F:\111semester 3\advanced web design\website\lillyMenuCut.jpg --> studentweb.cencol.ca /lartyukh lillyMenuCut.jpg
2013.09.12 22:38 B F:\111semester 3\advanced web design\website\lillyMenuNorm.jpg --> studentweb.cencol.ca /lartyukh lillyMenuNorm.jpg
2013.09.12 22:38 B F:\111semester 3\advanced web design\website\lily.jpg --> studentweb.cencol.ca /lartyukh lily.jpg
2013.09.12 22:38 B F:\111semester 3\advanced web design\website\lily1.jpg --> studentweb.cencol.ca /lartyukh lily1.jpg
2013.09.12 22:38 B F:\111semester 3\advanced web design\website\mainStylesheet.css --> studentweb.cencol.ca /lartyukh mainStylesheet.css
2013.09.12 22:38 B F:\111semester 3\advanced web design\website\siteMap.html --> studentweb.cencol.ca /lartyukh siteMap.html
2013.09.12 22:38 B F:\111semester 3\advanced web design\website\webDesign1.html --> studentweb.cencol.ca /lartyukh webDesign1.html
2013.09.12 22:38 B F:\111semester 3\advanced web design\website\webDesign2.html --> studentweb.cencol.ca /lartyukh webDesign2.html
2013.09.12 22:39 B F:\111semester 3\advanced web design\website\index.html --> studentweb.cencol.ca /lartyukh index.html
2013.09.12 22:39 B F:\111semester 3\advanced web design\website\mainStylesheet.css --> studentweb.cencol.ca /lartyukh mainStylesheet.css
2013.09.12 22:39 B F:\111semester 3\advanced web design\website\siteMap.html --> studentweb.cencol.ca /lartyukh siteMap.html
2013.09.12 22:39 B F:\111semester 3\advanced web design\website\webDesign1.html --> studentweb.cencol.ca /lartyukh webDesign1.html
2013.09.12 22:39 B F:\111semester 3\advanced web design\website\webDesign2.html --> studentweb.cencol.ca /lartyukh webDesign2.html
2013.09.12 22:40 B F:\111semester 3\advanced web design\website\webDesign1.html --> studentweb.cencol.ca /lartyukh webDesign1.html
2013.09.12 22:40 B F:\111semester 3\advanced web design\website\webDesign2.html --> studentweb.cencol.ca /lartyukh webDesign2.html
2013.09.12 22:41 B F:\111semester 3\advanced web design\website\webDesign1.html --> studentweb.cencol.ca /lartyukh webDesign1.html
2013.09.12 22:41 B F:\111semester 3\advanced web design\website\webDesign1.html --> studentweb.cencol.ca /lartyukh webDesign1.html
2013.09.12 22:42 B F:\111semester 3\advanced web design\website\index.html --> studentweb.cencol.ca /lartyukh index.html
2013.09.13 11:55 B E:\111semester 3\advanced web design\website\backMain.jpg --> studentweb.cencol.ca /lartyukh backMain.jpg
2013.09.13 11:55 B E:\111semester 3\advanced web design\website\contact.jpg --> studentweb.cencol.ca /lartyukh contact.jpg
2013.09.13 11:55 B E:\111semester 3\advanced web design\website\contact1.jpg --> studentweb.cencol.ca /lartyukh contact1.jpg
2013.09.13 11:55 B E:\111semester 3\advanced web design\website\credits.html --> studentweb.cencol.ca /lartyukh credits.html
2013.09.13 11:55 B E:\111semester 3\advanced web design\website\envelope.jpg --> studentweb.cencol.ca /lartyukh envelope.jpg
2013.09.13 11:55 B E:\111semester 3\advanced web design\website\grad.jpg --> studentweb.cencol.ca /lartyukh grad.jpg
2013.09.13 11:55 B E:\111semester 3\advanced web design\website\index.html --> studentweb.cencol.ca /lartyukh index.html
2013.09.13 11:55 B E:\111semester 3\advanced web design\website\lillyMenu.jpg --> studentweb.cencol.ca /lartyukh lillyMenu.jpg
2013.09.13 11:55 B E:\111semester 3\advanced web design\website\lillyMenuAct.jpg --> studentweb.cencol.ca /lartyukh lillyMenuAct.jpg
2013.09.13 11:55 B E:\111semester 3\advanced web design\website\lillyMenuAct1.jpg --> studentweb.cencol.ca /lartyukh lillyMenuAct1.jpg
2013.09.13 11:55 B E:\111semester 3\advanced web design\website\lillyMenuCut.jpg --> studentweb.cencol.ca /lartyukh lillyMenuCut.jpg
2013.09.13 11:55 B E:\111semester 3\advanced web design\website\lillyMenuNorm.jpg --> studentweb.cencol.ca /lartyukh lillyMenuNorm.jpg
2013.09.13 11:55 B E:\111semester 3\advanced web design\website\lily.jpg --> studentweb.cencol.ca /lartyukh lily.jpg
2013.09.13 11:55 B E:\111semester 3\advanced web design\website\lily1.jpg --> studentweb.cencol.ca /lartyukh lily1.jpg
2013.09.13 11:55 B E:\111semester 3\advanced web design\website\mainStylesheet.css --> studentweb.cencol.ca /lartyukh mainStylesheet.css
2013.09.13 11:55 B E:\111semester 3\advanced web design\website\useful.html --> studentweb.cencol.ca /lartyukh useful.html
2013.09.13 11:55 B E:\111semester 3\advanced web design\website\webDesign1.html --> studentweb.cencol.ca /lartyukh webDesign1.html
2013.09.13 11:55 B E:\111semester 3\advanced web design\website\webDesign2.html --> studentweb.cencol.ca /lartyukh webDesign2.html
2013.09.15 20:16 B F:\111semester 3\advanced web design\website\backMain.jpg --> studentweb.cencol.ca /lartyukh backMain.jpg
2013.09.15 20:16 B F:\111semester 3\advanced web design\website\contact.jpg --> studentweb.cencol.ca /lartyukh contact.jpg
2013.09.15 20:16 B F:\111semester 3\advanced web design\website\contact1.jpg --> studentweb.cencol.ca /lartyukh contact1.jpg
2013.09.15 20:16 B F:\111semester 3\advanced web design\website\credits.html --> studentweb.cencol.ca /lartyukh credits.html
2013.09.15 20:16 B F:\111semester 3\advanced web design\website\envelope.jpg --> studentweb.cencol.ca /lartyukh envelope.jpg
2013.09.15 20:16 B F:\111semester 3\advanced web design\website\grad.jpg --> studentweb.cencol.ca /lartyukh grad.jpg
2013.09.15 20:16 B F:\111semester 3\advanced web design\website\index.html --> studentweb.cencol.ca /lartyukh index.html
2013.09.15 20:16 B F:\111semester 3\advanced web design\website\lillyMenu.jpg --> studentweb.cencol.ca /lartyukh lillyMenu.jpg
2013.09.15 20:16 B F:\111semester 3\advanced web design\website\lillyMenuAct.jpg --> studentweb.cencol.ca /lartyukh lillyMenuAct.jpg
2013.09.15 20:16 B F:\111semester 3\advanced web design\website\lillyMenuAct1.jpg --> studentweb.cencol.ca /lartyukh lillyMenuAct1.jpg
2013.09.15 20:16 B F:\111semester 3\advanced web design\website\lillyMenuCut.jpg --> studentweb.cencol.ca /lartyukh lillyMenuCut.jpg
2013.09.15 20:16 B F:\111semester 3\advanced web design\website\lillyMenuNorm.jpg --> studentweb.cencol.ca /lartyukh lillyMenuNorm.jpg
2013.09.15 20:16 B F:\111semester 3\advanced web design\website\lily.jpg --> studentweb.cencol.ca /lartyukh lily.jpg
2013.09.15 20:16 B F:\111semester 3\advanced web design\website\lily1.jpg --> studentweb.cencol.ca /lartyukh lily1.jpg
2013.09.15 20:16 B F:\111semester 3\advanced web design\website\mainStylesheet.css --> studentweb.cencol.ca /lartyukh mainStylesheet.css
2013.09.15 20:16 B F:\111semester 3\advanced web design\website\useful.html --> studentweb.cencol.ca /lartyukh useful.html
2013.09.15 20:16 B F:\111semester 3\advanced web design\website\webDesign1.html --> studentweb.cencol.ca /lartyukh webDesign1.html
2013.09.15 20:16 B F:\111semester 3\advanced web design\website\webDesign2.html --> studentweb.cencol.ca /lartyukh webDesign2.html
2013.09.20 21:20 B F:\111semester 3\advanced web design\website\backMain.jpg --> studentweb.cencol.ca /lartyukh backMain.jpg
2013.09.20 21:20 B F:\111semester 3\advanced web design\website\briefcase.jpg --> studentweb.cencol.ca /lartyukh briefcase.jpg
2013.09.20 21:20 B F:\111semester 3\advanced web design\website\contact.jpg --> studentweb.cencol.ca /lartyukh contact.jpg
2013.09.20 21:20 B F:\111semester 3\advanced web design\website\contact1.jpg --> studentweb.cencol.ca /lartyukh contact1.jpg
2013.09.20 21:20 B F:\111semester 3\advanced web design\website\credits.html --> studentweb.cencol.ca /lartyukh credits.html
2013.09.20 21:20 B F:\111semester 3\advanced web design\website\envelope.jpg --> studentweb.cencol.ca /lartyukh envelope.jpg
2013.09.20 21:20 B F:\111semester 3\advanced web design\website\grad.jpg --> studentweb.cencol.ca /lartyukh grad.jpg
2013.09.20 21:20 B F:\111semester 3\advanced web design\website\index.html --> studentweb.cencol.ca /lartyukh index.html
2013.09.20 21:20 B F:\111semester 3\advanced web design\website\lillyMenu.jpg --> studentweb.cencol.ca /lartyukh lillyMenu.jpg
2013.09.20 21:20 B F:\111semester 3\advanced web design\website\lillyMenuAct.jpg --> studentweb.cencol.ca /lartyukh lillyMenuAct.jpg
2013.09.20 21:20 B F:\111semester 3\advanced web design\website\lillyMenuAct1.jpg --> studentweb.cencol.ca /lartyukh lillyMenuAct1.jpg
2013.09.20 21:20 B F:\111semester 3\advanced web design\website\lillyMenuCut.jpg --> studentweb.cencol.ca /lartyukh lillyMenuCut.jpg
2013.09.20 21:20 B F:\111semester 3\advanced web design\website\lillyMenuNorm.jpg --> studentweb.cencol.ca /lartyukh lillyMenuNorm.jpg
2013.09.20 21:20 B F:\111semester 3\advanced web design\website\lily.jpg --> studentweb.cencol.ca /lartyukh lily.jpg
2013.09.20 21:20 B F:\111semester 3\advanced web design\website\lily1.jpg --> studentweb.cencol.ca /lartyukh lily1.jpg
2013.09.20 21:20 B F:\111semester 3\advanced web design\website\mainStylesheet.css --> studentweb.cencol.ca /lartyukh mainStylesheet.css
2013.09.20 21:20 B F:\111semester 3\advanced web design\website\portfolio.png --> studentweb.cencol.ca /lartyukh portfolio.png
2013.09.20 21:20 B F:\111semester 3\advanced web design\website\sitemap.html --> studentweb.cencol.ca /lartyukh sitemap.html
2013.09.20 21:20 B F:\111semester 3\advanced web design\website\webDesign1.html --> studentweb.cencol.ca /lartyukh webDesign1.html
2013.09.20 21:20 B F:\111semester 3\advanced web design\website\webDesign2.html --> studentweb.cencol.ca /lartyukh webDesign2.html
2013.09.20 21:23 B F:\111semester 3\advanced web design\website\webDesign2.html --> studentweb.cencol.ca /lartyukh webDesign2.html
2013.09.23 13:51 B F:\111semester 3\advanced web design\website\backMain.jpg --> studentweb.cencol.ca /lartyukh backMain.jpg
2013.09.23 13:51 B F:\111semester 3\advanced web design\website\briefcase.jpg --> studentweb.cencol.ca /lartyukh briefcase.jpg
2013.09.23 13:51 B F:\111semester 3\advanced web design\website\contact.jpg --> studentweb.cencol.ca /lartyukh contact.jpg
2013.09.23 13:51 B F:\111semester 3\advanced web design\website\contact1.jpg --> studentweb.cencol.ca /lartyukh contact1.jpg
2013.09.23 13:51 B F:\111semester 3\advanced web design\website\credits.html --> studentweb.cencol.ca /lartyukh credits.html
2013.09.23 13:51 B F:\111semester 3\advanced web design\website\envelope.jpg --> studentweb.cencol.ca /lartyukh envelope.jpg
2013.09.23 13:51 B F:\111semester 3\advanced web design\website\grad.jpg --> studentweb.cencol.ca /lartyukh grad.jpg
2013.09.23 13:51 B F:\111semester 3\advanced web design\website\index.html --> studentweb.cencol.ca /lartyukh index.html
2013.09.23 13:51 B F:\111semester 3\advanced web design\website\lillyMenu.jpg --> studentweb.cencol.ca /lartyukh lillyMenu.jpg
2013.09.23 13:51 B F:\111semester 3\advanced web design\website\lillyMenuAct.jpg --> studentweb.cencol.ca /lartyukh lillyMenuAct.jpg
2013.09.23 13:51 B F:\111semester 3\advanced web design\website\lillyMenuAct1.jpg --> studentweb.cencol.ca /lartyukh lillyMenuAct1.jpg
2013.09.23 13:51 B F:\111semester 3\advanced web design\website\lillyMenuCut.jpg --> studentweb.cencol.ca /lartyukh lillyMenuCut.jpg
2013.09.23 13:51 B F:\111semester 3\advanced web design\website\lillyMenuNorm.jpg --> studentweb.cencol.ca /lartyukh lillyMenuNorm.jpg
2013.09.23 13:51 B F:\111semester 3\advanced web design\website\lily.jpg --> studentweb.cencol.ca /lartyukh lily.jpg
2013.09.23 13:51 B F:\111semester 3\advanced web design\website\lily1.jpg --> studentweb.cencol.ca /lartyukh lily1.jpg
2013.09.23 13:51 B F:\111semester 3\advanced web design\website\mainStylesheet.css --> studentweb.cencol.ca /lartyukh mainStylesheet.css
2013.09.23 13:51 B F:\111semester 3\advanced web design\website\portfolio.png --> studentweb.cencol.ca /lartyukh portfolio.png
2013.09.23 13:51 B F:\111semester 3\advanced web design\website\sitemap.html --> studentweb.cencol.ca /lartyukh sitemap.html
2013.09.23 13:51 B F:\111semester 3\advanced web design\website\webDesign1.html --> studentweb.cencol.ca /lartyukh webDesign1.html
2013.09.23 13:51 B F:\111semester 3\advanced web design\website\webDesign2.html --> studentweb.cencol.ca /lartyukh webDesign2.html
2013.09.24 10:20 B F:\111semester 3\advanced web design\website\backMain.jpg --> studentweb.cencol.ca /lartyukh backMain.jpg
2013.09.24 10:20 B F:\111semester 3\advanced web design\website\briefcase.jpg --> studentweb.cencol.ca /lartyukh briefcase.jpg
2013.09.24 10:20 B F:\111semester 3\advanced web design\website\contact.jpg --> studentweb.cencol.ca /lartyukh contact.jpg
2013.09.24 10:20 B F:\111semester 3\advanced web design\website\contact1.jpg --> studentweb.cencol.ca /lartyukh contact1.jpg
2013.09.24 10:20 B F:\111semester 3\advanced web design\website\credits.html --> studentweb.cencol.ca /lartyukh credits.html
2013.09.24 10:20 B F:\111semester 3\advanced web design\website\envelope.jpg --> studentweb.cencol.ca /lartyukh envelope.jpg
2013.09.24 10:20 B F:\111semester 3\advanced web design\website\grad.jpg --> studentweb.cencol.ca /lartyukh grad.jpg
2013.09.24 10:20 B F:\111semester 3\advanced web design\website\index.html --> studentweb.cencol.ca /lartyukh index.html
2013.09.24 10:20 B F:\111semester 3\advanced web design\website\lillyMenu.jpg --> studentweb.cencol.ca /lartyukh lillyMenu.jpg
2013.09.24 10:20 B F:\111semester 3\advanced web design\website\lillyMenuAct.jpg --> studentweb.cencol.ca /lartyukh lillyMenuAct.jpg
2013.09.24 10:20 B F:\111semester 3\advanced web design\website\lillyMenuAct1.jpg --> studentweb.cencol.ca /lartyukh lillyMenuAct1.jpg
2013.09.24 10:20 B F:\111semester 3\advanced web design\website\lillyMenuCut.jpg --> studentweb.cencol.ca /lartyukh lillyMenuCut.jpg
2013.09.24 10:20 B F:\111semester 3\advanced web design\website\lillyMenuNorm.jpg --> studentweb.cencol.ca /lartyukh lillyMenuNorm.jpg
2013.09.24 10:20 B F:\111semester 3\advanced web design\website\lily.jpg --> studentweb.cencol.ca /lartyukh lily.jpg
2013.09.24 10:20 B F:\111semester 3\advanced web design\website\lily1.jpg --> studentweb.cencol.ca /lartyukh lily1.jpg
2013.09.24 10:20 B F:\111semester 3\advanced web design\website\mainStylesheet.css --> studentweb.cencol.ca /lartyukh mainStylesheet.css
2013.09.24 10:20 B F:\111semester 3\advanced web design\website\portfolio.png --> studentweb.cencol.ca /lartyukh portfolio.png
2013.09.24 10:20 B F:\111semester 3\advanced web design\website\sitemap.html --> studentweb.cencol.ca /lartyukh sitemap.html
2013.09.24 10:20 B F:\111semester 3\advanced web design\website\webDesign1.html --> studentweb.cencol.ca /lartyukh webDesign1.html
2013.09.24 10:20 B F:\111semester 3\advanced web design\website\webDesign2.html --> studentweb.cencol.ca /lartyukh webDesign2.html
2013.10.05 11:27 B F:\111semester 3\advanced web design\website\backMain.jpg --> studentweb.cencol.ca /lartyukh backMain.jpg
2013.10.05 11:27 B F:\111semester 3\advanced web design\website\briefcase.jpg --> studentweb.cencol.ca /lartyukh briefcase.jpg
2013.10.05 11:27 B F:\111semester 3\advanced web design\website\contact.jpg --> studentweb.cencol.ca /lartyukh contact.jpg
2013.10.05 11:27 B F:\111semester 3\advanced web design\website\contact1.jpg --> studentweb.cencol.ca /lartyukh contact1.jpg
2013.10.05 11:27 B F:\111semester 3\advanced web design\website\credits.html --> studentweb.cencol.ca /lartyukh credits.html
2013.10.05 11:27 B F:\111semester 3\advanced web design\website\envelope.jpg --> studentweb.cencol.ca /lartyukh envelope.jpg
2013.10.05 11:27 B F:\111semester 3\advanced web design\website\grad.jpg --> studentweb.cencol.ca /lartyukh grad.jpg
2013.10.05 11:27 B F:\111semester 3\advanced web design\website\index.html --> studentweb.cencol.ca /lartyukh index.html
2013.10.05 11:27 B F:\111semester 3\advanced web design\website\lillyMenu.jpg --> studentweb.cencol.ca /lartyukh lillyMenu.jpg
2013.10.05 11:27 B F:\111semester 3\advanced web design\website\lillyMenuAct.jpg --> studentweb.cencol.ca /lartyukh lillyMenuAct.jpg
2013.10.05 11:27 B F:\111semester 3\advanced web design\website\lillyMenuAct1.jpg --> studentweb.cencol.ca /lartyukh lillyMenuAct1.jpg
2013.10.05 11:27 B F:\111semester 3\advanced web design\website\lillyMenuCut.jpg --> studentweb.cencol.ca /lartyukh lillyMenuCut.jpg
2013.10.05 11:27 B F:\111semester 3\advanced web design\website\lillyMenuNorm.jpg --> studentweb.cencol.ca /lartyukh lillyMenuNorm.jpg
2013.10.05 11:27 B F:\111semester 3\advanced web design\website\lily.jpg --> studentweb.cencol.ca /lartyukh lily.jpg
2013.10.05 11:27 B F:\111semester 3\advanced web design\website\lily1.jpg --> studentweb.cencol.ca /lartyukh lily1.jpg
2013.10.05 11:27 B F:\111semester 3\advanced web design\website\mainStylesheet.css --> studentweb.cencol.ca /lartyukh mainStylesheet.css
2013.10.05 11:27 B F:\111semester 3\advanced web design\website\portfolio.png --> studentweb.cencol.ca /lartyukh portfolio.png
2013.10.05 11:27 B F:\111semester 3\advanced web design\website\sitemap.html --> studentweb.cencol.ca /lartyukh sitemap.html
2013.10.05 11:27 B F:\111semester 3\advanced web design\website\webDesign1.html --> studentweb.cencol.ca /lartyukh webDesign1.html
2013.10.05 11:27 B F:\111semester 3\advanced web design\website\webDesign2.html --> studentweb.cencol.ca /lartyukh webDesign2.html
2013.10.16 10:26 B E:\111semester 3\advanced web design\website\webDesign2.html --> studentweb.cencol.ca /lartyukh webDesign2.html
2013.10.19 19:05 B F:\111semester 3\advanced web design\website\sitemap.html --> studentweb.cencol.ca /lartyukh sitemap.html
2013.10.19 19:07 B F:\111semester 3\advanced web design\website\sitemap.html --> studentweb.cencol.ca /lartyukh sitemap.html
2013.10.19 19:24 B F:\111semester 3\advanced web design\website\sitemap.html --> studentweb.cencol.ca /lartyukh sitemap.html
2013.10.19 19:24 B F:\111semester 3\advanced web design\website\mainStylesheet.css --> studentweb.cencol.ca /lartyukh mainStylesheet.css
2013.10.19 19:24 B F:\111semester 3\advanced web design\website\credits.html --> studentweb.cencol.ca /lartyukh credits.html
2013.11.12 13:02 B E:\111semester 3\advanced web design\website\backMain.jpg --> studentweb.cencol.ca /lartyukh backMain.jpg
2013.11.12 13:02 B E:\111semester 3\advanced web design\website\briefcase.jpg --> studentweb.cencol.ca /lartyukh briefcase.jpg
2013.11.12 13:02 B E:\111semester 3\advanced web design\website\briefcase1.jpg --> studentweb.cencol.ca /lartyukh briefcase1.jpg
2013.11.12 13:02 B E:\111semester 3\advanced web design\website\contact.jpg --> studentweb.cencol.ca /lartyukh contact.jpg
2013.11.12 13:02 B E:\111semester 3\advanced web design\website\contact1.jpg --> studentweb.cencol.ca /lartyukh contact1.jpg
2013.11.12 13:02 B E:\111semester 3\advanced web design\website\credits.html --> studentweb.cencol.ca /lartyukh credits.html
2013.11.12 13:02 B E:\111semester 3\advanced web design\website\envelope.jpg --> studentweb.cencol.ca /lartyukh envelope.jpg
2013.11.12 13:02 B E:\111semester 3\advanced web design\website\grad.jpg --> studentweb.cencol.ca /lartyukh grad.jpg
2013.11.12 13:02 B E:\111semester 3\advanced web design\website\index.html --> studentweb.cencol.ca /lartyukh index.html
2013.11.12 13:02 B E:\111semester 3\advanced web design\website\lillyMenu.jpg --> studentweb.cencol.ca /lartyukh lillyMenu.jpg
2013.11.12 13:02 B E:\111semester 3\advanced web design\website\lillyMenuAct.jpg --> studentweb.cencol.ca /lartyukh lillyMenuAct.jpg
2013.11.12 13:02 B E:\111semester 3\advanced web design\website\lillyMenuAct1.jpg --> studentweb.cencol.ca /lartyukh lillyMenuAct1.jpg
2013.11.12 13:02 B E:\111semester 3\advanced web design\website\lillyMenuCut.jpg --> studentweb.cencol.ca /lartyukh lillyMenuCut.jpg
2013.11.12 13:02 B E:\111semester 3\advanced web design\website\lillyMenuNorm.jpg --> studentweb.cencol.ca /lartyukh lillyMenuNorm.jpg
2013.11.12 13:02 B E:\111semester 3\advanced web design\website\lily.jpg --> studentweb.cencol.ca /lartyukh lily.jpg
2013.11.12 13:02 B E:\111semester 3\advanced web design\website\lily1.jpg --> studentweb.cencol.ca /lartyukh lily1.jpg
2013.11.12 13:02 B E:\111semester 3\advanced web design\website\mainStylesheet.css --> studentweb.cencol.ca /lartyukh mainStylesheet.css
2013.11.12 13:02 B E:\111semester 3\advanced web design\website\portfolio.png --> studentweb.cencol.ca /lartyukh portfolio.png
2013.11.12 13:02 B E:\111semester 3\advanced web design\website\sitemap.html --> studentweb.cencol.ca /lartyukh sitemap.html
2013.11.12 13:02 B E:\111semester 3\advanced web design\website\webDesign1.html --> studentweb.cencol.ca /lartyukh webDesign1.html
2013.11.12 13:02 B E:\111semester 3\advanced web design\website\webDesign2.html --> studentweb.cencol.ca /lartyukh webDesign2.html
2013.12.04 10:14 B E:\111semester 3\advanced web design\website\webDesign2.html --> studentweb.cencol.ca /lartyukh webDesign2.html
2013.12.04 10:26 B E:\111semester 3\advanced web design\website\webDesign2.html --> studentweb.cencol.ca /lartyukh webDesign2.html
