2013.09.20 21:20 B F:\111semester 3\advanced web design\website\webDesign2\storage solutions\$(KGrHqN,!ncFBZ0+euhNBR)gbUhCww~~60_35.JPG --> studentweb.cencol.ca /lartyukh/webDesign2/storage solutions $(KGrHqN,!ncFBZ0+euhNBR)gbUhCww~~60_35.JPG
2013.09.20 21:20 B F:\111semester 3\advanced web design\website\webDesign2\storage solutions\14364- Dynatec- Expand-A-Shelf Reg- White- 1703- D.jpg --> studentweb.cencol.ca /lartyukh/webDesign2/storage solutions 14364- Dynatec- Expand-A-Shelf Reg- White- 1703- D.jpg
2013.09.20 21:20 B F:\111semester 3\advanced web design\website\webDesign2\storage solutions\14770- Better housewares - Shelf Expander MED 9x20x5- White- 186-2- D.jpg --> studentweb.cencol.ca /lartyukh/webDesign2/storage solutions 14770- Better housewares - Shelf Expander MED 9x20x5- White- 186-2- D.jpg
2013.09.20 21:20 B F:\111semester 3\advanced web design\website\webDesign2\storage solutions\14778_1000x1000.jpg --> studentweb.cencol.ca /lartyukh/webDesign2/storage solutions 14778_1000x1000.jpg
2013.09.20 21:20 B F:\111semester 3\advanced web design\website\webDesign2\storage solutions\35445.jpg --> studentweb.cencol.ca /lartyukh/webDesign2/storage solutions 35445.jpg
2013.09.20 21:20 B F:\111semester 3\advanced web design\website\webDesign2\storage solutions\38015_detail.jpg --> studentweb.cencol.ca /lartyukh/webDesign2/storage solutions 38015_detail.jpg
2013.09.20 21:20 B F:\111semester 3\advanced web design\website\webDesign2\storage solutions\41264_detail.jpg --> studentweb.cencol.ca /lartyukh/webDesign2/storage solutions 41264_detail.jpg
2013.09.20 21:20 B F:\111semester 3\advanced web design\website\webDesign2\storage solutions\41566_detail.jpg --> studentweb.cencol.ca /lartyukh/webDesign2/storage solutions 41566_detail.jpg
2013.09.20 21:20 B F:\111semester 3\advanced web design\website\webDesign2\storage solutions\42105_1000x1000.jpg --> studentweb.cencol.ca /lartyukh/webDesign2/storage solutions 42105_1000x1000.jpg
2013.09.23 13:09 B F:\111semester 3\advanced web design\website\webDesign2\storage solutions\WS_FTP.LOG --> studentweb.cencol.ca /lartyukh/webDesign2/storage solutions WS_FTP.LOG
2013.09.23 13:51 B F:\111semester 3\advanced web design\website\webDesign2\storage solutions\WS_FTP.LOG --> studentweb.cencol.ca /lartyukh/webDesign2/storage solutions WS_FTP.LOG
2013.09.24 10:20 B F:\111semester 3\advanced web design\website\webDesign2\storage solutions\WS_FTP.LOG --> studentweb.cencol.ca /lartyukh/webDesign2/storage solutions WS_FTP.LOG
2013.10.01 11:03 B E:\111semester 3\advanced web design\website\webDesign2\storage solutions\WS_FTP.LOG --> studentweb.cencol.ca /lartyukh/webDesign2/storage solutions WS_FTP.LOG
2013.10.01 11:09 B E:\111semester 3\advanced web design\website\webDesign2\storage solutions\WS_FTP.LOG --> studentweb.cencol.ca /lartyukh/webDesign2/storage solutions WS_FTP.LOG
2013.10.05 11:27 B F:\111semester 3\advanced web design\website\webDesign2\storage solutions\WS_FTP.LOG --> studentweb.cencol.ca /lartyukh/webDesign2/storage solutions WS_FTP.LOG
2013.11.12 13:02 B E:\111semester 3\advanced web design\website\webDesign2\storage solutions\$(KGrHqN,!ncFBZ0+euhNBR)gbUhCww~~60_35.JPG --> studentweb.cencol.ca /lartyukh/webDesign2/storage solutions $(KGrHqN,!ncFBZ0+euhNBR)gbUhCww~~60_35.JPG
2013.11.12 13:02 B E:\111semester 3\advanced web design\website\webDesign2\storage solutions\14364- Dynatec- Expand-A-Shelf Reg- White- 1703- D.jpg --> studentweb.cencol.ca /lartyukh/webDesign2/storage solutions 14364- Dynatec- Expand-A-Shelf Reg- White- 1703- D.jpg
2013.11.12 13:02 B E:\111semester 3\advanced web design\website\webDesign2\storage solutions\14770- Better housewares - Shelf Expander MED 9x20x5- White- 186-2- D.jpg --> studentweb.cencol.ca /lartyukh/webDesign2/storage solutions 14770- Better housewares - Shelf Expander MED 9x20x5- White- 186-2- D.jpg
2013.11.12 13:02 B E:\111semester 3\advanced web design\website\webDesign2\storage solutions\14778_1000x1000.jpg --> studentweb.cencol.ca /lartyukh/webDesign2/storage solutions 14778_1000x1000.jpg
2013.11.12 13:02 B E:\111semester 3\advanced web design\website\webDesign2\storage solutions\35445.jpg --> studentweb.cencol.ca /lartyukh/webDesign2/storage solutions 35445.jpg
2013.11.12 13:02 B E:\111semester 3\advanced web design\website\webDesign2\storage solutions\38015_detail.jpg --> studentweb.cencol.ca /lartyukh/webDesign2/storage solutions 38015_detail.jpg
2013.11.12 13:02 B E:\111semester 3\advanced web design\website\webDesign2\storage solutions\41264_detail.jpg --> studentweb.cencol.ca /lartyukh/webDesign2/storage solutions 41264_detail.jpg
2013.11.12 13:02 B E:\111semester 3\advanced web design\website\webDesign2\storage solutions\41566_detail.jpg --> studentweb.cencol.ca /lartyukh/webDesign2/storage solutions 41566_detail.jpg
2013.11.12 13:02 B E:\111semester 3\advanced web design\website\webDesign2\storage solutions\42105_1000x1000.jpg --> studentweb.cencol.ca /lartyukh/webDesign2/storage solutions 42105_1000x1000.jpg
2013.11.12 13:02 B E:\111semester 3\advanced web design\website\webDesign2\storage solutions\WS_FTP.LOG --> studentweb.cencol.ca /lartyukh/webDesign2/storage solutions WS_FTP.LOG
