2013.10.16 10:26 B E:\111semester 3\advanced web design\website\webDesign2\Assignment4\assgnmt4.css --> studentweb.cencol.ca /lartyukh/webDesign2/Assignment4 assgnmt4.css
2013.10.16 10:26 B E:\111semester 3\advanced web design\website\webDesign2\Assignment4\assgnmt4.js --> studentweb.cencol.ca /lartyukh/webDesign2/Assignment4 assgnmt4.js
2013.10.16 10:26 B E:\111semester 3\advanced web design\website\webDesign2\Assignment4\assignment4.html --> studentweb.cencol.ca /lartyukh/webDesign2/Assignment4 assignment4.html
2013.10.16 10:26 B E:\111semester 3\advanced web design\website\webDesign2\Assignment4\exit.jpg --> studentweb.cencol.ca /lartyukh/webDesign2/Assignment4 exit.jpg
2013.10.16 10:26 B E:\111semester 3\advanced web design\website\webDesign2\Assignment4\logo.png --> studentweb.cencol.ca /lartyukh/webDesign2/Assignment4 logo.png
2013.10.16 10:26 B E:\111semester 3\advanced web design\website\webDesign2\Assignment4\new.jpg --> studentweb.cencol.ca /lartyukh/webDesign2/Assignment4 new.jpg
2013.10.16 10:26 B E:\111semester 3\advanced web design\website\webDesign2\Assignment4\pause.jpg --> studentweb.cencol.ca /lartyukh/webDesign2/Assignment4 pause.jpg
2013.10.16 10:26 B E:\111semester 3\advanced web design\website\webDesign2\Assignment4\play.jpg --> studentweb.cencol.ca /lartyukh/webDesign2/Assignment4 play.jpg
2013.10.16 10:26 B E:\111semester 3\advanced web design\website\webDesign2\Assignment4\playActive.jpg --> studentweb.cencol.ca /lartyukh/webDesign2/Assignment4 playActive.jpg
2013.10.16 10:26 B E:\111semester 3\advanced web design\website\webDesign2\Assignment4\rules.jpg --> studentweb.cencol.ca /lartyukh/webDesign2/Assignment4 rules.jpg
2013.10.16 10:26 B E:\111semester 3\advanced web design\website\webDesign2\Assignment4\score.jpg --> studentweb.cencol.ca /lartyukh/webDesign2/Assignment4 score.jpg
2013.10.16 10:26 B E:\111semester 3\advanced web design\website\webDesign2\Assignment4\start.jpg --> studentweb.cencol.ca /lartyukh/webDesign2/Assignment4 start.jpg
2013.10.19 19:05 B F:\111semester 3\advanced web design\website\webDesign2\Assignment4\assgnmt4.css --> studentweb.cencol.ca /lartyukh/webDesign2/Assignment4 assgnmt4.css
2013.10.19 19:05 B F:\111semester 3\advanced web design\website\webDesign2\Assignment4\assgnmt4.js --> studentweb.cencol.ca /lartyukh/webDesign2/Assignment4 assgnmt4.js
2013.10.19 19:05 B F:\111semester 3\advanced web design\website\webDesign2\Assignment4\assignment4.html --> studentweb.cencol.ca /lartyukh/webDesign2/Assignment4 assignment4.html
2013.10.19 19:05 B F:\111semester 3\advanced web design\website\webDesign2\Assignment4\pig.jpg --> studentweb.cencol.ca /lartyukh/webDesign2/Assignment4 pig.jpg
2013.10.19 19:06 B F:\111semester 3\advanced web design\website\webDesign2\Assignment4\WS_FTP.LOG --> studentweb.cencol.ca /lartyukh/webDesign2/Assignment4 WS_FTP.LOG
2013.10.19 23:15 B F:\111semester 3\advanced web design\website\webDesign2\Assignment4\assgnmt4.css --> studentweb.cencol.ca /lartyukh/webDesign2/Assignment4 assgnmt4.css
2013.10.19 23:15 B F:\111semester 3\advanced web design\website\webDesign2\Assignment4\assgnmt4.js --> studentweb.cencol.ca /lartyukh/webDesign2/Assignment4 assgnmt4.js
2013.10.19 23:15 B F:\111semester 3\advanced web design\website\webDesign2\Assignment4\assignment4.html --> studentweb.cencol.ca /lartyukh/webDesign2/Assignment4 assignment4.html
2013.10.19 23:15 B F:\111semester 3\advanced web design\website\webDesign2\Assignment4\WS_FTP.LOG --> studentweb.cencol.ca /lartyukh/webDesign2/Assignment4 WS_FTP.LOG
2013.10.23 09:48 B E:\111semester 3\advanced web design\website\webDesign2\Assignment4\assgnmt4.css --> studentweb.cencol.ca /lartyukh/webDesign2/Assignment4 assgnmt4.css
2013.10.23 09:48 B E:\111semester 3\advanced web design\website\webDesign2\Assignment4\assgnmt4.js --> studentweb.cencol.ca /lartyukh/webDesign2/Assignment4 assgnmt4.js
2013.10.23 09:48 B E:\111semester 3\advanced web design\website\webDesign2\Assignment4\assignment4.html --> studentweb.cencol.ca /lartyukh/webDesign2/Assignment4 assignment4.html
2013.10.23 09:48 B E:\111semester 3\advanced web design\website\webDesign2\Assignment4\WS_FTP.LOG --> studentweb.cencol.ca /lartyukh/webDesign2/Assignment4 WS_FTP.LOG
2013.10.23 19:32 B F:\111semester 3\advanced web design\website\webDesign2\Assignment4\assgnmt4.js --> studentweb.cencol.ca /lartyukh/webDesign2/Assignment4 assgnmt4.js
2013.10.23 19:32 B F:\111semester 3\advanced web design\website\webDesign2\Assignment4\assignment4.html --> studentweb.cencol.ca /lartyukh/webDesign2/Assignment4 assignment4.html
2013.10.23 19:32 B F:\111semester 3\advanced web design\website\webDesign2\Assignment4\WS_FTP.LOG --> studentweb.cencol.ca /lartyukh/webDesign2/Assignment4 WS_FTP.LOG
2013.10.23 19:33 B F:\111semester 3\advanced web design\website\webDesign2\Assignment4\assignment4.html --> studentweb.cencol.ca /lartyukh/webDesign2/Assignment4 assignment4.html
2013.10.23 19:33 B F:\111semester 3\advanced web design\website\webDesign2\Assignment4\WS_FTP.LOG --> studentweb.cencol.ca /lartyukh/webDesign2/Assignment4 WS_FTP.LOG
2013.10.23 20:30 B F:\111semester 3\advanced web design\website\webDesign2\Assignment4\assgnmt4.js --> studentweb.cencol.ca /lartyukh/webDesign2/Assignment4 assgnmt4.js
2013.10.23 20:30 B F:\111semester 3\advanced web design\website\webDesign2\Assignment4\WS_FTP.LOG --> studentweb.cencol.ca /lartyukh/webDesign2/Assignment4 WS_FTP.LOG
2013.11.12 13:02 B E:\111semester 3\advanced web design\website\webDesign2\Assignment4\assgnmt4.css --> studentweb.cencol.ca /lartyukh/webDesign2/Assignment4 assgnmt4.css
2013.11.12 13:02 B E:\111semester 3\advanced web design\website\webDesign2\Assignment4\assgnmt4.js --> studentweb.cencol.ca /lartyukh/webDesign2/Assignment4 assgnmt4.js
2013.11.12 13:02 B E:\111semester 3\advanced web design\website\webDesign2\Assignment4\assignment4.html --> studentweb.cencol.ca /lartyukh/webDesign2/Assignment4 assignment4.html
2013.11.12 13:02 B E:\111semester 3\advanced web design\website\webDesign2\Assignment4\exit.jpg --> studentweb.cencol.ca /lartyukh/webDesign2/Assignment4 exit.jpg
2013.11.12 13:02 B E:\111semester 3\advanced web design\website\webDesign2\Assignment4\logo.png --> studentweb.cencol.ca /lartyukh/webDesign2/Assignment4 logo.png
2013.11.12 13:02 B E:\111semester 3\advanced web design\website\webDesign2\Assignment4\new.jpg --> studentweb.cencol.ca /lartyukh/webDesign2/Assignment4 new.jpg
2013.11.12 13:02 B E:\111semester 3\advanced web design\website\webDesign2\Assignment4\pause.jpg --> studentweb.cencol.ca /lartyukh/webDesign2/Assignment4 pause.jpg
2013.11.12 13:02 B E:\111semester 3\advanced web design\website\webDesign2\Assignment4\pig.jpg --> studentweb.cencol.ca /lartyukh/webDesign2/Assignment4 pig.jpg
2013.11.12 13:02 B E:\111semester 3\advanced web design\website\webDesign2\Assignment4\play.jpg --> studentweb.cencol.ca /lartyukh/webDesign2/Assignment4 play.jpg
2013.11.12 13:02 B E:\111semester 3\advanced web design\website\webDesign2\Assignment4\playActive.jpg --> studentweb.cencol.ca /lartyukh/webDesign2/Assignment4 playActive.jpg
2013.11.12 13:02 B E:\111semester 3\advanced web design\website\webDesign2\Assignment4\rules.jpg --> studentweb.cencol.ca /lartyukh/webDesign2/Assignment4 rules.jpg
2013.11.12 13:02 B E:\111semester 3\advanced web design\website\webDesign2\Assignment4\score.jpg --> studentweb.cencol.ca /lartyukh/webDesign2/Assignment4 score.jpg
2013.11.12 13:02 B E:\111semester 3\advanced web design\website\webDesign2\Assignment4\start.jpg --> studentweb.cencol.ca /lartyukh/webDesign2/Assignment4 start.jpg
2013.11.12 13:02 B E:\111semester 3\advanced web design\website\webDesign2\Assignment4\WS_FTP.LOG --> studentweb.cencol.ca /lartyukh/webDesign2/Assignment4 WS_FTP.LOG
