2013.02.17 14:04 B G:\COMP213 Web Design\studentweb\Assignment3\assignment3.html --> studentweb.cencol.ca /lartyukh/Assignment3 assignment3.html
2013.02.17 14:04 B G:\COMP213 Web Design\studentweb\Assignment3\logoCole.jpg --> studentweb.cencol.ca /lartyukh/Assignment3 logoCole.jpg
2013.02.17 14:04 B G:\COMP213 Web Design\studentweb\Assignment3\shoe1.jpg --> studentweb.cencol.ca /lartyukh/Assignment3 shoe1.jpg
2013.02.17 14:04 B G:\COMP213 Web Design\studentweb\Assignment3\shoe2.jpg --> studentweb.cencol.ca /lartyukh/Assignment3 shoe2.jpg
2013.02.17 14:04 B G:\COMP213 Web Design\studentweb\Assignment3\shoe3.jpg --> studentweb.cencol.ca /lartyukh/Assignment3 shoe3.jpg
2013.02.17 14:04 B G:\COMP213 Web Design\studentweb\Assignment3\shoe4.jpg --> studentweb.cencol.ca /lartyukh/Assignment3 shoe4.jpg
2013.02.17 14:04 B G:\COMP213 Web Design\studentweb\Assignment3\shoe5.jpg --> studentweb.cencol.ca /lartyukh/Assignment3 shoe5.jpg
2013.02.17 14:13 B G:\COMP213 Web Design\studentweb\Assignment3\assignment3.html --> studentweb.cencol.ca /lartyukh/Assignment3 assignment3.html
2013.02.17 14:13 B G:\COMP213 Web Design\studentweb\Assignment3\WS_FTP.LOG --> studentweb.cencol.ca /lartyukh/Assignment3 WS_FTP.LOG
2013.02.17 22:20 B G:\COMP213 Web Design\studentweb\Assignment3\assignment3.html --> studentweb.cencol.ca /lartyukh/Assignment3 assignment3.html
2013.02.17 22:20 B G:\COMP213 Web Design\studentweb\Assignment3\en_us-canada_areamap.gif --> studentweb.cencol.ca /lartyukh/Assignment3 en_us-canada_areamap.gif
2013.02.17 22:20 B G:\COMP213 Web Design\studentweb\Assignment3\WS_FTP.LOG --> studentweb.cencol.ca /lartyukh/Assignment3 WS_FTP.LOG
2013.02.17 22:34 B G:\COMP213 Web Design\studentweb\Assignment3\assignment3.html --> studentweb.cencol.ca /lartyukh/Assignment3 assignment3.html
2013.02.17 22:34 B G:\COMP213 Web Design\studentweb\Assignment3\map.jpg --> studentweb.cencol.ca /lartyukh/Assignment3 map.jpg
2013.02.17 22:34 B G:\COMP213 Web Design\studentweb\Assignment3\WS_FTP.LOG --> studentweb.cencol.ca /lartyukh/Assignment3 WS_FTP.LOG
2013.02.17 22:36 B G:\COMP213 Web Design\studentweb\Assignment3\assignment3.html --> studentweb.cencol.ca /lartyukh/Assignment3 assignment3.html
2013.02.17 22:36 B G:\COMP213 Web Design\studentweb\Assignment3\WS_FTP.LOG --> studentweb.cencol.ca /lartyukh/Assignment3 WS_FTP.LOG
2013.02.17 22:39 B G:\COMP213 Web Design\studentweb\Assignment3\assignment3.html --> studentweb.cencol.ca /lartyukh/Assignment3 assignment3.html
2013.02.17 22:39 B G:\COMP213 Web Design\studentweb\Assignment3\WS_FTP.LOG --> studentweb.cencol.ca /lartyukh/Assignment3 WS_FTP.LOG
2013.02.17 22:40 B G:\COMP213 Web Design\studentweb\Assignment3\assignment3.html --> studentweb.cencol.ca /lartyukh/Assignment3 assignment3.html
2013.02.17 22:40 B G:\COMP213 Web Design\studentweb\Assignment3\WS_FTP.LOG --> studentweb.cencol.ca /lartyukh/Assignment3 WS_FTP.LOG
2013.02.17 23:41 B G:\COMP213 Web Design\studentweb\Assignment3\assignment3.html --> studentweb.cencol.ca /lartyukh/Assignment3 assignment3.html
2013.02.17 23:41 B G:\COMP213 Web Design\studentweb\Assignment3\bullets.gif --> studentweb.cencol.ca /lartyukh/Assignment3 bullets.gif
2013.02.17 23:41 B G:\COMP213 Web Design\studentweb\Assignment3\logoCole.jpg --> studentweb.cencol.ca /lartyukh/Assignment3 logoCole.jpg
2013.02.17 23:41 B G:\COMP213 Web Design\studentweb\Assignment3\WS_FTP.LOG --> studentweb.cencol.ca /lartyukh/Assignment3 WS_FTP.LOG
2013.02.18 08:44 B G:\COMP213 Web Design\studentweb\Assignment3\assignment3.html --> studentweb.cencol.ca /lartyukh/Assignment3 assignment3.html
2013.02.18 08:44 B G:\COMP213 Web Design\studentweb\Assignment3\beigePump.jpg --> studentweb.cencol.ca /lartyukh/Assignment3 beigePump.jpg
2013.02.18 08:44 B G:\COMP213 Web Design\studentweb\Assignment3\blackAndGray.jpg --> studentweb.cencol.ca /lartyukh/Assignment3 blackAndGray.jpg
2013.02.18 08:44 B G:\COMP213 Web Design\studentweb\Assignment3\boot.jpg --> studentweb.cencol.ca /lartyukh/Assignment3 boot.jpg
2013.02.18 08:44 B G:\COMP213 Web Design\studentweb\Assignment3\Details1.html --> studentweb.cencol.ca /lartyukh/Assignment3 Details1.html
2013.02.18 08:44 B G:\COMP213 Web Design\studentweb\Assignment3\Details2.html --> studentweb.cencol.ca /lartyukh/Assignment3 Details2.html
2013.02.18 08:44 B G:\COMP213 Web Design\studentweb\Assignment3\Details3.html --> studentweb.cencol.ca /lartyukh/Assignment3 Details3.html
2013.02.18 08:44 B G:\COMP213 Web Design\studentweb\Assignment3\Details4.html --> studentweb.cencol.ca /lartyukh/Assignment3 Details4.html
2013.02.18 08:44 B G:\COMP213 Web Design\studentweb\Assignment3\Details5.html --> studentweb.cencol.ca /lartyukh/Assignment3 Details5.html
2013.02.18 08:44 B G:\COMP213 Web Design\studentweb\Assignment3\openBeige.jpg --> studentweb.cencol.ca /lartyukh/Assignment3 openBeige.jpg
2013.02.18 08:44 B G:\COMP213 Web Design\studentweb\Assignment3\orangePump.jpg --> studentweb.cencol.ca /lartyukh/Assignment3 orangePump.jpg
2013.02.18 08:44 B G:\COMP213 Web Design\studentweb\Assignment3\WS_FTP.LOG --> studentweb.cencol.ca /lartyukh/Assignment3 WS_FTP.LOG
2013.02.18 08:55 B G:\COMP213 Web Design\studentweb\Assignment3\assignment3.html --> studentweb.cencol.ca /lartyukh/Assignment3 assignment3.html
2013.02.18 08:55 B G:\COMP213 Web Design\studentweb\Assignment3\Details1.html --> studentweb.cencol.ca /lartyukh/Assignment3 Details1.html
2013.02.18 08:55 B G:\COMP213 Web Design\studentweb\Assignment3\Details2.html --> studentweb.cencol.ca /lartyukh/Assignment3 Details2.html
2013.02.18 08:55 B G:\COMP213 Web Design\studentweb\Assignment3\Details3.html --> studentweb.cencol.ca /lartyukh/Assignment3 Details3.html
2013.02.18 08:55 B G:\COMP213 Web Design\studentweb\Assignment3\Details4.html --> studentweb.cencol.ca /lartyukh/Assignment3 Details4.html
2013.02.18 08:55 B G:\COMP213 Web Design\studentweb\Assignment3\Details5.html --> studentweb.cencol.ca /lartyukh/Assignment3 Details5.html
2013.02.18 08:55 B G:\COMP213 Web Design\studentweb\Assignment3\WS_FTP.LOG --> studentweb.cencol.ca /lartyukh/Assignment3 WS_FTP.LOG
2013.02.19 07:48 B G:\COMP213 Web Design\studentweb\Assignment3\assignment3.html --> studentweb.cencol.ca /lartyukh/Assignment3 assignment3.html
2013.02.19 07:48 B G:\COMP213 Web Design\studentweb\Assignment3\bullets.gif --> studentweb.cencol.ca /lartyukh/Assignment3 bullets.gif
2013.02.19 07:48 B G:\COMP213 Web Design\studentweb\Assignment3\contact.png --> studentweb.cencol.ca /lartyukh/Assignment3 contact.png
2013.02.19 07:48 B G:\COMP213 Web Design\studentweb\Assignment3\stylesA3.css --> studentweb.cencol.ca /lartyukh/Assignment3 stylesA3.css
2013.02.19 07:48 B G:\COMP213 Web Design\studentweb\Assignment3\Venice.jpg --> studentweb.cencol.ca /lartyukh/Assignment3 Venice.jpg
2013.02.19 07:48 B G:\COMP213 Web Design\studentweb\Assignment3\WS_FTP.LOG --> studentweb.cencol.ca /lartyukh/Assignment3 WS_FTP.LOG
2013.02.19 11:00 B E:\COMP213 Web Design\studentweb\Assignment3\assignment3.html --> studentweb.cencol.ca /lartyukh/Assignment3 assignment3.html
2013.02.19 11:00 B E:\COMP213 Web Design\studentweb\Assignment3\stylesA3.css --> studentweb.cencol.ca /lartyukh/Assignment3 stylesA3.css
2013.02.19 11:00 B E:\COMP213 Web Design\studentweb\Assignment3\WS_FTP.LOG --> studentweb.cencol.ca /lartyukh/Assignment3 WS_FTP.LOG
2013.02.19 20:54 B G:\COMP213 Web Design\studentweb\Assignment3\assignment3.html --> studentweb.cencol.ca /lartyukh/Assignment3 assignment3.html
2013.02.19 20:54 B G:\COMP213 Web Design\studentweb\Assignment3\shoes.jpg --> studentweb.cencol.ca /lartyukh/Assignment3 shoes.jpg
2013.02.19 20:54 B G:\COMP213 Web Design\studentweb\Assignment3\stylesA3.css --> studentweb.cencol.ca /lartyukh/Assignment3 stylesA3.css
2013.02.19 20:54 B G:\COMP213 Web Design\studentweb\Assignment3\WS_FTP.LOG --> studentweb.cencol.ca /lartyukh/Assignment3 WS_FTP.LOG
2013.02.19 21:08 B G:\COMP213 Web Design\studentweb\Assignment3\assignment3.html --> studentweb.cencol.ca /lartyukh/Assignment3 assignment3.html
2013.02.19 21:08 B G:\COMP213 Web Design\studentweb\Assignment3\WS_FTP.LOG --> studentweb.cencol.ca /lartyukh/Assignment3 WS_FTP.LOG
2013.02.20 12:25 B E:\COMP213 Web Design\studentweb\Assignment3\WS_FTP.LOG --> studentweb.cencol.ca /lartyukh/Assignment3 WS_FTP.LOG
2013.02.20 12:30 B E:\COMP213 Web Design\studentweb\Assignment3\assignment3.html --> studentweb.cencol.ca /lartyukh/studentweb/Assignment3 assignment3.html
2013.02.20 12:30 B E:\COMP213 Web Design\studentweb\Assignment3\beigePump.jpg --> studentweb.cencol.ca /lartyukh/studentweb/Assignment3 beigePump.jpg
2013.02.20 12:30 B E:\COMP213 Web Design\studentweb\Assignment3\blackAndGray.jpg --> studentweb.cencol.ca /lartyukh/studentweb/Assignment3 blackAndGray.jpg
2013.02.20 12:30 B E:\COMP213 Web Design\studentweb\Assignment3\boot.jpg --> studentweb.cencol.ca /lartyukh/studentweb/Assignment3 boot.jpg
2013.02.20 12:30 B E:\COMP213 Web Design\studentweb\Assignment3\bullets.gif --> studentweb.cencol.ca /lartyukh/studentweb/Assignment3 bullets.gif
2013.02.20 12:30 B E:\COMP213 Web Design\studentweb\Assignment3\contact.png --> studentweb.cencol.ca /lartyukh/studentweb/Assignment3 contact.png
2013.02.20 12:30 B E:\COMP213 Web Design\studentweb\Assignment3\Details1.html --> studentweb.cencol.ca /lartyukh/studentweb/Assignment3 Details1.html
2013.02.20 12:30 B E:\COMP213 Web Design\studentweb\Assignment3\Details2.html --> studentweb.cencol.ca /lartyukh/studentweb/Assignment3 Details2.html
2013.02.20 12:30 B E:\COMP213 Web Design\studentweb\Assignment3\Details3.html --> studentweb.cencol.ca /lartyukh/studentweb/Assignment3 Details3.html
2013.02.20 12:30 B E:\COMP213 Web Design\studentweb\Assignment3\Details4.html --> studentweb.cencol.ca /lartyukh/studentweb/Assignment3 Details4.html
2013.02.20 12:30 B E:\COMP213 Web Design\studentweb\Assignment3\Details5.html --> studentweb.cencol.ca /lartyukh/studentweb/Assignment3 Details5.html
2013.02.20 12:30 B E:\COMP213 Web Design\studentweb\Assignment3\logoCole.jpg --> studentweb.cencol.ca /lartyukh/studentweb/Assignment3 logoCole.jpg
2013.02.20 12:30 B E:\COMP213 Web Design\studentweb\Assignment3\map.jpg --> studentweb.cencol.ca /lartyukh/studentweb/Assignment3 map.jpg
2013.02.20 12:30 B E:\COMP213 Web Design\studentweb\Assignment3\openBeige.jpg --> studentweb.cencol.ca /lartyukh/studentweb/Assignment3 openBeige.jpg
2013.02.20 12:30 B E:\COMP213 Web Design\studentweb\Assignment3\orangePump.jpg --> studentweb.cencol.ca /lartyukh/studentweb/Assignment3 orangePump.jpg
2013.02.20 12:30 B E:\COMP213 Web Design\studentweb\Assignment3\shoe1.jpg --> studentweb.cencol.ca /lartyukh/studentweb/Assignment3 shoe1.jpg
2013.02.20 12:30 B E:\COMP213 Web Design\studentweb\Assignment3\shoe2.jpg --> studentweb.cencol.ca /lartyukh/studentweb/Assignment3 shoe2.jpg
2013.02.20 12:30 B E:\COMP213 Web Design\studentweb\Assignment3\shoe3.jpg --> studentweb.cencol.ca /lartyukh/studentweb/Assignment3 shoe3.jpg
2013.02.20 12:30 B E:\COMP213 Web Design\studentweb\Assignment3\shoe4.jpg --> studentweb.cencol.ca /lartyukh/studentweb/Assignment3 shoe4.jpg
2013.02.20 12:30 B E:\COMP213 Web Design\studentweb\Assignment3\shoe5.jpg --> studentweb.cencol.ca /lartyukh/studentweb/Assignment3 shoe5.jpg
2013.02.20 12:30 B E:\COMP213 Web Design\studentweb\Assignment3\shoes.jpg --> studentweb.cencol.ca /lartyukh/studentweb/Assignment3 shoes.jpg
2013.02.20 12:30 B E:\COMP213 Web Design\studentweb\Assignment3\stylesA3.css --> studentweb.cencol.ca /lartyukh/studentweb/Assignment3 stylesA3.css
2013.02.20 12:30 B E:\COMP213 Web Design\studentweb\Assignment3\Venice.jpg --> studentweb.cencol.ca /lartyukh/studentweb/Assignment3 Venice.jpg
2013.02.20 12:30 B E:\COMP213 Web Design\studentweb\Assignment3\WS_FTP.LOG --> studentweb.cencol.ca /lartyukh/studentweb/Assignment3 WS_FTP.LOG
2013.02.20 12:59 B E:\COMP213 Web Design\studentweb\Assignment3\assignment3.html --> studentweb.cencol.ca /lartyukh/Assignment3 assignment3.html
2013.02.20 12:59 B E:\COMP213 Web Design\studentweb\Assignment3\beigePump.jpg --> studentweb.cencol.ca /lartyukh/Assignment3 beigePump.jpg
2013.02.20 12:59 B E:\COMP213 Web Design\studentweb\Assignment3\blackAndGray.jpg --> studentweb.cencol.ca /lartyukh/Assignment3 blackAndGray.jpg
2013.02.20 12:59 B E:\COMP213 Web Design\studentweb\Assignment3\boot.jpg --> studentweb.cencol.ca /lartyukh/Assignment3 boot.jpg
2013.02.20 12:59 B E:\COMP213 Web Design\studentweb\Assignment3\bullets.gif --> studentweb.cencol.ca /lartyukh/Assignment3 bullets.gif
2013.02.20 12:59 B E:\COMP213 Web Design\studentweb\Assignment3\contact.png --> studentweb.cencol.ca /lartyukh/Assignment3 contact.png
2013.02.20 12:59 B E:\COMP213 Web Design\studentweb\Assignment3\Details1.html --> studentweb.cencol.ca /lartyukh/Assignment3 Details1.html
2013.02.20 12:59 B E:\COMP213 Web Design\studentweb\Assignment3\Details2.html --> studentweb.cencol.ca /lartyukh/Assignment3 Details2.html
2013.02.20 12:59 B E:\COMP213 Web Design\studentweb\Assignment3\Details3.html --> studentweb.cencol.ca /lartyukh/Assignment3 Details3.html
2013.02.20 12:59 B E:\COMP213 Web Design\studentweb\Assignment3\Details4.html --> studentweb.cencol.ca /lartyukh/Assignment3 Details4.html
2013.02.20 12:59 B E:\COMP213 Web Design\studentweb\Assignment3\Details5.html --> studentweb.cencol.ca /lartyukh/Assignment3 Details5.html
2013.02.20 12:59 B E:\COMP213 Web Design\studentweb\Assignment3\logoCole.jpg --> studentweb.cencol.ca /lartyukh/Assignment3 logoCole.jpg
2013.02.20 12:59 B E:\COMP213 Web Design\studentweb\Assignment3\map.jpg --> studentweb.cencol.ca /lartyukh/Assignment3 map.jpg
2013.02.20 12:59 B E:\COMP213 Web Design\studentweb\Assignment3\openBeige.jpg --> studentweb.cencol.ca /lartyukh/Assignment3 openBeige.jpg
2013.02.20 12:59 B E:\COMP213 Web Design\studentweb\Assignment3\orangePump.jpg --> studentweb.cencol.ca /lartyukh/Assignment3 orangePump.jpg
2013.02.20 12:59 B E:\COMP213 Web Design\studentweb\Assignment3\shoe1.jpg --> studentweb.cencol.ca /lartyukh/Assignment3 shoe1.jpg
2013.02.20 12:59 B E:\COMP213 Web Design\studentweb\Assignment3\shoe2.jpg --> studentweb.cencol.ca /lartyukh/Assignment3 shoe2.jpg
2013.02.20 12:59 B E:\COMP213 Web Design\studentweb\Assignment3\shoe3.jpg --> studentweb.cencol.ca /lartyukh/Assignment3 shoe3.jpg
2013.02.20 12:59 B E:\COMP213 Web Design\studentweb\Assignment3\shoe4.jpg --> studentweb.cencol.ca /lartyukh/Assignment3 shoe4.jpg
2013.02.20 12:59 B E:\COMP213 Web Design\studentweb\Assignment3\shoe5.jpg --> studentweb.cencol.ca /lartyukh/Assignment3 shoe5.jpg
2013.02.20 12:59 B E:\COMP213 Web Design\studentweb\Assignment3\shoes.jpg --> studentweb.cencol.ca /lartyukh/Assignment3 shoes.jpg
2013.02.20 12:59 B E:\COMP213 Web Design\studentweb\Assignment3\stylesA3.css --> studentweb.cencol.ca /lartyukh/Assignment3 stylesA3.css
2013.02.20 12:59 B E:\COMP213 Web Design\studentweb\Assignment3\Venice.jpg --> studentweb.cencol.ca /lartyukh/Assignment3 Venice.jpg
2013.02.20 12:59 B E:\COMP213 Web Design\studentweb\Assignment3\WS_FTP.LOG --> studentweb.cencol.ca /lartyukh/Assignment3 WS_FTP.LOG
2013.03.19 21:20 B G:\COMP213 Web Design\studentweb\Assignment3\stylesA3.css --> studentweb.cencol.ca /lartyukh/Assignment3 stylesA3.css
2013.03.20 21:55 B G:\COMP213 Web Design\studentweb\Assignment3\WS_FTP.LOG --> studentweb.cencol.ca /lartyukh/Assignment3 WS_FTP.LOG
2013.03.26 10:25 B G:\COMP213 Web Design\studentweb\Assignment3\WS_FTP.LOG --> studentweb.cencol.ca /lartyukh/Assignment3 WS_FTP.LOG
2013.03.26 11:27 B G:\COMP213 Web Design\studentweb\Assignment3\WS_FTP.LOG --> studentweb.cencol.ca /lartyukh/Assignment3 WS_FTP.LOG
2013.04.04 12:03 B G:\COMP213 Web Design\studentweb\Assignment3\WS_FTP.LOG --> studentweb.cencol.ca /lartyukh/Assignment3 WS_FTP.LOG
2013.04.04 20:35 B G:\COMP213 Web Design\studentweb\Assignment3\assignment3.html --> studentweb.cencol.ca /Assignment3 assignment3.html
2013.04.04 20:35 B G:\COMP213 Web Design\studentweb\Assignment3\beigePump.jpg --> studentweb.cencol.ca /Assignment3 beigePump.jpg
2013.04.04 20:35 B G:\COMP213 Web Design\studentweb\Assignment3\blackAndGray.jpg --> studentweb.cencol.ca /Assignment3 blackAndGray.jpg
2013.04.04 20:35 B G:\COMP213 Web Design\studentweb\Assignment3\boot.jpg --> studentweb.cencol.ca /Assignment3 boot.jpg
2013.04.04 20:35 B G:\COMP213 Web Design\studentweb\Assignment3\bullets.gif --> studentweb.cencol.ca /Assignment3 bullets.gif
2013.04.04 20:35 B G:\COMP213 Web Design\studentweb\Assignment3\contact.png --> studentweb.cencol.ca /Assignment3 contact.png
2013.04.04 20:35 B G:\COMP213 Web Design\studentweb\Assignment3\Details1.html --> studentweb.cencol.ca /Assignment3 Details1.html
2013.04.04 20:35 B G:\COMP213 Web Design\studentweb\Assignment3\Details2.html --> studentweb.cencol.ca /Assignment3 Details2.html
2013.04.04 20:35 B G:\COMP213 Web Design\studentweb\Assignment3\Details3.html --> studentweb.cencol.ca /Assignment3 Details3.html
2013.04.04 20:35 B G:\COMP213 Web Design\studentweb\Assignment3\Details4.html --> studentweb.cencol.ca /Assignment3 Details4.html
2013.04.04 20:35 B G:\COMP213 Web Design\studentweb\Assignment3\Details5.html --> studentweb.cencol.ca /Assignment3 Details5.html
2013.04.04 20:35 B G:\COMP213 Web Design\studentweb\Assignment3\logoCole.jpg --> studentweb.cencol.ca /Assignment3 logoCole.jpg
2013.04.04 20:35 B G:\COMP213 Web Design\studentweb\Assignment3\map.jpg --> studentweb.cencol.ca /Assignment3 map.jpg
2013.04.04 20:35 B G:\COMP213 Web Design\studentweb\Assignment3\openBeige.jpg --> studentweb.cencol.ca /Assignment3 openBeige.jpg
2013.04.04 20:35 B G:\COMP213 Web Design\studentweb\Assignment3\orangePump.jpg --> studentweb.cencol.ca /Assignment3 orangePump.jpg
2013.04.04 20:35 B G:\COMP213 Web Design\studentweb\Assignment3\shoe1.jpg --> studentweb.cencol.ca /Assignment3 shoe1.jpg
2013.04.04 20:35 B G:\COMP213 Web Design\studentweb\Assignment3\shoe2.jpg --> studentweb.cencol.ca /Assignment3 shoe2.jpg
2013.04.04 20:35 B G:\COMP213 Web Design\studentweb\Assignment3\shoe3.jpg --> studentweb.cencol.ca /Assignment3 shoe3.jpg
2013.04.04 20:35 B G:\COMP213 Web Design\studentweb\Assignment3\shoe4.jpg --> studentweb.cencol.ca /Assignment3 shoe4.jpg
2013.04.04 20:35 B G:\COMP213 Web Design\studentweb\Assignment3\shoe5.jpg --> studentweb.cencol.ca /Assignment3 shoe5.jpg
2013.04.04 20:35 B G:\COMP213 Web Design\studentweb\Assignment3\shoes.jpg --> studentweb.cencol.ca /Assignment3 shoes.jpg
2013.04.04 20:35 B G:\COMP213 Web Design\studentweb\Assignment3\stylesA3.css --> studentweb.cencol.ca /Assignment3 stylesA3.css
2013.04.04 20:35 B G:\COMP213 Web Design\studentweb\Assignment3\Venice.jpg --> studentweb.cencol.ca /Assignment3 Venice.jpg
2013.04.04 20:35 B G:\COMP213 Web Design\studentweb\Assignment3\WS_FTP.LOG --> studentweb.cencol.ca /Assignment3 WS_FTP.LOG
2013.04.04 20:36 B G:\COMP213 Web Design\studentweb\Assignment3\WS_FTP.LOG --> studentweb.cencol.ca /lartyukh/Assignment3 WS_FTP.LOG
2013.04.05 09:02 B G:\COMP213 Web Design\studentweb\Assignment3\WS_FTP.LOG --> studentweb.cencol.ca /lartyukh/Assignment3 WS_FTP.LOG
2013.04.05 16:20 B E:\COMP213 Web Design\studentweb\Assignment3\WS_FTP.LOG --> studentweb.cencol.ca /lartyukh/Assignment3 WS_FTP.LOG
2013.04.06 13:23 B G:\COMP213 Web Design\studentweb\Assignment3\WS_FTP.LOG --> studentweb.cencol.ca /lartyukh/Assignment3 WS_FTP.LOG
2013.04.07 13:32 B G:\COMP213 Web Design\studentweb\Assignment3\WS_FTP.LOG --> studentweb.cencol.ca /lartyukh/Assignment3 WS_FTP.LOG
2013.04.07 15:13 B G:\COMP213 Web Design\studentweb\Assignment3\WS_FTP.LOG --> studentweb.cencol.ca /lartyukh/Assignment3 WS_FTP.LOG
2013.04.09 14:00 B E:\COMP213 Web Design\studentweb\Assignment3\WS_FTP.LOG --> studentweb.cencol.ca /lartyukh/Assignment3 WS_FTP.LOG
2013.04.17 12:30 B E:\COMP213 Web Design\studentweb\Assignment3\WS_FTP.LOG --> studentweb.cencol.ca /lartyukh/Assignment3 WS_FTP.LOG
2013.04.18 08:31 B G:\COMP213 Web Design\studentweb\Assignment3\assignment3.html --> studentweb.cencol.ca /lartyukh/Assignment3 assignment3.html
2013.04.18 08:31 B G:\COMP213 Web Design\studentweb\Assignment3\beigePump.jpg --> studentweb.cencol.ca /lartyukh/Assignment3 beigePump.jpg
2013.04.18 08:31 B G:\COMP213 Web Design\studentweb\Assignment3\blackAndGray.jpg --> studentweb.cencol.ca /lartyukh/Assignment3 blackAndGray.jpg
2013.04.18 08:31 B G:\COMP213 Web Design\studentweb\Assignment3\boot.jpg --> studentweb.cencol.ca /lartyukh/Assignment3 boot.jpg
2013.04.18 08:31 B G:\COMP213 Web Design\studentweb\Assignment3\bullets.gif --> studentweb.cencol.ca /lartyukh/Assignment3 bullets.gif
2013.04.18 08:31 B G:\COMP213 Web Design\studentweb\Assignment3\contact.png --> studentweb.cencol.ca /lartyukh/Assignment3 contact.png
2013.04.18 08:31 B G:\COMP213 Web Design\studentweb\Assignment3\Details1.html --> studentweb.cencol.ca /lartyukh/Assignment3 Details1.html
2013.04.18 08:31 B G:\COMP213 Web Design\studentweb\Assignment3\Details2.html --> studentweb.cencol.ca /lartyukh/Assignment3 Details2.html
2013.04.18 08:31 B G:\COMP213 Web Design\studentweb\Assignment3\Details3.html --> studentweb.cencol.ca /lartyukh/Assignment3 Details3.html
2013.04.18 08:31 B G:\COMP213 Web Design\studentweb\Assignment3\Details4.html --> studentweb.cencol.ca /lartyukh/Assignment3 Details4.html
2013.04.18 08:31 B G:\COMP213 Web Design\studentweb\Assignment3\Details5.html --> studentweb.cencol.ca /lartyukh/Assignment3 Details5.html
2013.04.18 08:31 B G:\COMP213 Web Design\studentweb\Assignment3\logoCole.jpg --> studentweb.cencol.ca /lartyukh/Assignment3 logoCole.jpg
2013.04.18 08:31 B G:\COMP213 Web Design\studentweb\Assignment3\map.jpg --> studentweb.cencol.ca /lartyukh/Assignment3 map.jpg
2013.04.18 08:31 B G:\COMP213 Web Design\studentweb\Assignment3\openBeige.jpg --> studentweb.cencol.ca /lartyukh/Assignment3 openBeige.jpg
2013.04.18 08:31 B G:\COMP213 Web Design\studentweb\Assignment3\orangePump.jpg --> studentweb.cencol.ca /lartyukh/Assignment3 orangePump.jpg
2013.04.18 08:31 B G:\COMP213 Web Design\studentweb\Assignment3\shoe1.jpg --> studentweb.cencol.ca /lartyukh/Assignment3 shoe1.jpg
2013.04.18 08:31 B G:\COMP213 Web Design\studentweb\Assignment3\shoe2.jpg --> studentweb.cencol.ca /lartyukh/Assignment3 shoe2.jpg
2013.04.18 08:31 B G:\COMP213 Web Design\studentweb\Assignment3\shoe3.jpg --> studentweb.cencol.ca /lartyukh/Assignment3 shoe3.jpg
2013.04.18 08:31 B G:\COMP213 Web Design\studentweb\Assignment3\shoe4.jpg --> studentweb.cencol.ca /lartyukh/Assignment3 shoe4.jpg
2013.04.18 08:31 B G:\COMP213 Web Design\studentweb\Assignment3\shoe5.jpg --> studentweb.cencol.ca /lartyukh/Assignment3 shoe5.jpg
2013.04.18 08:31 B G:\COMP213 Web Design\studentweb\Assignment3\shoes.jpg --> studentweb.cencol.ca /lartyukh/Assignment3 shoes.jpg
2013.04.18 08:31 B G:\COMP213 Web Design\studentweb\Assignment3\stylesA3.css --> studentweb.cencol.ca /lartyukh/Assignment3 stylesA3.css
2013.04.18 08:31 B G:\COMP213 Web Design\studentweb\Assignment3\Venice.jpg --> studentweb.cencol.ca /lartyukh/Assignment3 Venice.jpg
2013.04.18 08:31 B G:\COMP213 Web Design\studentweb\Assignment3\WS_FTP.LOG --> studentweb.cencol.ca /lartyukh/Assignment3 WS_FTP.LOG
2013.04.18 09:28 B G:\COMP213 Web Design\studentweb\Assignment3\assignment3.html --> studentweb.cencol.ca /lartyukh/Assignment3 assignment3.html
2013.04.18 09:28 B G:\COMP213 Web Design\studentweb\Assignment3\WS_FTP.LOG --> studentweb.cencol.ca /lartyukh/Assignment3 WS_FTP.LOG
2013.04.18 18:22 B G:\COMP213 Web Design\studentweb\Assignment3\WS_FTP.LOG --> studentweb.cencol.ca /lartyukh/Assignment3 WS_FTP.LOG
2013.09.05 09:05 B F:\COMP213 Web Design\studentweb\Assignment3\assignment3.html --> studentweb.cencol.ca /lartyukh/Assignment3 assignment3.html
2013.09.05 09:05 B F:\COMP213 Web Design\studentweb\Assignment3\beigePump.jpg --> studentweb.cencol.ca /lartyukh/Assignment3 beigePump.jpg
2013.09.05 09:05 B F:\COMP213 Web Design\studentweb\Assignment3\blackAndGray.jpg --> studentweb.cencol.ca /lartyukh/Assignment3 blackAndGray.jpg
2013.09.05 09:05 B F:\COMP213 Web Design\studentweb\Assignment3\boot.jpg --> studentweb.cencol.ca /lartyukh/Assignment3 boot.jpg
2013.09.05 09:05 B F:\COMP213 Web Design\studentweb\Assignment3\bullets.gif --> studentweb.cencol.ca /lartyukh/Assignment3 bullets.gif
2013.09.05 09:05 B F:\COMP213 Web Design\studentweb\Assignment3\contact.png --> studentweb.cencol.ca /lartyukh/Assignment3 contact.png
2013.09.05 09:05 B F:\COMP213 Web Design\studentweb\Assignment3\Details1.html --> studentweb.cencol.ca /lartyukh/Assignment3 Details1.html
2013.09.05 09:05 B F:\COMP213 Web Design\studentweb\Assignment3\Details2.html --> studentweb.cencol.ca /lartyukh/Assignment3 Details2.html
2013.09.05 09:05 B F:\COMP213 Web Design\studentweb\Assignment3\Details3.html --> studentweb.cencol.ca /lartyukh/Assignment3 Details3.html
2013.09.05 09:05 B F:\COMP213 Web Design\studentweb\Assignment3\Details4.html --> studentweb.cencol.ca /lartyukh/Assignment3 Details4.html
2013.09.05 09:05 B F:\COMP213 Web Design\studentweb\Assignment3\Details5.html --> studentweb.cencol.ca /lartyukh/Assignment3 Details5.html
2013.09.05 09:05 B F:\COMP213 Web Design\studentweb\Assignment3\logoCole.jpg --> studentweb.cencol.ca /lartyukh/Assignment3 logoCole.jpg
2013.09.05 09:05 B F:\COMP213 Web Design\studentweb\Assignment3\map.jpg --> studentweb.cencol.ca /lartyukh/Assignment3 map.jpg
2013.09.05 09:05 B F:\COMP213 Web Design\studentweb\Assignment3\openBeige.jpg --> studentweb.cencol.ca /lartyukh/Assignment3 openBeige.jpg
2013.09.05 09:05 B F:\COMP213 Web Design\studentweb\Assignment3\orangePump.jpg --> studentweb.cencol.ca /lartyukh/Assignment3 orangePump.jpg
2013.09.05 09:05 B F:\COMP213 Web Design\studentweb\Assignment3\shoe1.jpg --> studentweb.cencol.ca /lartyukh/Assignment3 shoe1.jpg
2013.09.05 09:05 B F:\COMP213 Web Design\studentweb\Assignment3\shoe2.jpg --> studentweb.cencol.ca /lartyukh/Assignment3 shoe2.jpg
2013.09.05 09:05 B F:\COMP213 Web Design\studentweb\Assignment3\shoe3.jpg --> studentweb.cencol.ca /lartyukh/Assignment3 shoe3.jpg
2013.09.05 09:05 B F:\COMP213 Web Design\studentweb\Assignment3\shoe4.jpg --> studentweb.cencol.ca /lartyukh/Assignment3 shoe4.jpg
2013.09.05 09:05 B F:\COMP213 Web Design\studentweb\Assignment3\shoe5.jpg --> studentweb.cencol.ca /lartyukh/Assignment3 shoe5.jpg
2013.09.05 09:05 B F:\COMP213 Web Design\studentweb\Assignment3\shoes.jpg --> studentweb.cencol.ca /lartyukh/Assignment3 shoes.jpg
2013.09.05 09:05 B F:\COMP213 Web Design\studentweb\Assignment3\stylesA3.css --> studentweb.cencol.ca /lartyukh/Assignment3 stylesA3.css
2013.09.05 09:05 B F:\COMP213 Web Design\studentweb\Assignment3\Venice.jpg --> studentweb.cencol.ca /lartyukh/Assignment3 Venice.jpg
2013.09.05 09:05 B F:\COMP213 Web Design\studentweb\Assignment3\WS_FTP.LOG --> studentweb.cencol.ca /lartyukh/Assignment3 WS_FTP.LOG
2013.09.10 23:22 B F:\111semester 3\advanced web design\website\studentweb\Assignment3\assignment3.html --> studentweb.cencol.ca /lartyukh/website/studentweb/Assignment3 assignment3.html
2013.09.10 23:22 B F:\111semester 3\advanced web design\website\studentweb\Assignment3\beigePump.jpg --> studentweb.cencol.ca /lartyukh/website/studentweb/Assignment3 beigePump.jpg
2013.09.10 23:22 B F:\111semester 3\advanced web design\website\studentweb\Assignment3\blackAndGray.jpg --> studentweb.cencol.ca /lartyukh/website/studentweb/Assignment3 blackAndGray.jpg
2013.09.10 23:22 B F:\111semester 3\advanced web design\website\studentweb\Assignment3\boot.jpg --> studentweb.cencol.ca /lartyukh/website/studentweb/Assignment3 boot.jpg
2013.09.10 23:22 B F:\111semester 3\advanced web design\website\studentweb\Assignment3\bullets.gif --> studentweb.cencol.ca /lartyukh/website/studentweb/Assignment3 bullets.gif
2013.09.10 23:22 B F:\111semester 3\advanced web design\website\studentweb\Assignment3\contact.png --> studentweb.cencol.ca /lartyukh/website/studentweb/Assignment3 contact.png
2013.09.10 23:22 B F:\111semester 3\advanced web design\website\studentweb\Assignment3\Details1.html --> studentweb.cencol.ca /lartyukh/website/studentweb/Assignment3 Details1.html
2013.09.10 23:22 B F:\111semester 3\advanced web design\website\studentweb\Assignment3\Details2.html --> studentweb.cencol.ca /lartyukh/website/studentweb/Assignment3 Details2.html
2013.09.10 23:22 B F:\111semester 3\advanced web design\website\studentweb\Assignment3\Details3.html --> studentweb.cencol.ca /lartyukh/website/studentweb/Assignment3 Details3.html
2013.09.10 23:22 B F:\111semester 3\advanced web design\website\studentweb\Assignment3\Details4.html --> studentweb.cencol.ca /lartyukh/website/studentweb/Assignment3 Details4.html
2013.09.10 23:22 B F:\111semester 3\advanced web design\website\studentweb\Assignment3\Details5.html --> studentweb.cencol.ca /lartyukh/website/studentweb/Assignment3 Details5.html
2013.09.10 23:22 B F:\111semester 3\advanced web design\website\studentweb\Assignment3\logoCole.jpg --> studentweb.cencol.ca /lartyukh/website/studentweb/Assignment3 logoCole.jpg
2013.09.10 23:22 B F:\111semester 3\advanced web design\website\studentweb\Assignment3\map.jpg --> studentweb.cencol.ca /lartyukh/website/studentweb/Assignment3 map.jpg
2013.09.10 23:22 B F:\111semester 3\advanced web design\website\studentweb\Assignment3\openBeige.jpg --> studentweb.cencol.ca /lartyukh/website/studentweb/Assignment3 openBeige.jpg
2013.09.10 23:22 B F:\111semester 3\advanced web design\website\studentweb\Assignment3\orangePump.jpg --> studentweb.cencol.ca /lartyukh/website/studentweb/Assignment3 orangePump.jpg
2013.09.10 23:22 B F:\111semester 3\advanced web design\website\studentweb\Assignment3\shoe1.jpg --> studentweb.cencol.ca /lartyukh/website/studentweb/Assignment3 shoe1.jpg
2013.09.10 23:22 B F:\111semester 3\advanced web design\website\studentweb\Assignment3\shoe2.jpg --> studentweb.cencol.ca /lartyukh/website/studentweb/Assignment3 shoe2.jpg
2013.09.10 23:22 B F:\111semester 3\advanced web design\website\studentweb\Assignment3\shoe3.jpg --> studentweb.cencol.ca /lartyukh/website/studentweb/Assignment3 shoe3.jpg
2013.09.10 23:22 B F:\111semester 3\advanced web design\website\studentweb\Assignment3\shoe4.jpg --> studentweb.cencol.ca /lartyukh/website/studentweb/Assignment3 shoe4.jpg
2013.09.10 23:22 B F:\111semester 3\advanced web design\website\studentweb\Assignment3\shoe5.jpg --> studentweb.cencol.ca /lartyukh/website/studentweb/Assignment3 shoe5.jpg
2013.09.10 23:23 B F:\111semester 3\advanced web design\website\studentweb\Assignment3\shoes.jpg --> studentweb.cencol.ca /lartyukh/website/studentweb/Assignment3 shoes.jpg
2013.09.10 23:23 B F:\111semester 3\advanced web design\website\studentweb\Assignment3\stylesA3.css --> studentweb.cencol.ca /lartyukh/website/studentweb/Assignment3 stylesA3.css
2013.09.10 23:23 B F:\111semester 3\advanced web design\website\studentweb\Assignment3\Venice.jpg --> studentweb.cencol.ca /lartyukh/website/studentweb/Assignment3 Venice.jpg
2013.09.10 23:23 B F:\111semester 3\advanced web design\website\studentweb\Assignment3\WS_FTP.LOG --> studentweb.cencol.ca /lartyukh/website/studentweb/Assignment3 WS_FTP.LOG
2013.09.10 23:29 B F:\111semester 3\advanced web design\website\studentweb\Assignment3\assignment3.html --> studentweb.cencol.ca /lartyukh/studentweb/Assignment3 assignment3.html
2013.09.10 23:29 B F:\111semester 3\advanced web design\website\studentweb\Assignment3\beigePump.jpg --> studentweb.cencol.ca /lartyukh/studentweb/Assignment3 beigePump.jpg
2013.09.10 23:29 B F:\111semester 3\advanced web design\website\studentweb\Assignment3\blackAndGray.jpg --> studentweb.cencol.ca /lartyukh/studentweb/Assignment3 blackAndGray.jpg
2013.09.10 23:29 B F:\111semester 3\advanced web design\website\studentweb\Assignment3\boot.jpg --> studentweb.cencol.ca /lartyukh/studentweb/Assignment3 boot.jpg
2013.09.10 23:29 B F:\111semester 3\advanced web design\website\studentweb\Assignment3\bullets.gif --> studentweb.cencol.ca /lartyukh/studentweb/Assignment3 bullets.gif
2013.09.10 23:29 B F:\111semester 3\advanced web design\website\studentweb\Assignment3\contact.png --> studentweb.cencol.ca /lartyukh/studentweb/Assignment3 contact.png
2013.09.10 23:29 B F:\111semester 3\advanced web design\website\studentweb\Assignment3\Details1.html --> studentweb.cencol.ca /lartyukh/studentweb/Assignment3 Details1.html
2013.09.10 23:29 B F:\111semester 3\advanced web design\website\studentweb\Assignment3\Details2.html --> studentweb.cencol.ca /lartyukh/studentweb/Assignment3 Details2.html
2013.09.10 23:29 B F:\111semester 3\advanced web design\website\studentweb\Assignment3\Details3.html --> studentweb.cencol.ca /lartyukh/studentweb/Assignment3 Details3.html
2013.09.10 23:29 B F:\111semester 3\advanced web design\website\studentweb\Assignment3\Details4.html --> studentweb.cencol.ca /lartyukh/studentweb/Assignment3 Details4.html
2013.09.10 23:29 B F:\111semester 3\advanced web design\website\studentweb\Assignment3\Details5.html --> studentweb.cencol.ca /lartyukh/studentweb/Assignment3 Details5.html
2013.09.10 23:29 B F:\111semester 3\advanced web design\website\studentweb\Assignment3\logoCole.jpg --> studentweb.cencol.ca /lartyukh/studentweb/Assignment3 logoCole.jpg
2013.09.10 23:29 B F:\111semester 3\advanced web design\website\studentweb\Assignment3\map.jpg --> studentweb.cencol.ca /lartyukh/studentweb/Assignment3 map.jpg
2013.09.10 23:29 B F:\111semester 3\advanced web design\website\studentweb\Assignment3\openBeige.jpg --> studentweb.cencol.ca /lartyukh/studentweb/Assignment3 openBeige.jpg
2013.09.10 23:29 B F:\111semester 3\advanced web design\website\studentweb\Assignment3\orangePump.jpg --> studentweb.cencol.ca /lartyukh/studentweb/Assignment3 orangePump.jpg
2013.09.10 23:29 B F:\111semester 3\advanced web design\website\studentweb\Assignment3\shoe1.jpg --> studentweb.cencol.ca /lartyukh/studentweb/Assignment3 shoe1.jpg
2013.09.10 23:29 B F:\111semester 3\advanced web design\website\studentweb\Assignment3\shoe2.jpg --> studentweb.cencol.ca /lartyukh/studentweb/Assignment3 shoe2.jpg
2013.09.10 23:29 B F:\111semester 3\advanced web design\website\studentweb\Assignment3\shoe3.jpg --> studentweb.cencol.ca /lartyukh/studentweb/Assignment3 shoe3.jpg
2013.09.10 23:29 B F:\111semester 3\advanced web design\website\studentweb\Assignment3\shoe4.jpg --> studentweb.cencol.ca /lartyukh/studentweb/Assignment3 shoe4.jpg
2013.09.10 23:29 B F:\111semester 3\advanced web design\website\studentweb\Assignment3\shoe5.jpg --> studentweb.cencol.ca /lartyukh/studentweb/Assignment3 shoe5.jpg
2013.09.10 23:29 B F:\111semester 3\advanced web design\website\studentweb\Assignment3\shoes.jpg --> studentweb.cencol.ca /lartyukh/studentweb/Assignment3 shoes.jpg
2013.09.10 23:29 B F:\111semester 3\advanced web design\website\studentweb\Assignment3\stylesA3.css --> studentweb.cencol.ca /lartyukh/studentweb/Assignment3 stylesA3.css
2013.09.10 23:29 B F:\111semester 3\advanced web design\website\studentweb\Assignment3\Venice.jpg --> studentweb.cencol.ca /lartyukh/studentweb/Assignment3 Venice.jpg
2013.09.10 23:29 B F:\111semester 3\advanced web design\website\studentweb\Assignment3\WS_FTP.LOG --> studentweb.cencol.ca /lartyukh/studentweb/Assignment3 WS_FTP.LOG
2013.09.12 03:36 B F:\111semester 3\advanced web design\website\webDesign1\Assignment3\assignment3.html --> studentweb.cencol.ca /lartyukh/webDesign1/Assignment3 assignment3.html
2013.09.12 03:36 B F:\111semester 3\advanced web design\website\webDesign1\Assignment3\beigePump.jpg --> studentweb.cencol.ca /lartyukh/webDesign1/Assignment3 beigePump.jpg
2013.09.12 03:36 B F:\111semester 3\advanced web design\website\webDesign1\Assignment3\blackAndGray.jpg --> studentweb.cencol.ca /lartyukh/webDesign1/Assignment3 blackAndGray.jpg
2013.09.12 03:36 B F:\111semester 3\advanced web design\website\webDesign1\Assignment3\boot.jpg --> studentweb.cencol.ca /lartyukh/webDesign1/Assignment3 boot.jpg
2013.09.12 03:36 B F:\111semester 3\advanced web design\website\webDesign1\Assignment3\bullets.gif --> studentweb.cencol.ca /lartyukh/webDesign1/Assignment3 bullets.gif
2013.09.12 03:36 B F:\111semester 3\advanced web design\website\webDesign1\Assignment3\contact.png --> studentweb.cencol.ca /lartyukh/webDesign1/Assignment3 contact.png
2013.09.12 03:36 B F:\111semester 3\advanced web design\website\webDesign1\Assignment3\Details1.html --> studentweb.cencol.ca /lartyukh/webDesign1/Assignment3 Details1.html
2013.09.12 03:36 B F:\111semester 3\advanced web design\website\webDesign1\Assignment3\Details2.html --> studentweb.cencol.ca /lartyukh/webDesign1/Assignment3 Details2.html
2013.09.12 03:36 B F:\111semester 3\advanced web design\website\webDesign1\Assignment3\Details3.html --> studentweb.cencol.ca /lartyukh/webDesign1/Assignment3 Details3.html
2013.09.12 03:36 B F:\111semester 3\advanced web design\website\webDesign1\Assignment3\Details4.html --> studentweb.cencol.ca /lartyukh/webDesign1/Assignment3 Details4.html
2013.09.12 03:36 B F:\111semester 3\advanced web design\website\webDesign1\Assignment3\Details5.html --> studentweb.cencol.ca /lartyukh/webDesign1/Assignment3 Details5.html
2013.09.12 03:36 B F:\111semester 3\advanced web design\website\webDesign1\Assignment3\logoCole.jpg --> studentweb.cencol.ca /lartyukh/webDesign1/Assignment3 logoCole.jpg
2013.09.12 03:36 B F:\111semester 3\advanced web design\website\webDesign1\Assignment3\map.jpg --> studentweb.cencol.ca /lartyukh/webDesign1/Assignment3 map.jpg
2013.09.12 03:36 B F:\111semester 3\advanced web design\website\webDesign1\Assignment3\openBeige.jpg --> studentweb.cencol.ca /lartyukh/webDesign1/Assignment3 openBeige.jpg
2013.09.12 03:36 B F:\111semester 3\advanced web design\website\webDesign1\Assignment3\orangePump.jpg --> studentweb.cencol.ca /lartyukh/webDesign1/Assignment3 orangePump.jpg
2013.09.12 03:36 B F:\111semester 3\advanced web design\website\webDesign1\Assignment3\shoe1.jpg --> studentweb.cencol.ca /lartyukh/webDesign1/Assignment3 shoe1.jpg
2013.09.12 03:36 B F:\111semester 3\advanced web design\website\webDesign1\Assignment3\shoe2.jpg --> studentweb.cencol.ca /lartyukh/webDesign1/Assignment3 shoe2.jpg
2013.09.12 03:36 B F:\111semester 3\advanced web design\website\webDesign1\Assignment3\shoe3.jpg --> studentweb.cencol.ca /lartyukh/webDesign1/Assignment3 shoe3.jpg
2013.09.12 03:36 B F:\111semester 3\advanced web design\website\webDesign1\Assignment3\shoe4.jpg --> studentweb.cencol.ca /lartyukh/webDesign1/Assignment3 shoe4.jpg
2013.09.12 03:36 B F:\111semester 3\advanced web design\website\webDesign1\Assignment3\shoe5.jpg --> studentweb.cencol.ca /lartyukh/webDesign1/Assignment3 shoe5.jpg
2013.09.12 03:36 B F:\111semester 3\advanced web design\website\webDesign1\Assignment3\shoes.jpg --> studentweb.cencol.ca /lartyukh/webDesign1/Assignment3 shoes.jpg
2013.09.12 03:36 B F:\111semester 3\advanced web design\website\webDesign1\Assignment3\stylesA3.css --> studentweb.cencol.ca /lartyukh/webDesign1/Assignment3 stylesA3.css
2013.09.12 03:36 B F:\111semester 3\advanced web design\website\webDesign1\Assignment3\WS_FTP.LOG --> studentweb.cencol.ca /lartyukh/webDesign1/Assignment3 WS_FTP.LOG
2013.09.12 22:31 B F:\111semester 3\advanced web design\website\webDesign1\Assignment3\WS_FTP.LOG --> studentweb.cencol.ca /lartyukh/webDesign1/Assignment3 WS_FTP.LOG
2013.09.12 22:38 B F:\111semester 3\advanced web design\website\webDesign1\Assignment3\assignment3.html --> studentweb.cencol.ca /lartyukh/webDesign1/Assignment3 assignment3.html
2013.09.12 22:38 B F:\111semester 3\advanced web design\website\webDesign1\Assignment3\beigePump.jpg --> studentweb.cencol.ca /lartyukh/webDesign1/Assignment3 beigePump.jpg
2013.09.12 22:38 B F:\111semester 3\advanced web design\website\webDesign1\Assignment3\blackAndGray.jpg --> studentweb.cencol.ca /lartyukh/webDesign1/Assignment3 blackAndGray.jpg
2013.09.12 22:38 B F:\111semester 3\advanced web design\website\webDesign1\Assignment3\boot.jpg --> studentweb.cencol.ca /lartyukh/webDesign1/Assignment3 boot.jpg
2013.09.12 22:38 B F:\111semester 3\advanced web design\website\webDesign1\Assignment3\bullets.gif --> studentweb.cencol.ca /lartyukh/webDesign1/Assignment3 bullets.gif
2013.09.12 22:38 B F:\111semester 3\advanced web design\website\webDesign1\Assignment3\contact.png --> studentweb.cencol.ca /lartyukh/webDesign1/Assignment3 contact.png
2013.09.12 22:38 B F:\111semester 3\advanced web design\website\webDesign1\Assignment3\Details1.html --> studentweb.cencol.ca /lartyukh/webDesign1/Assignment3 Details1.html
2013.09.12 22:38 B F:\111semester 3\advanced web design\website\webDesign1\Assignment3\Details2.html --> studentweb.cencol.ca /lartyukh/webDesign1/Assignment3 Details2.html
2013.09.12 22:38 B F:\111semester 3\advanced web design\website\webDesign1\Assignment3\Details3.html --> studentweb.cencol.ca /lartyukh/webDesign1/Assignment3 Details3.html
2013.09.12 22:38 B F:\111semester 3\advanced web design\website\webDesign1\Assignment3\Details4.html --> studentweb.cencol.ca /lartyukh/webDesign1/Assignment3 Details4.html
2013.09.12 22:38 B F:\111semester 3\advanced web design\website\webDesign1\Assignment3\Details5.html --> studentweb.cencol.ca /lartyukh/webDesign1/Assignment3 Details5.html
2013.09.12 22:38 B F:\111semester 3\advanced web design\website\webDesign1\Assignment3\logoCole.jpg --> studentweb.cencol.ca /lartyukh/webDesign1/Assignment3 logoCole.jpg
2013.09.12 22:38 B F:\111semester 3\advanced web design\website\webDesign1\Assignment3\map.jpg --> studentweb.cencol.ca /lartyukh/webDesign1/Assignment3 map.jpg
2013.09.12 22:38 B F:\111semester 3\advanced web design\website\webDesign1\Assignment3\openBeige.jpg --> studentweb.cencol.ca /lartyukh/webDesign1/Assignment3 openBeige.jpg
2013.09.12 22:38 B F:\111semester 3\advanced web design\website\webDesign1\Assignment3\orangePump.jpg --> studentweb.cencol.ca /lartyukh/webDesign1/Assignment3 orangePump.jpg
2013.09.12 22:38 B F:\111semester 3\advanced web design\website\webDesign1\Assignment3\shoe1.jpg --> studentweb.cencol.ca /lartyukh/webDesign1/Assignment3 shoe1.jpg
2013.09.12 22:38 B F:\111semester 3\advanced web design\website\webDesign1\Assignment3\shoe2.jpg --> studentweb.cencol.ca /lartyukh/webDesign1/Assignment3 shoe2.jpg
2013.09.12 22:38 B F:\111semester 3\advanced web design\website\webDesign1\Assignment3\shoe3.jpg --> studentweb.cencol.ca /lartyukh/webDesign1/Assignment3 shoe3.jpg
2013.09.12 22:38 B F:\111semester 3\advanced web design\website\webDesign1\Assignment3\shoe4.jpg --> studentweb.cencol.ca /lartyukh/webDesign1/Assignment3 shoe4.jpg
2013.09.12 22:38 B F:\111semester 3\advanced web design\website\webDesign1\Assignment3\shoe5.jpg --> studentweb.cencol.ca /lartyukh/webDesign1/Assignment3 shoe5.jpg
2013.09.12 22:38 B F:\111semester 3\advanced web design\website\webDesign1\Assignment3\shoes.jpg --> studentweb.cencol.ca /lartyukh/webDesign1/Assignment3 shoes.jpg
2013.09.12 22:38 B F:\111semester 3\advanced web design\website\webDesign1\Assignment3\stylesA3.css --> studentweb.cencol.ca /lartyukh/webDesign1/Assignment3 stylesA3.css
2013.09.12 22:38 B F:\111semester 3\advanced web design\website\webDesign1\Assignment3\WS_FTP.LOG --> studentweb.cencol.ca /lartyukh/webDesign1/Assignment3 WS_FTP.LOG
2013.09.15 20:16 B F:\111semester 3\advanced web design\website\webDesign1\Assignment3\WS_FTP.LOG --> studentweb.cencol.ca /lartyukh/webDesign1/Assignment3 WS_FTP.LOG
2013.09.20 21:19 B F:\111semester 3\advanced web design\website\webDesign1\Assignment3\WS_FTP.LOG --> studentweb.cencol.ca /lartyukh/webDesign1/Assignment3 WS_FTP.LOG
2013.09.23 13:09 B F:\111semester 3\advanced web design\website\webDesign1\Assignment3\WS_FTP.LOG --> studentweb.cencol.ca /lartyukh/webDesign1/Assignment3 WS_FTP.LOG
2013.09.23 13:51 B F:\111semester 3\advanced web design\website\webDesign1\Assignment3\WS_FTP.LOG --> studentweb.cencol.ca /lartyukh/webDesign1/Assignment3 WS_FTP.LOG
2013.09.24 10:20 B F:\111semester 3\advanced web design\website\webDesign1\Assignment3\WS_FTP.LOG --> studentweb.cencol.ca /lartyukh/webDesign1/Assignment3 WS_FTP.LOG
2013.10.05 11:26 B F:\111semester 3\advanced web design\website\webDesign1\Assignment3\WS_FTP.LOG --> studentweb.cencol.ca /lartyukh/webDesign1/Assignment3 WS_FTP.LOG
2013.11.12 13:01 B E:\111semester 3\advanced web design\website\webDesign1\Assignment3\assignment3.html --> studentweb.cencol.ca /lartyukh/webDesign1/Assignment3 assignment3.html
2013.11.12 13:01 B E:\111semester 3\advanced web design\website\webDesign1\Assignment3\shoes.jpg --> studentweb.cencol.ca /lartyukh/webDesign1/Assignment3 shoes.jpg
2013.11.12 13:01 B E:\111semester 3\advanced web design\website\webDesign1\Assignment3\stylesA3.css --> studentweb.cencol.ca /lartyukh/webDesign1/Assignment3 stylesA3.css
2013.11.12 13:01 B E:\111semester 3\advanced web design\website\webDesign1\Assignment3\WS_FTP.LOG --> studentweb.cencol.ca /lartyukh/webDesign1/Assignment3 WS_FTP.LOG
