2013.04.04 12:03 B G:\COMP213 Web Design\studentweb\Assignment5\assignment5.css --> studentweb.cencol.ca /lartyukh/Assignment5 assignment5.css
2013.04.04 12:03 B G:\COMP213 Web Design\studentweb\Assignment5\assignment5.xml --> studentweb.cencol.ca /lartyukh/Assignment5 assignment5.xml
2013.04.04 20:35 B G:\COMP213 Web Design\studentweb\Assignment5\alpen.bmp --> studentweb.cencol.ca /Assignment5 alpen.bmp
2013.04.04 20:35 B G:\COMP213 Web Design\studentweb\Assignment5\alpen.jpg --> studentweb.cencol.ca /Assignment5 alpen.jpg
2013.04.04 20:35 B G:\COMP213 Web Design\studentweb\Assignment5\assignment5.css --> studentweb.cencol.ca /Assignment5 assignment5.css
2013.04.04 20:35 B G:\COMP213 Web Design\studentweb\Assignment5\assignment5.xml --> studentweb.cencol.ca /Assignment5 assignment5.xml
2013.04.04 20:35 B G:\COMP213 Web Design\studentweb\Assignment5\finger.jpg --> studentweb.cencol.ca /Assignment5 finger.jpg
2013.04.04 20:35 B G:\COMP213 Web Design\studentweb\Assignment5\toblerone.jpg --> studentweb.cencol.ca /Assignment5 toblerone.jpg
2013.04.04 20:35 B G:\COMP213 Web Design\studentweb\Assignment5\WS_FTP.LOG --> studentweb.cencol.ca /Assignment5 WS_FTP.LOG
2013.04.04 20:36 B G:\COMP213 Web Design\studentweb\Assignment5\alpen.bmp --> studentweb.cencol.ca /lartyukh/Assignment5 alpen.bmp
2013.04.04 20:36 B G:\COMP213 Web Design\studentweb\Assignment5\alpen.jpg --> studentweb.cencol.ca /lartyukh/Assignment5 alpen.jpg
2013.04.04 20:36 B G:\COMP213 Web Design\studentweb\Assignment5\assignment5.css --> studentweb.cencol.ca /lartyukh/Assignment5 assignment5.css
2013.04.04 20:36 B G:\COMP213 Web Design\studentweb\Assignment5\assignment5.xml --> studentweb.cencol.ca /lartyukh/Assignment5 assignment5.xml
2013.04.04 20:36 B G:\COMP213 Web Design\studentweb\Assignment5\finger.jpg --> studentweb.cencol.ca /lartyukh/Assignment5 finger.jpg
2013.04.04 20:36 B G:\COMP213 Web Design\studentweb\Assignment5\toblerone.jpg --> studentweb.cencol.ca /lartyukh/Assignment5 toblerone.jpg
2013.04.04 20:36 B G:\COMP213 Web Design\studentweb\Assignment5\WS_FTP.LOG --> studentweb.cencol.ca /lartyukh/Assignment5 WS_FTP.LOG
2013.04.05 09:02 B G:\COMP213 Web Design\studentweb\Assignment5\assignment5.css --> studentweb.cencol.ca /lartyukh/Assignment5 assignment5.css
2013.04.05 09:02 B G:\COMP213 Web Design\studentweb\Assignment5\assignment5.xml --> studentweb.cencol.ca /lartyukh/Assignment5 assignment5.xml
2013.04.05 09:02 B G:\COMP213 Web Design\studentweb\Assignment5\WS_FTP.LOG --> studentweb.cencol.ca /lartyukh/Assignment5 WS_FTP.LOG
2013.04.05 09:04 B G:\COMP213 Web Design\studentweb\Assignment5\WS_FTP.LOG --> studentweb.cencol.ca /lartyukh/Assignment5 WS_FTP.LOG
2013.04.05 09:09 B G:\COMP213 Web Design\studentweb\Assignment5\WS_FTP.LOG --> studentweb.cencol.ca /lartyukh/Assignment5 WS_FTP.LOG
2013.04.05 09:48 B G:\COMP213 Web Design\studentweb\Assignment5\alpen.jpg --> studentweb.cencol.ca /lartyukh/Assignment5 alpen.jpg
2013.04.05 09:48 B G:\COMP213 Web Design\studentweb\Assignment5\assignment5.css --> studentweb.cencol.ca /lartyukh/Assignment5 assignment5.css
2013.04.05 09:48 B G:\COMP213 Web Design\studentweb\Assignment5\assignment5.xml --> studentweb.cencol.ca /lartyukh/Assignment5 assignment5.xml
2013.04.05 09:48 B G:\COMP213 Web Design\studentweb\Assignment5\finger.jpg --> studentweb.cencol.ca /lartyukh/Assignment5 finger.jpg
2013.04.05 09:48 B G:\COMP213 Web Design\studentweb\Assignment5\toblerone.jpg --> studentweb.cencol.ca /lartyukh/Assignment5 toblerone.jpg
2013.04.05 09:48 B G:\COMP213 Web Design\studentweb\Assignment5\WS_FTP.LOG --> studentweb.cencol.ca /lartyukh/Assignment5 WS_FTP.LOG
2013.04.05 16:20 B E:\COMP213 Web Design\studentweb\Assignment5\assignment5.css --> studentweb.cencol.ca /lartyukh/Assignment5 assignment5.css
2013.04.05 16:20 B E:\COMP213 Web Design\studentweb\Assignment5\assignment5.xml --> studentweb.cencol.ca /lartyukh/Assignment5 assignment5.xml
2013.04.05 16:20 B E:\COMP213 Web Design\studentweb\Assignment5\WS_FTP.LOG --> studentweb.cencol.ca /lartyukh/Assignment5 WS_FTP.LOG
2013.04.06 13:24 B G:\COMP213 Web Design\studentweb\Assignment5\assignment5.css --> studentweb.cencol.ca /lartyukh/Assignment5 assignment5.css
2013.04.06 13:24 B G:\COMP213 Web Design\studentweb\Assignment5\assignment5.xml --> studentweb.cencol.ca /lartyukh/Assignment5 assignment5.xml
2013.04.06 13:24 B G:\COMP213 Web Design\studentweb\Assignment5\assignment5T.css --> studentweb.cencol.ca /lartyukh/Assignment5 assignment5T.css
2013.04.06 13:24 B G:\COMP213 Web Design\studentweb\Assignment5\assignment5T.xml --> studentweb.cencol.ca /lartyukh/Assignment5 assignment5T.xml
2013.04.06 13:24 B G:\COMP213 Web Design\studentweb\Assignment5\finger.jpg --> studentweb.cencol.ca /lartyukh/Assignment5 finger.jpg
2013.04.06 13:24 B G:\COMP213 Web Design\studentweb\Assignment5\grenola.jpg --> studentweb.cencol.ca /lartyukh/Assignment5 grenola.jpg
2013.04.06 13:24 B G:\COMP213 Web Design\studentweb\Assignment5\grenola.png --> studentweb.cencol.ca /lartyukh/Assignment5 grenola.png
2013.04.06 13:24 B G:\COMP213 Web Design\studentweb\Assignment5\toblerone.gif --> studentweb.cencol.ca /lartyukh/Assignment5 toblerone.gif
2013.04.06 13:24 B G:\COMP213 Web Design\studentweb\Assignment5\toblerone.jpg --> studentweb.cencol.ca /lartyukh/Assignment5 toblerone.jpg
2013.04.06 13:24 B G:\COMP213 Web Design\studentweb\Assignment5\tobleroneC.jpg --> studentweb.cencol.ca /lartyukh/Assignment5 tobleroneC.jpg
2013.04.06 13:24 B G:\COMP213 Web Design\studentweb\Assignment5\WS_FTP.LOG --> studentweb.cencol.ca /lartyukh/Assignment5 WS_FTP.LOG
2013.04.07 13:33 B G:\COMP213 Web Design\studentweb\Assignment5\assignment5.css --> studentweb.cencol.ca /lartyukh/Assignment5 assignment5.css
2013.04.07 13:33 B G:\COMP213 Web Design\studentweb\Assignment5\assignment5T.css --> studentweb.cencol.ca /lartyukh/Assignment5 assignment5T.css
2013.04.07 13:33 B G:\COMP213 Web Design\studentweb\Assignment5\assignment5T.xml --> studentweb.cencol.ca /lartyukh/Assignment5 assignment5T.xml
2013.04.07 13:33 B G:\COMP213 Web Design\studentweb\Assignment5\finger.jpg --> studentweb.cencol.ca /lartyukh/Assignment5 finger.jpg
2013.04.07 13:33 B G:\COMP213 Web Design\studentweb\Assignment5\WS_FTP.LOG --> studentweb.cencol.ca /lartyukh/Assignment5 WS_FTP.LOG
2013.04.07 15:13 B G:\COMP213 Web Design\studentweb\Assignment5\assignment5.css --> studentweb.cencol.ca /lartyukh/Assignment5 assignment5.css
2013.04.07 15:13 B G:\COMP213 Web Design\studentweb\Assignment5\WS_FTP.LOG --> studentweb.cencol.ca /lartyukh/Assignment5 WS_FTP.LOG
2013.04.09 12:46 B E:\COMP213 Web Design\studentweb\Assignment5\assignment5.css --> studentweb.cencol.ca /lartyukh/Assignment5 assignment5.css
2013.04.09 12:46 B E:\COMP213 Web Design\studentweb\Assignment5\assignment5.xml --> studentweb.cencol.ca /lartyukh/Assignment5 assignment5.xml
2013.04.09 13:59 B E:\COMP213 Web Design\studentweb\Assignment5\assignment5.css --> studentweb.cencol.ca /lartyukh/Assignment5 assignment5.css
2013.04.09 13:59 B E:\COMP213 Web Design\studentweb\Assignment5\assignment5.xml --> studentweb.cencol.ca /lartyukh/Assignment5 assignment5.xml
2013.04.09 13:59 B E:\COMP213 Web Design\studentweb\Assignment5\assignment5T.css --> studentweb.cencol.ca /lartyukh/Assignment5 assignment5T.css
2013.04.09 13:59 B E:\COMP213 Web Design\studentweb\Assignment5\assignment5T.xml --> studentweb.cencol.ca /lartyukh/Assignment5 assignment5T.xml
2013.04.09 14:00 B E:\COMP213 Web Design\studentweb\Assignment5\WS_FTP.LOG --> studentweb.cencol.ca /lartyukh/Assignment5 WS_FTP.LOG
2013.04.17 12:30 B E:\COMP213 Web Design\studentweb\Assignment5\assignment5T.xml --> studentweb.cencol.ca /lartyukh/Assignment5 assignment5T.xml
2013.04.17 12:30 B E:\COMP213 Web Design\studentweb\Assignment5\WS_FTP.LOG --> studentweb.cencol.ca /lartyukh/Assignment5 WS_FTP.LOG
2013.04.18 08:31 B G:\COMP213 Web Design\studentweb\Assignment5\assignment5.css --> studentweb.cencol.ca /lartyukh/Assignment5 assignment5.css
2013.04.18 08:31 B G:\COMP213 Web Design\studentweb\Assignment5\assignment5.xml --> studentweb.cencol.ca /lartyukh/Assignment5 assignment5.xml
2013.04.18 08:31 B G:\COMP213 Web Design\studentweb\Assignment5\assignment5T.css --> studentweb.cencol.ca /lartyukh/Assignment5 assignment5T.css
2013.04.18 08:31 B G:\COMP213 Web Design\studentweb\Assignment5\assignment5T.xml --> studentweb.cencol.ca /lartyukh/Assignment5 assignment5T.xml
2013.04.18 08:31 B G:\COMP213 Web Design\studentweb\Assignment5\finger.jpg --> studentweb.cencol.ca /lartyukh/Assignment5 finger.jpg
2013.04.18 08:31 B G:\COMP213 Web Design\studentweb\Assignment5\grenola.png --> studentweb.cencol.ca /lartyukh/Assignment5 grenola.png
2013.04.18 08:31 B G:\COMP213 Web Design\studentweb\Assignment5\toblerone.gif --> studentweb.cencol.ca /lartyukh/Assignment5 toblerone.gif
2013.04.18 08:31 B G:\COMP213 Web Design\studentweb\Assignment5\WS_FTP.LOG --> studentweb.cencol.ca /lartyukh/Assignment5 WS_FTP.LOG
2013.04.18 09:28 B G:\COMP213 Web Design\studentweb\Assignment5\assignment5.xml --> studentweb.cencol.ca /lartyukh/Assignment5 assignment5.xml
2013.04.18 09:29 B G:\COMP213 Web Design\studentweb\Assignment5\assignment5T.xml --> studentweb.cencol.ca /lartyukh/Assignment5 assignment5T.xml
2013.04.18 09:29 B G:\COMP213 Web Design\studentweb\Assignment5\WS_FTP.LOG --> studentweb.cencol.ca /lartyukh/Assignment5 WS_FTP.LOG
2013.04.18 18:22 B G:\COMP213 Web Design\studentweb\Assignment5\WS_FTP.LOG --> studentweb.cencol.ca /lartyukh/Assignment5 WS_FTP.LOG
2013.09.05 09:05 B F:\COMP213 Web Design\studentweb\Assignment5\assignment5.css --> studentweb.cencol.ca /lartyukh/Assignment5 assignment5.css
2013.09.05 09:05 B F:\COMP213 Web Design\studentweb\Assignment5\assignment5.xml --> studentweb.cencol.ca /lartyukh/Assignment5 assignment5.xml
2013.09.05 09:05 B F:\COMP213 Web Design\studentweb\Assignment5\assignment5T.css --> studentweb.cencol.ca /lartyukh/Assignment5 assignment5T.css
2013.09.05 09:05 B F:\COMP213 Web Design\studentweb\Assignment5\assignment5T.xml --> studentweb.cencol.ca /lartyukh/Assignment5 assignment5T.xml
2013.09.05 09:05 B F:\COMP213 Web Design\studentweb\Assignment5\finger.jpg --> studentweb.cencol.ca /lartyukh/Assignment5 finger.jpg
2013.09.05 09:05 B F:\COMP213 Web Design\studentweb\Assignment5\grenola.png --> studentweb.cencol.ca /lartyukh/Assignment5 grenola.png
2013.09.05 09:05 B F:\COMP213 Web Design\studentweb\Assignment5\toblerone.gif --> studentweb.cencol.ca /lartyukh/Assignment5 toblerone.gif
2013.09.05 09:05 B F:\COMP213 Web Design\studentweb\Assignment5\WS_FTP.LOG --> studentweb.cencol.ca /lartyukh/Assignment5 WS_FTP.LOG
2013.09.10 23:23 B F:\111semester 3\advanced web design\website\studentweb\Assignment5\assignment5.css --> studentweb.cencol.ca /lartyukh/website/studentweb/Assignment5 assignment5.css
2013.09.10 23:23 B F:\111semester 3\advanced web design\website\studentweb\Assignment5\assignment5.xml --> studentweb.cencol.ca /lartyukh/website/studentweb/Assignment5 assignment5.xml
2013.09.10 23:23 B F:\111semester 3\advanced web design\website\studentweb\Assignment5\assignment5T.css --> studentweb.cencol.ca /lartyukh/website/studentweb/Assignment5 assignment5T.css
2013.09.10 23:23 B F:\111semester 3\advanced web design\website\studentweb\Assignment5\assignment5T.xml --> studentweb.cencol.ca /lartyukh/website/studentweb/Assignment5 assignment5T.xml
2013.09.10 23:23 B F:\111semester 3\advanced web design\website\studentweb\Assignment5\finger.jpg --> studentweb.cencol.ca /lartyukh/website/studentweb/Assignment5 finger.jpg
2013.09.10 23:23 B F:\111semester 3\advanced web design\website\studentweb\Assignment5\grenola.png --> studentweb.cencol.ca /lartyukh/website/studentweb/Assignment5 grenola.png
2013.09.10 23:23 B F:\111semester 3\advanced web design\website\studentweb\Assignment5\toblerone.gif --> studentweb.cencol.ca /lartyukh/website/studentweb/Assignment5 toblerone.gif
2013.09.10 23:23 B F:\111semester 3\advanced web design\website\studentweb\Assignment5\WS_FTP.LOG --> studentweb.cencol.ca /lartyukh/website/studentweb/Assignment5 WS_FTP.LOG
2013.09.10 23:29 B F:\111semester 3\advanced web design\website\studentweb\Assignment5\assignment5.css --> studentweb.cencol.ca /lartyukh/studentweb/Assignment5 assignment5.css
2013.09.10 23:29 B F:\111semester 3\advanced web design\website\studentweb\Assignment5\assignment5.xml --> studentweb.cencol.ca /lartyukh/studentweb/Assignment5 assignment5.xml
2013.09.10 23:29 B F:\111semester 3\advanced web design\website\studentweb\Assignment5\assignment5T.css --> studentweb.cencol.ca /lartyukh/studentweb/Assignment5 assignment5T.css
2013.09.10 23:29 B F:\111semester 3\advanced web design\website\studentweb\Assignment5\assignment5T.xml --> studentweb.cencol.ca /lartyukh/studentweb/Assignment5 assignment5T.xml
2013.09.10 23:29 B F:\111semester 3\advanced web design\website\studentweb\Assignment5\finger.jpg --> studentweb.cencol.ca /lartyukh/studentweb/Assignment5 finger.jpg
2013.09.10 23:29 B F:\111semester 3\advanced web design\website\studentweb\Assignment5\grenola.png --> studentweb.cencol.ca /lartyukh/studentweb/Assignment5 grenola.png
2013.09.10 23:29 B F:\111semester 3\advanced web design\website\studentweb\Assignment5\toblerone.gif --> studentweb.cencol.ca /lartyukh/studentweb/Assignment5 toblerone.gif
2013.09.10 23:29 B F:\111semester 3\advanced web design\website\studentweb\Assignment5\WS_FTP.LOG --> studentweb.cencol.ca /lartyukh/studentweb/Assignment5 WS_FTP.LOG
2013.09.12 03:36 B F:\111semester 3\advanced web design\website\webDesign1\Assignment5\assignment5.css --> studentweb.cencol.ca /lartyukh/webDesign1/Assignment5 assignment5.css
2013.09.12 03:36 B F:\111semester 3\advanced web design\website\webDesign1\Assignment5\assignment5.xml --> studentweb.cencol.ca /lartyukh/webDesign1/Assignment5 assignment5.xml
2013.09.12 03:36 B F:\111semester 3\advanced web design\website\webDesign1\Assignment5\assignment5T.css --> studentweb.cencol.ca /lartyukh/webDesign1/Assignment5 assignment5T.css
2013.09.12 03:36 B F:\111semester 3\advanced web design\website\webDesign1\Assignment5\assignment5T.xml --> studentweb.cencol.ca /lartyukh/webDesign1/Assignment5 assignment5T.xml
2013.09.12 03:36 B F:\111semester 3\advanced web design\website\webDesign1\Assignment5\finger.jpg --> studentweb.cencol.ca /lartyukh/webDesign1/Assignment5 finger.jpg
2013.09.12 03:36 B F:\111semester 3\advanced web design\website\webDesign1\Assignment5\grenola.png --> studentweb.cencol.ca /lartyukh/webDesign1/Assignment5 grenola.png
2013.09.12 03:36 B F:\111semester 3\advanced web design\website\webDesign1\Assignment5\toblerone.gif --> studentweb.cencol.ca /lartyukh/webDesign1/Assignment5 toblerone.gif
2013.09.12 03:36 B F:\111semester 3\advanced web design\website\webDesign1\Assignment5\WS_FTP.LOG --> studentweb.cencol.ca /lartyukh/webDesign1/Assignment5 WS_FTP.LOG
2013.09.12 22:31 B F:\111semester 3\advanced web design\website\webDesign1\Assignment5\WS_FTP.LOG --> studentweb.cencol.ca /lartyukh/webDesign1/Assignment5 WS_FTP.LOG
2013.09.12 22:38 B F:\111semester 3\advanced web design\website\webDesign1\Assignment5\assignment5.css --> studentweb.cencol.ca /lartyukh/webDesign1/Assignment5 assignment5.css
2013.09.12 22:38 B F:\111semester 3\advanced web design\website\webDesign1\Assignment5\assignment5.xml --> studentweb.cencol.ca /lartyukh/webDesign1/Assignment5 assignment5.xml
2013.09.12 22:38 B F:\111semester 3\advanced web design\website\webDesign1\Assignment5\assignment5T.css --> studentweb.cencol.ca /lartyukh/webDesign1/Assignment5 assignment5T.css
2013.09.12 22:38 B F:\111semester 3\advanced web design\website\webDesign1\Assignment5\assignment5T.xml --> studentweb.cencol.ca /lartyukh/webDesign1/Assignment5 assignment5T.xml
2013.09.12 22:38 B F:\111semester 3\advanced web design\website\webDesign1\Assignment5\finger.jpg --> studentweb.cencol.ca /lartyukh/webDesign1/Assignment5 finger.jpg
2013.09.12 22:38 B F:\111semester 3\advanced web design\website\webDesign1\Assignment5\grenola.png --> studentweb.cencol.ca /lartyukh/webDesign1/Assignment5 grenola.png
2013.09.12 22:38 B F:\111semester 3\advanced web design\website\webDesign1\Assignment5\toblerone.gif --> studentweb.cencol.ca /lartyukh/webDesign1/Assignment5 toblerone.gif
2013.09.12 22:38 B F:\111semester 3\advanced web design\website\webDesign1\Assignment5\WS_FTP.LOG --> studentweb.cencol.ca /lartyukh/webDesign1/Assignment5 WS_FTP.LOG
2013.09.15 20:16 B F:\111semester 3\advanced web design\website\webDesign1\Assignment5\WS_FTP.LOG --> studentweb.cencol.ca /lartyukh/webDesign1/Assignment5 WS_FTP.LOG
2013.09.20 21:19 B F:\111semester 3\advanced web design\website\webDesign1\Assignment5\WS_FTP.LOG --> studentweb.cencol.ca /lartyukh/webDesign1/Assignment5 WS_FTP.LOG
2013.09.23 13:09 B F:\111semester 3\advanced web design\website\webDesign1\Assignment5\WS_FTP.LOG --> studentweb.cencol.ca /lartyukh/webDesign1/Assignment5 WS_FTP.LOG
2013.09.23 13:51 B F:\111semester 3\advanced web design\website\webDesign1\Assignment5\WS_FTP.LOG --> studentweb.cencol.ca /lartyukh/webDesign1/Assignment5 WS_FTP.LOG
2013.09.24 10:20 B F:\111semester 3\advanced web design\website\webDesign1\Assignment5\WS_FTP.LOG --> studentweb.cencol.ca /lartyukh/webDesign1/Assignment5 WS_FTP.LOG
2013.10.05 11:26 B F:\111semester 3\advanced web design\website\webDesign1\Assignment5\WS_FTP.LOG --> studentweb.cencol.ca /lartyukh/webDesign1/Assignment5 WS_FTP.LOG
2013.11.12 13:01 B E:\111semester 3\advanced web design\website\webDesign1\Assignment5\assignment5.css --> studentweb.cencol.ca /lartyukh/webDesign1/Assignment5 assignment5.css
2013.11.12 13:01 B E:\111semester 3\advanced web design\website\webDesign1\Assignment5\assignment5.xml --> studentweb.cencol.ca /lartyukh/webDesign1/Assignment5 assignment5.xml
2013.11.12 13:01 B E:\111semester 3\advanced web design\website\webDesign1\Assignment5\assignment5T.css --> studentweb.cencol.ca /lartyukh/webDesign1/Assignment5 assignment5T.css
2013.11.12 13:01 B E:\111semester 3\advanced web design\website\webDesign1\Assignment5\assignment5T.xml --> studentweb.cencol.ca /lartyukh/webDesign1/Assignment5 assignment5T.xml
2013.11.12 13:01 B E:\111semester 3\advanced web design\website\webDesign1\Assignment5\finger.jpg --> studentweb.cencol.ca /lartyukh/webDesign1/Assignment5 finger.jpg
2013.11.12 13:01 B E:\111semester 3\advanced web design\website\webDesign1\Assignment5\grenola.png --> studentweb.cencol.ca /lartyukh/webDesign1/Assignment5 grenola.png
2013.11.12 13:01 B E:\111semester 3\advanced web design\website\webDesign1\Assignment5\toblerone.gif --> studentweb.cencol.ca /lartyukh/webDesign1/Assignment5 toblerone.gif
2013.11.12 13:01 B E:\111semester 3\advanced web design\website\webDesign1\Assignment5\WS_FTP.LOG --> studentweb.cencol.ca /lartyukh/webDesign1/Assignment5 WS_FTP.LOG
