2013.01.25 10:22 B G:\COMP213\studentweb\Assignment2\additionalfeatures2.html --> studentweb.cencol.ca /Assignment2 additionalfeatures2.html
2013.01.25 10:22 B G:\COMP213\studentweb\Assignment2\assignment2.html --> studentweb.cencol.ca /Assignment2 assignment2.html
2013.01.25 10:22 B G:\COMP213\studentweb\Assignment2\car.jpg --> studentweb.cencol.ca /Assignment2 car.jpg
2013.01.25 10:22 B G:\COMP213\studentweb\Assignment2\plant.jpg --> studentweb.cencol.ca /Assignment2 plant.jpg
2013.01.25 10:23 B G:\COMP213\studentweb\Assignment2\additionalfeatures2.html --> studentweb.cencol.ca /lartyukh/Assignment2 additionalfeatures2.html
2013.01.25 10:23 B G:\COMP213\studentweb\Assignment2\assignment2.html --> studentweb.cencol.ca /lartyukh/Assignment2 assignment2.html
2013.01.25 10:23 B G:\COMP213\studentweb\Assignment2\car.jpg --> studentweb.cencol.ca /lartyukh/Assignment2 car.jpg
2013.01.25 10:23 B G:\COMP213\studentweb\Assignment2\plant.jpg --> studentweb.cencol.ca /lartyukh/Assignment2 plant.jpg
2013.01.25 10:23 B G:\COMP213\studentweb\Assignment2\WS_FTP.LOG --> studentweb.cencol.ca /lartyukh/Assignment2 WS_FTP.LOG
2013.01.25 12:19 B G:\COMP213\studentweb\Assignment2\additionalfeatures2.html --> studentweb.cencol.ca /lartyukh/Assignment2 additionalfeatures2.html
2013.01.25 12:19 B G:\COMP213\studentweb\Assignment2\assignment2.html --> studentweb.cencol.ca /lartyukh/Assignment2 assignment2.html
2013.01.25 12:19 B G:\COMP213\studentweb\Assignment2\WS_FTP.LOG --> studentweb.cencol.ca /lartyukh/Assignment2 WS_FTP.LOG
2013.01.26 14:25 B G:\COMP213\studentweb\Assignment2\additionalfeatures2.html --> studentweb.cencol.ca /lartyukh/Assignment2 additionalfeatures2.html
2013.01.26 14:25 B G:\COMP213\studentweb\Assignment2\assignment2.html --> studentweb.cencol.ca /lartyukh/Assignment2 assignment2.html
2013.01.26 14:25 B G:\COMP213\studentweb\Assignment2\earth.gif --> studentweb.cencol.ca /lartyukh/Assignment2 earth.gif
2013.01.26 14:25 B G:\COMP213\studentweb\Assignment2\WS_FTP.LOG --> studentweb.cencol.ca /lartyukh/Assignment2 WS_FTP.LOG
2013.01.26 14:30 B G:\COMP213\studentweb\Assignment2\additionalfeatures2.html --> studentweb.cencol.ca /lartyukh/Assignment2 additionalfeatures2.html
2013.01.26 14:30 B G:\COMP213\studentweb\Assignment2\assignment2.html --> studentweb.cencol.ca /lartyukh/Assignment2 assignment2.html
2013.01.26 14:30 B G:\COMP213\studentweb\Assignment2\WS_FTP.LOG --> studentweb.cencol.ca /lartyukh/Assignment2 WS_FTP.LOG
2013.01.26 14:34 B G:\COMP213\studentweb\Assignment2\WS_FTP.LOG --> studentweb.cencol.ca /lartyukh/Assignment2 WS_FTP.LOG
2013.01.26 14:57 B G:\COMP213\studentweb\Assignment2\additionalfeatures2.html --> studentweb.cencol.ca /lartyukh/Assignment2 additionalfeatures2.html
2013.01.26 14:57 B G:\COMP213\studentweb\Assignment2\assignment2.html --> studentweb.cencol.ca /lartyukh/Assignment2 assignment2.html
2013.01.26 14:57 B G:\COMP213\studentweb\Assignment2\WS_FTP.LOG --> studentweb.cencol.ca /lartyukh/Assignment2 WS_FTP.LOG
2013.01.27 08:54 B G:\COMP213\studentweb\Assignment2\additionalfeatures2.html --> studentweb.cencol.ca /lartyukh/Assignment2 additionalfeatures2.html
2013.01.27 08:54 B G:\COMP213\studentweb\Assignment2\assignment2.html --> studentweb.cencol.ca /lartyukh/Assignment2 assignment2.html
2013.01.27 08:54 B G:\COMP213\studentweb\Assignment2\WS_FTP.LOG --> studentweb.cencol.ca /lartyukh/Assignment2 WS_FTP.LOG
2013.01.27 09:43 B G:\COMP213\studentweb\Assignment2\assignment2.html --> studentweb.cencol.ca /lartyukh/Assignment2 assignment2.html
2013.01.27 09:43 B G:\COMP213\studentweb\Assignment2\WS_FTP.LOG --> studentweb.cencol.ca /lartyukh/Assignment2 WS_FTP.LOG
2013.01.27 10:16 B G:\COMP213\studentweb\Assignment2\assignment2.html --> studentweb.cencol.ca /lartyukh/Assignment2 assignment2.html
2013.01.27 10:16 B G:\COMP213\studentweb\Assignment2\WS_FTP.LOG --> studentweb.cencol.ca /lartyukh/Assignment2 WS_FTP.LOG
2013.01.27 10:25 B G:\COMP213\studentweb\Assignment2\assignment2.html --> studentweb.cencol.ca /lartyukh/Assignment2 assignment2.html
2013.01.27 10:25 B G:\COMP213\studentweb\Assignment2\WS_FTP.LOG --> studentweb.cencol.ca /lartyukh/Assignment2 WS_FTP.LOG
2013.01.27 14:14 B G:\COMP213\studentweb\Assignment2\WS_FTP.LOG --> studentweb.cencol.ca /lartyukh/Assignment2 WS_FTP.LOG
2013.01.29 13:20 B E:\COMP213\studentweb\Assignment2\additionalfeatures2.html --> studentweb.cencol.ca /lartyukh/Assignment2 additionalfeatures2.html
2013.01.29 13:20 B E:\COMP213\studentweb\Assignment2\assignment2.html --> studentweb.cencol.ca /lartyukh/Assignment2 assignment2.html
2013.01.29 13:20 B E:\COMP213\studentweb\Assignment2\WS_FTP.LOG --> studentweb.cencol.ca /lartyukh/Assignment2 WS_FTP.LOG
2013.01.30 21:42 B G:\COMP213\studentweb\Assignment2\additionalfeatures2.html --> studentweb.cencol.ca /lartyukh/Assignment2 additionalfeatures2.html
2013.01.30 21:42 B G:\COMP213\studentweb\Assignment2\assignment2.html --> studentweb.cencol.ca /lartyukh/Assignment2 assignment2.html
2013.01.30 21:42 B G:\COMP213\studentweb\Assignment2\earth.jpg --> studentweb.cencol.ca /lartyukh/Assignment2 earth.jpg
2013.01.30 21:42 B G:\COMP213\studentweb\Assignment2\WS_FTP.LOG --> studentweb.cencol.ca /lartyukh/Assignment2 WS_FTP.LOG
2013.02.01 16:19 B E:\COMP213 Web Design\studentweb\Assignment2\additionalfeatures2.html --> studentweb.cencol.ca /lartyukh/Assignment2 additionalfeatures2.html
2013.02.01 16:19 B E:\COMP213 Web Design\studentweb\Assignment2\assignment2.html --> studentweb.cencol.ca /lartyukh/Assignment2 assignment2.html
2013.02.01 16:19 B E:\COMP213 Web Design\studentweb\Assignment2\WS_FTP.LOG --> studentweb.cencol.ca /lartyukh/Assignment2 WS_FTP.LOG
2013.02.17 14:04 B G:\COMP213 Web Design\studentweb\Assignment2\WS_FTP.LOG --> studentweb.cencol.ca /lartyukh/Assignment2 WS_FTP.LOG
2013.02.17 14:13 B G:\COMP213 Web Design\studentweb\Assignment2\WS_FTP.LOG --> studentweb.cencol.ca /lartyukh/Assignment2 WS_FTP.LOG
2013.02.17 22:20 B G:\COMP213 Web Design\studentweb\Assignment2\WS_FTP.LOG --> studentweb.cencol.ca /lartyukh/Assignment2 WS_FTP.LOG
2013.02.17 22:34 B G:\COMP213 Web Design\studentweb\Assignment2\WS_FTP.LOG --> studentweb.cencol.ca /lartyukh/Assignment2 WS_FTP.LOG
2013.02.17 22:36 B G:\COMP213 Web Design\studentweb\Assignment2\WS_FTP.LOG --> studentweb.cencol.ca /lartyukh/Assignment2 WS_FTP.LOG
2013.02.17 22:39 B G:\COMP213 Web Design\studentweb\Assignment2\WS_FTP.LOG --> studentweb.cencol.ca /lartyukh/Assignment2 WS_FTP.LOG
2013.02.17 22:40 B G:\COMP213 Web Design\studentweb\Assignment2\WS_FTP.LOG --> studentweb.cencol.ca /lartyukh/Assignment2 WS_FTP.LOG
2013.02.17 23:41 B G:\COMP213 Web Design\studentweb\Assignment2\WS_FTP.LOG --> studentweb.cencol.ca /lartyukh/Assignment2 WS_FTP.LOG
2013.02.18 08:44 B G:\COMP213 Web Design\studentweb\Assignment2\WS_FTP.LOG --> studentweb.cencol.ca /lartyukh/Assignment2 WS_FTP.LOG
2013.02.20 12:25 B E:\COMP213 Web Design\studentweb\Assignment2\WS_FTP.LOG --> studentweb.cencol.ca /lartyukh/Assignment2 WS_FTP.LOG
2013.02.20 12:30 B E:\COMP213 Web Design\studentweb\Assignment2\additionalfeatures2.html --> studentweb.cencol.ca /lartyukh/studentweb/Assignment2 additionalfeatures2.html
2013.02.20 12:30 B E:\COMP213 Web Design\studentweb\Assignment2\assignment2.html --> studentweb.cencol.ca /lartyukh/studentweb/Assignment2 assignment2.html
2013.02.20 12:30 B E:\COMP213 Web Design\studentweb\Assignment2\car.jpg --> studentweb.cencol.ca /lartyukh/studentweb/Assignment2 car.jpg
2013.02.20 12:30 B E:\COMP213 Web Design\studentweb\Assignment2\earth.gif --> studentweb.cencol.ca /lartyukh/studentweb/Assignment2 earth.gif
2013.02.20 12:30 B E:\COMP213 Web Design\studentweb\Assignment2\earth.jpg --> studentweb.cencol.ca /lartyukh/studentweb/Assignment2 earth.jpg
2013.02.20 12:30 B E:\COMP213 Web Design\studentweb\Assignment2\plant.jpg --> studentweb.cencol.ca /lartyukh/studentweb/Assignment2 plant.jpg
2013.02.20 12:30 B E:\COMP213 Web Design\studentweb\Assignment2\WS_FTP.LOG --> studentweb.cencol.ca /lartyukh/studentweb/Assignment2 WS_FTP.LOG
2013.02.20 12:59 B E:\COMP213 Web Design\studentweb\Assignment2\additionalfeatures2.html --> studentweb.cencol.ca /lartyukh/Assignment2 additionalfeatures2.html
2013.02.20 12:59 B E:\COMP213 Web Design\studentweb\Assignment2\assignment2.html --> studentweb.cencol.ca /lartyukh/Assignment2 assignment2.html
2013.02.20 12:59 B E:\COMP213 Web Design\studentweb\Assignment2\car.jpg --> studentweb.cencol.ca /lartyukh/Assignment2 car.jpg
2013.02.20 12:59 B E:\COMP213 Web Design\studentweb\Assignment2\earth.gif --> studentweb.cencol.ca /lartyukh/Assignment2 earth.gif
2013.02.20 12:59 B E:\COMP213 Web Design\studentweb\Assignment2\earth.jpg --> studentweb.cencol.ca /lartyukh/Assignment2 earth.jpg
2013.02.20 12:59 B E:\COMP213 Web Design\studentweb\Assignment2\plant.jpg --> studentweb.cencol.ca /lartyukh/Assignment2 plant.jpg
2013.02.20 12:59 B E:\COMP213 Web Design\studentweb\Assignment2\WS_FTP.LOG --> studentweb.cencol.ca /lartyukh/Assignment2 WS_FTP.LOG
2013.04.04 20:34 B G:\COMP213 Web Design\studentweb\Assignment2\additionalfeatures2.html --> studentweb.cencol.ca /Assignment2 additionalfeatures2.html
2013.04.04 20:34 B G:\COMP213 Web Design\studentweb\Assignment2\assignment2.html --> studentweb.cencol.ca /Assignment2 assignment2.html
2013.04.04 20:34 B G:\COMP213 Web Design\studentweb\Assignment2\car.jpg --> studentweb.cencol.ca /Assignment2 car.jpg
2013.04.04 20:34 B G:\COMP213 Web Design\studentweb\Assignment2\earth.gif --> studentweb.cencol.ca /Assignment2 earth.gif
2013.04.04 20:34 B G:\COMP213 Web Design\studentweb\Assignment2\earth.jpg --> studentweb.cencol.ca /Assignment2 earth.jpg
2013.04.04 20:34 B G:\COMP213 Web Design\studentweb\Assignment2\plant.jpg --> studentweb.cencol.ca /Assignment2 plant.jpg
2013.04.04 20:34 B G:\COMP213 Web Design\studentweb\Assignment2\WS_FTP.LOG --> studentweb.cencol.ca /Assignment2 WS_FTP.LOG
2013.04.04 20:36 B G:\COMP213 Web Design\studentweb\Assignment2\WS_FTP.LOG --> studentweb.cencol.ca /lartyukh/Assignment2 WS_FTP.LOG
2013.04.05 09:02 B G:\COMP213 Web Design\studentweb\Assignment2\WS_FTP.LOG --> studentweb.cencol.ca /lartyukh/Assignment2 WS_FTP.LOG
2013.04.05 16:20 B E:\COMP213 Web Design\studentweb\Assignment2\WS_FTP.LOG --> studentweb.cencol.ca /lartyukh/Assignment2 WS_FTP.LOG
2013.04.06 13:23 B G:\COMP213 Web Design\studentweb\Assignment2\WS_FTP.LOG --> studentweb.cencol.ca /lartyukh/Assignment2 WS_FTP.LOG
2013.04.07 13:32 B G:\COMP213 Web Design\studentweb\Assignment2\WS_FTP.LOG --> studentweb.cencol.ca /lartyukh/Assignment2 WS_FTP.LOG
2013.04.07 15:13 B G:\COMP213 Web Design\studentweb\Assignment2\WS_FTP.LOG --> studentweb.cencol.ca /lartyukh/Assignment2 WS_FTP.LOG
2013.04.09 14:00 B E:\COMP213 Web Design\studentweb\Assignment2\WS_FTP.LOG --> studentweb.cencol.ca /lartyukh/Assignment2 WS_FTP.LOG
2013.04.17 12:30 B E:\COMP213 Web Design\studentweb\Assignment2\WS_FTP.LOG --> studentweb.cencol.ca /lartyukh/Assignment2 WS_FTP.LOG
2013.04.18 08:31 B G:\COMP213 Web Design\studentweb\Assignment2\additionalfeatures2.html --> studentweb.cencol.ca /lartyukh/Assignment2 additionalfeatures2.html
2013.04.18 08:31 B G:\COMP213 Web Design\studentweb\Assignment2\assignment2.html --> studentweb.cencol.ca /lartyukh/Assignment2 assignment2.html
2013.04.18 08:31 B G:\COMP213 Web Design\studentweb\Assignment2\car.jpg --> studentweb.cencol.ca /lartyukh/Assignment2 car.jpg
2013.04.18 08:31 B G:\COMP213 Web Design\studentweb\Assignment2\earth.gif --> studentweb.cencol.ca /lartyukh/Assignment2 earth.gif
2013.04.18 08:31 B G:\COMP213 Web Design\studentweb\Assignment2\earth.jpg --> studentweb.cencol.ca /lartyukh/Assignment2 earth.jpg
2013.04.18 08:31 B G:\COMP213 Web Design\studentweb\Assignment2\plant.jpg --> studentweb.cencol.ca /lartyukh/Assignment2 plant.jpg
2013.04.18 08:31 B G:\COMP213 Web Design\studentweb\Assignment2\WS_FTP.LOG --> studentweb.cencol.ca /lartyukh/Assignment2 WS_FTP.LOG
2013.04.18 09:28 B G:\COMP213 Web Design\studentweb\Assignment2\assignment2.html --> studentweb.cencol.ca /lartyukh/Assignment2 assignment2.html
2013.04.18 09:28 B G:\COMP213 Web Design\studentweb\Assignment2\WS_FTP.LOG --> studentweb.cencol.ca /lartyukh/Assignment2 WS_FTP.LOG
2013.04.18 18:22 B G:\COMP213 Web Design\studentweb\Assignment2\WS_FTP.LOG --> studentweb.cencol.ca /lartyukh/Assignment2 WS_FTP.LOG
2013.09.05 09:05 B F:\COMP213 Web Design\studentweb\Assignment2\additionalfeatures2.html --> studentweb.cencol.ca /lartyukh/Assignment2 additionalfeatures2.html
2013.09.05 09:05 B F:\COMP213 Web Design\studentweb\Assignment2\assignment2.html --> studentweb.cencol.ca /lartyukh/Assignment2 assignment2.html
2013.09.05 09:05 B F:\COMP213 Web Design\studentweb\Assignment2\car.jpg --> studentweb.cencol.ca /lartyukh/Assignment2 car.jpg
2013.09.05 09:05 B F:\COMP213 Web Design\studentweb\Assignment2\earth.gif --> studentweb.cencol.ca /lartyukh/Assignment2 earth.gif
2013.09.05 09:05 B F:\COMP213 Web Design\studentweb\Assignment2\earth.jpg --> studentweb.cencol.ca /lartyukh/Assignment2 earth.jpg
2013.09.05 09:05 B F:\COMP213 Web Design\studentweb\Assignment2\plant.jpg --> studentweb.cencol.ca /lartyukh/Assignment2 plant.jpg
2013.09.05 09:05 B F:\COMP213 Web Design\studentweb\Assignment2\WS_FTP.LOG --> studentweb.cencol.ca /lartyukh/Assignment2 WS_FTP.LOG
2013.09.10 23:22 B F:\111semester 3\advanced web design\website\studentweb\Assignment2\additionalfeatures2.html --> studentweb.cencol.ca /lartyukh/website/studentweb/Assignment2 additionalfeatures2.html
2013.09.10 23:22 B F:\111semester 3\advanced web design\website\studentweb\Assignment2\assignment2.html --> studentweb.cencol.ca /lartyukh/website/studentweb/Assignment2 assignment2.html
2013.09.10 23:22 B F:\111semester 3\advanced web design\website\studentweb\Assignment2\car.jpg --> studentweb.cencol.ca /lartyukh/website/studentweb/Assignment2 car.jpg
2013.09.10 23:22 B F:\111semester 3\advanced web design\website\studentweb\Assignment2\earth.gif --> studentweb.cencol.ca /lartyukh/website/studentweb/Assignment2 earth.gif
2013.09.10 23:22 B F:\111semester 3\advanced web design\website\studentweb\Assignment2\earth.jpg --> studentweb.cencol.ca /lartyukh/website/studentweb/Assignment2 earth.jpg
2013.09.10 23:22 B F:\111semester 3\advanced web design\website\studentweb\Assignment2\plant.jpg --> studentweb.cencol.ca /lartyukh/website/studentweb/Assignment2 plant.jpg
2013.09.10 23:22 B F:\111semester 3\advanced web design\website\studentweb\Assignment2\WS_FTP.LOG --> studentweb.cencol.ca /lartyukh/website/studentweb/Assignment2 WS_FTP.LOG
2013.09.10 23:29 B F:\111semester 3\advanced web design\website\studentweb\Assignment2\additionalfeatures2.html --> studentweb.cencol.ca /lartyukh/studentweb/Assignment2 additionalfeatures2.html
2013.09.10 23:29 B F:\111semester 3\advanced web design\website\studentweb\Assignment2\assignment2.html --> studentweb.cencol.ca /lartyukh/studentweb/Assignment2 assignment2.html
2013.09.10 23:29 B F:\111semester 3\advanced web design\website\studentweb\Assignment2\car.jpg --> studentweb.cencol.ca /lartyukh/studentweb/Assignment2 car.jpg
2013.09.10 23:29 B F:\111semester 3\advanced web design\website\studentweb\Assignment2\earth.gif --> studentweb.cencol.ca /lartyukh/studentweb/Assignment2 earth.gif
2013.09.10 23:29 B F:\111semester 3\advanced web design\website\studentweb\Assignment2\earth.jpg --> studentweb.cencol.ca /lartyukh/studentweb/Assignment2 earth.jpg
2013.09.10 23:29 B F:\111semester 3\advanced web design\website\studentweb\Assignment2\plant.jpg --> studentweb.cencol.ca /lartyukh/studentweb/Assignment2 plant.jpg
2013.09.10 23:29 B F:\111semester 3\advanced web design\website\studentweb\Assignment2\WS_FTP.LOG --> studentweb.cencol.ca /lartyukh/studentweb/Assignment2 WS_FTP.LOG
2013.09.12 03:36 B F:\111semester 3\advanced web design\website\webDesign1\Assignment2\AdditionalFeatures.html --> studentweb.cencol.ca /lartyukh/webDesign1/Assignment2 AdditionalFeatures.html
2013.09.12 03:36 B F:\111semester 3\advanced web design\website\webDesign1\Assignment2\additionalfeatures2.html --> studentweb.cencol.ca /lartyukh/webDesign1/Assignment2 additionalfeatures2.html
2013.09.12 03:36 B F:\111semester 3\advanced web design\website\webDesign1\Assignment2\asgnmt1But.jpg --> studentweb.cencol.ca /lartyukh/webDesign1/Assignment2 asgnmt1But.jpg
2013.09.12 03:36 B F:\111semester 3\advanced web design\website\webDesign1\Assignment2\asgnmt1ButGrey.jpg --> studentweb.cencol.ca /lartyukh/webDesign1/Assignment2 asgnmt1ButGrey.jpg
2013.09.12 03:36 B F:\111semester 3\advanced web design\website\webDesign1\Assignment2\asgnmt2But.jpg --> studentweb.cencol.ca /lartyukh/webDesign1/Assignment2 asgnmt2But.jpg
2013.09.12 03:36 B F:\111semester 3\advanced web design\website\webDesign1\Assignment2\asgnmt2ButGrey.jpg --> studentweb.cencol.ca /lartyukh/webDesign1/Assignment2 asgnmt2ButGrey.jpg
2013.09.12 03:36 B F:\111semester 3\advanced web design\website\webDesign1\Assignment2\assignment1.html --> studentweb.cencol.ca /lartyukh/webDesign1/Assignment2 assignment1.html
2013.09.12 03:36 B F:\111semester 3\advanced web design\website\webDesign1\Assignment2\assignment2.html --> studentweb.cencol.ca /lartyukh/webDesign1/Assignment2 assignment2.html
2013.09.12 03:36 B F:\111semester 3\advanced web design\website\webDesign1\Assignment2\bullet.gif --> studentweb.cencol.ca /lartyukh/webDesign1/Assignment2 bullet.gif
2013.09.12 03:36 B F:\111semester 3\advanced web design\website\webDesign1\Assignment2\car.jpg --> studentweb.cencol.ca /lartyukh/webDesign1/Assignment2 car.jpg
2013.09.12 03:36 B F:\111semester 3\advanced web design\website\webDesign1\Assignment2\Credits.html --> studentweb.cencol.ca /lartyukh/webDesign1/Assignment2 Credits.html
2013.09.12 03:36 B F:\111semester 3\advanced web design\website\webDesign1\Assignment2\creditsBut.jpg --> studentweb.cencol.ca /lartyukh/webDesign1/Assignment2 creditsBut.jpg
2013.09.12 03:36 B F:\111semester 3\advanced web design\website\webDesign1\Assignment2\creditsButGrey.jpg --> studentweb.cencol.ca /lartyukh/webDesign1/Assignment2 creditsButGrey.jpg
2013.09.12 03:36 B F:\111semester 3\advanced web design\website\webDesign1\Assignment2\earth.gif --> studentweb.cencol.ca /lartyukh/webDesign1/Assignment2 earth.gif
2013.09.12 03:36 B F:\111semester 3\advanced web design\website\webDesign1\Assignment2\earth.jpg --> studentweb.cencol.ca /lartyukh/webDesign1/Assignment2 earth.jpg
2013.09.12 03:36 B F:\111semester 3\advanced web design\website\webDesign1\Assignment2\homeBut.jpg --> studentweb.cencol.ca /lartyukh/webDesign1/Assignment2 homeBut.jpg
2013.09.12 03:36 B F:\111semester 3\advanced web design\website\webDesign1\Assignment2\homeButGrey.jpg --> studentweb.cencol.ca /lartyukh/webDesign1/Assignment2 homeButGrey.jpg
2013.09.12 03:36 B F:\111semester 3\advanced web design\website\webDesign1\Assignment2\lily.jpg --> studentweb.cencol.ca /lartyukh/webDesign1/Assignment2 lily.jpg
2013.09.12 03:36 B F:\111semester 3\advanced web design\website\webDesign1\Assignment2\logo.jpg --> studentweb.cencol.ca /lartyukh/webDesign1/Assignment2 logo.jpg
2013.09.12 03:36 B F:\111semester 3\advanced web design\website\webDesign1\Assignment2\Nokia.jpg --> studentweb.cencol.ca /lartyukh/webDesign1/Assignment2 Nokia.jpg
2013.09.12 03:36 B F:\111semester 3\advanced web design\website\webDesign1\Assignment2\plant.jpg --> studentweb.cencol.ca /lartyukh/webDesign1/Assignment2 plant.jpg
2013.09.12 03:36 B F:\111semester 3\advanced web design\website\webDesign1\Assignment2\WS_FTP.LOG --> studentweb.cencol.ca /lartyukh/webDesign1/Assignment2 WS_FTP.LOG
2013.09.12 22:31 B F:\111semester 3\advanced web design\website\webDesign1\Assignment2\AdditionalFeatures.html --> studentweb.cencol.ca /lartyukh/webDesign1/Assignment2 AdditionalFeatures.html
2013.09.12 22:31 B F:\111semester 3\advanced web design\website\webDesign1\Assignment2\additionalfeatures2.html --> studentweb.cencol.ca /lartyukh/webDesign1/Assignment2 additionalfeatures2.html
2013.09.12 22:31 B F:\111semester 3\advanced web design\website\webDesign1\Assignment2\assignment1.html --> studentweb.cencol.ca /lartyukh/webDesign1/Assignment2 assignment1.html
2013.09.12 22:31 B F:\111semester 3\advanced web design\website\webDesign1\Assignment2\assignment2.html --> studentweb.cencol.ca /lartyukh/webDesign1/Assignment2 assignment2.html
2013.09.12 22:31 B F:\111semester 3\advanced web design\website\webDesign1\Assignment2\Credits.html --> studentweb.cencol.ca /lartyukh/webDesign1/Assignment2 Credits.html
2013.09.12 22:31 B F:\111semester 3\advanced web design\website\webDesign1\Assignment2\WS_FTP.LOG --> studentweb.cencol.ca /lartyukh/webDesign1/Assignment2 WS_FTP.LOG
2013.09.12 22:37 B F:\111semester 3\advanced web design\website\webDesign1\Assignment2\AdditionalFeatures.html --> studentweb.cencol.ca /lartyukh/webDesign1/Assignment2 AdditionalFeatures.html
2013.09.12 22:37 B F:\111semester 3\advanced web design\website\webDesign1\Assignment2\additionalfeatures2.html --> studentweb.cencol.ca /lartyukh/webDesign1/Assignment2 additionalfeatures2.html
2013.09.12 22:37 B F:\111semester 3\advanced web design\website\webDesign1\Assignment2\asgnmt1But.jpg --> studentweb.cencol.ca /lartyukh/webDesign1/Assignment2 asgnmt1But.jpg
2013.09.12 22:37 B F:\111semester 3\advanced web design\website\webDesign1\Assignment2\asgnmt1ButGrey.jpg --> studentweb.cencol.ca /lartyukh/webDesign1/Assignment2 asgnmt1ButGrey.jpg
2013.09.12 22:37 B F:\111semester 3\advanced web design\website\webDesign1\Assignment2\asgnmt2But.jpg --> studentweb.cencol.ca /lartyukh/webDesign1/Assignment2 asgnmt2But.jpg
2013.09.12 22:37 B F:\111semester 3\advanced web design\website\webDesign1\Assignment2\asgnmt2ButGrey.jpg --> studentweb.cencol.ca /lartyukh/webDesign1/Assignment2 asgnmt2ButGrey.jpg
2013.09.12 22:37 B F:\111semester 3\advanced web design\website\webDesign1\Assignment2\assignment1.html --> studentweb.cencol.ca /lartyukh/webDesign1/Assignment2 assignment1.html
2013.09.12 22:37 B F:\111semester 3\advanced web design\website\webDesign1\Assignment2\assignment2.html --> studentweb.cencol.ca /lartyukh/webDesign1/Assignment2 assignment2.html
2013.09.12 22:37 B F:\111semester 3\advanced web design\website\webDesign1\Assignment2\bullet.gif --> studentweb.cencol.ca /lartyukh/webDesign1/Assignment2 bullet.gif
2013.09.12 22:37 B F:\111semester 3\advanced web design\website\webDesign1\Assignment2\car.jpg --> studentweb.cencol.ca /lartyukh/webDesign1/Assignment2 car.jpg
2013.09.12 22:37 B F:\111semester 3\advanced web design\website\webDesign1\Assignment2\Credits.html --> studentweb.cencol.ca /lartyukh/webDesign1/Assignment2 Credits.html
2013.09.12 22:37 B F:\111semester 3\advanced web design\website\webDesign1\Assignment2\creditsBut.jpg --> studentweb.cencol.ca /lartyukh/webDesign1/Assignment2 creditsBut.jpg
2013.09.12 22:37 B F:\111semester 3\advanced web design\website\webDesign1\Assignment2\creditsButGrey.jpg --> studentweb.cencol.ca /lartyukh/webDesign1/Assignment2 creditsButGrey.jpg
2013.09.12 22:37 B F:\111semester 3\advanced web design\website\webDesign1\Assignment2\earth.gif --> studentweb.cencol.ca /lartyukh/webDesign1/Assignment2 earth.gif
2013.09.12 22:37 B F:\111semester 3\advanced web design\website\webDesign1\Assignment2\earth.jpg --> studentweb.cencol.ca /lartyukh/webDesign1/Assignment2 earth.jpg
2013.09.12 22:37 B F:\111semester 3\advanced web design\website\webDesign1\Assignment2\homeBut.jpg --> studentweb.cencol.ca /lartyukh/webDesign1/Assignment2 homeBut.jpg
2013.09.12 22:37 B F:\111semester 3\advanced web design\website\webDesign1\Assignment2\homeButGrey.jpg --> studentweb.cencol.ca /lartyukh/webDesign1/Assignment2 homeButGrey.jpg
2013.09.12 22:37 B F:\111semester 3\advanced web design\website\webDesign1\Assignment2\lily.jpg --> studentweb.cencol.ca /lartyukh/webDesign1/Assignment2 lily.jpg
2013.09.12 22:37 B F:\111semester 3\advanced web design\website\webDesign1\Assignment2\logo.jpg --> studentweb.cencol.ca /lartyukh/webDesign1/Assignment2 logo.jpg
2013.09.12 22:37 B F:\111semester 3\advanced web design\website\webDesign1\Assignment2\Nokia.jpg --> studentweb.cencol.ca /lartyukh/webDesign1/Assignment2 Nokia.jpg
2013.09.12 22:37 B F:\111semester 3\advanced web design\website\webDesign1\Assignment2\plant.jpg --> studentweb.cencol.ca /lartyukh/webDesign1/Assignment2 plant.jpg
2013.09.12 22:38 B F:\111semester 3\advanced web design\website\webDesign1\Assignment2\WS_FTP.LOG --> studentweb.cencol.ca /lartyukh/webDesign1/Assignment2 WS_FTP.LOG
2013.09.13 11:54 B E:\111semester 3\advanced web design\website\webDesign1\Assignment2\Credits.html --> studentweb.cencol.ca /lartyukh/webDesign1/Assignment2 Credits.html
2013.09.13 11:54 B E:\111semester 3\advanced web design\website\webDesign1\Assignment2\AdditionalFeatures.html --> studentweb.cencol.ca /lartyukh/webDesign1/Assignment2 AdditionalFeatures.html
2013.09.13 11:54 B E:\111semester 3\advanced web design\website\webDesign1\Assignment2\additionalfeatures2.html --> studentweb.cencol.ca /lartyukh/webDesign1/Assignment2 additionalfeatures2.html
2013.09.13 11:54 B E:\111semester 3\advanced web design\website\webDesign1\Assignment2\asgnmt1But.jpg --> studentweb.cencol.ca /lartyukh/webDesign1/Assignment2 asgnmt1But.jpg
2013.09.13 11:54 B E:\111semester 3\advanced web design\website\webDesign1\Assignment2\asgnmt1ButGrey.jpg --> studentweb.cencol.ca /lartyukh/webDesign1/Assignment2 asgnmt1ButGrey.jpg
2013.09.13 11:54 B E:\111semester 3\advanced web design\website\webDesign1\Assignment2\asgnmt2But.jpg --> studentweb.cencol.ca /lartyukh/webDesign1/Assignment2 asgnmt2But.jpg
2013.09.13 11:54 B E:\111semester 3\advanced web design\website\webDesign1\Assignment2\asgnmt2ButGrey.jpg --> studentweb.cencol.ca /lartyukh/webDesign1/Assignment2 asgnmt2ButGrey.jpg
2013.09.13 11:54 B E:\111semester 3\advanced web design\website\webDesign1\Assignment2\assignment1.html --> studentweb.cencol.ca /lartyukh/webDesign1/Assignment2 assignment1.html
2013.09.13 11:54 B E:\111semester 3\advanced web design\website\webDesign1\Assignment2\assignment2.html --> studentweb.cencol.ca /lartyukh/webDesign1/Assignment2 assignment2.html
2013.09.13 11:54 B E:\111semester 3\advanced web design\website\webDesign1\Assignment2\bullet.gif --> studentweb.cencol.ca /lartyukh/webDesign1/Assignment2 bullet.gif
2013.09.13 11:54 B E:\111semester 3\advanced web design\website\webDesign1\Assignment2\car.jpg --> studentweb.cencol.ca /lartyukh/webDesign1/Assignment2 car.jpg
2013.09.13 11:54 B E:\111semester 3\advanced web design\website\webDesign1\Assignment2\Credits.html --> studentweb.cencol.ca /lartyukh/webDesign1/Assignment2 Credits.html
2013.09.13 11:54 B E:\111semester 3\advanced web design\website\webDesign1\Assignment2\creditsBut.jpg --> studentweb.cencol.ca /lartyukh/webDesign1/Assignment2 creditsBut.jpg
2013.09.13 11:54 B E:\111semester 3\advanced web design\website\webDesign1\Assignment2\creditsButGrey.jpg --> studentweb.cencol.ca /lartyukh/webDesign1/Assignment2 creditsButGrey.jpg
2013.09.13 11:54 B E:\111semester 3\advanced web design\website\webDesign1\Assignment2\earth.gif --> studentweb.cencol.ca /lartyukh/webDesign1/Assignment2 earth.gif
2013.09.13 11:54 B E:\111semester 3\advanced web design\website\webDesign1\Assignment2\earth.jpg --> studentweb.cencol.ca /lartyukh/webDesign1/Assignment2 earth.jpg
2013.09.13 11:54 B E:\111semester 3\advanced web design\website\webDesign1\Assignment2\homeBut.jpg --> studentweb.cencol.ca /lartyukh/webDesign1/Assignment2 homeBut.jpg
2013.09.13 11:54 B E:\111semester 3\advanced web design\website\webDesign1\Assignment2\homeButGrey.jpg --> studentweb.cencol.ca /lartyukh/webDesign1/Assignment2 homeButGrey.jpg
2013.09.13 11:54 B E:\111semester 3\advanced web design\website\webDesign1\Assignment2\lily.jpg --> studentweb.cencol.ca /lartyukh/webDesign1/Assignment2 lily.jpg
2013.09.13 11:54 B E:\111semester 3\advanced web design\website\webDesign1\Assignment2\logo.jpg --> studentweb.cencol.ca /lartyukh/webDesign1/Assignment2 logo.jpg
2013.09.13 11:54 B E:\111semester 3\advanced web design\website\webDesign1\Assignment2\Nokia.jpg --> studentweb.cencol.ca /lartyukh/webDesign1/Assignment2 Nokia.jpg
2013.09.13 11:54 B E:\111semester 3\advanced web design\website\webDesign1\Assignment2\plant.jpg --> studentweb.cencol.ca /lartyukh/webDesign1/Assignment2 plant.jpg
2013.09.15 20:16 B F:\111semester 3\advanced web design\website\webDesign1\Assignment2\WS_FTP.LOG --> studentweb.cencol.ca /lartyukh/webDesign1/Assignment2 WS_FTP.LOG
2013.09.20 21:19 B F:\111semester 3\advanced web design\website\webDesign1\Assignment2\WS_FTP.LOG --> studentweb.cencol.ca /lartyukh/webDesign1/Assignment2 WS_FTP.LOG
2013.09.23 13:09 B F:\111semester 3\advanced web design\website\webDesign1\Assignment2\WS_FTP.LOG --> studentweb.cencol.ca /lartyukh/webDesign1/Assignment2 WS_FTP.LOG
2013.09.23 13:51 B F:\111semester 3\advanced web design\website\webDesign1\Assignment2\WS_FTP.LOG --> studentweb.cencol.ca /lartyukh/webDesign1/Assignment2 WS_FTP.LOG
2013.09.24 10:20 B F:\111semester 3\advanced web design\website\webDesign1\Assignment2\WS_FTP.LOG --> studentweb.cencol.ca /lartyukh/webDesign1/Assignment2 WS_FTP.LOG
2013.10.05 11:26 B F:\111semester 3\advanced web design\website\webDesign1\Assignment2\WS_FTP.LOG --> studentweb.cencol.ca /lartyukh/webDesign1/Assignment2 WS_FTP.LOG
2013.11.12 13:01 B E:\111semester 3\advanced web design\website\webDesign1\Assignment2\AdditionalFeatures.html --> studentweb.cencol.ca /lartyukh/webDesign1/Assignment2 AdditionalFeatures.html
2013.11.12 13:01 B E:\111semester 3\advanced web design\website\webDesign1\Assignment2\additionalfeatures2.html --> studentweb.cencol.ca /lartyukh/webDesign1/Assignment2 additionalfeatures2.html
2013.11.12 13:01 B E:\111semester 3\advanced web design\website\webDesign1\Assignment2\asgnmt1But.jpg --> studentweb.cencol.ca /lartyukh/webDesign1/Assignment2 asgnmt1But.jpg
2013.11.12 13:01 B E:\111semester 3\advanced web design\website\webDesign1\Assignment2\asgnmt1ButGrey.jpg --> studentweb.cencol.ca /lartyukh/webDesign1/Assignment2 asgnmt1ButGrey.jpg
2013.11.12 13:01 B E:\111semester 3\advanced web design\website\webDesign1\Assignment2\asgnmt2But.jpg --> studentweb.cencol.ca /lartyukh/webDesign1/Assignment2 asgnmt2But.jpg
2013.11.12 13:01 B E:\111semester 3\advanced web design\website\webDesign1\Assignment2\asgnmt2ButGrey.jpg --> studentweb.cencol.ca /lartyukh/webDesign1/Assignment2 asgnmt2ButGrey.jpg
2013.11.12 13:01 B E:\111semester 3\advanced web design\website\webDesign1\Assignment2\assignment1.html --> studentweb.cencol.ca /lartyukh/webDesign1/Assignment2 assignment1.html
2013.11.12 13:01 B E:\111semester 3\advanced web design\website\webDesign1\Assignment2\assignment2.html --> studentweb.cencol.ca /lartyukh/webDesign1/Assignment2 assignment2.html
2013.11.12 13:01 B E:\111semester 3\advanced web design\website\webDesign1\Assignment2\Credits.html --> studentweb.cencol.ca /lartyukh/webDesign1/Assignment2 Credits.html
2013.11.12 13:01 B E:\111semester 3\advanced web design\website\webDesign1\Assignment2\creditsBut.jpg --> studentweb.cencol.ca /lartyukh/webDesign1/Assignment2 creditsBut.jpg
2013.11.12 13:01 B E:\111semester 3\advanced web design\website\webDesign1\Assignment2\creditsButGrey.jpg --> studentweb.cencol.ca /lartyukh/webDesign1/Assignment2 creditsButGrey.jpg
2013.11.12 13:01 B E:\111semester 3\advanced web design\website\webDesign1\Assignment2\WS_FTP.LOG --> studentweb.cencol.ca /lartyukh/webDesign1/Assignment2 WS_FTP.LOG
