2013.09.24 10:20 B F:\111semester 3\advanced web design\website\webDesign2\Assignment3\assignment3.html --> studentweb.cencol.ca /lartyukh/webDesign2/Assignment3 assignment3.html
2013.09.24 10:20 B F:\111semester 3\advanced web design\website\webDesign2\Assignment3\script.js --> studentweb.cencol.ca /lartyukh/webDesign2/Assignment3 script.js
2013.10.01 11:03 B E:\111semester 3\advanced web design\website\webDesign2\Assignment3\assignment3.html --> studentweb.cencol.ca /lartyukh/webDesign2/Assignment3 assignment3.html
2013.10.01 11:03 B E:\111semester 3\advanced web design\website\webDesign2\Assignment3\data.jpg --> studentweb.cencol.ca /lartyukh/webDesign2/Assignment3 data.jpg
2013.10.01 11:03 B E:\111semester 3\advanced web design\website\webDesign2\Assignment3\eng.png --> studentweb.cencol.ca /lartyukh/webDesign2/Assignment3 eng.png
2013.10.01 11:03 B E:\111semester 3\advanced web design\website\webDesign2\Assignment3\logo.jpg --> studentweb.cencol.ca /lartyukh/webDesign2/Assignment3 logo.jpg
2013.10.01 11:03 B E:\111semester 3\advanced web design\website\webDesign2\Assignment3\logo.png --> studentweb.cencol.ca /lartyukh/webDesign2/Assignment3 logo.png
2013.10.01 11:03 B E:\111semester 3\advanced web design\website\webDesign2\Assignment3\math.jpg --> studentweb.cencol.ca /lartyukh/webDesign2/Assignment3 math.jpg
2013.10.01 11:03 B E:\111semester 3\advanced web design\website\webDesign2\Assignment3\program.jpg --> studentweb.cencol.ca /lartyukh/webDesign2/Assignment3 program.jpg
2013.10.01 11:03 B E:\111semester 3\advanced web design\website\webDesign2\Assignment3\web.jpg --> studentweb.cencol.ca /lartyukh/webDesign2/Assignment3 web.jpg
2013.10.01 11:03 B E:\111semester 3\advanced web design\website\webDesign2\Assignment3\WS_FTP.LOG --> studentweb.cencol.ca /lartyukh/webDesign2/Assignment3 WS_FTP.LOG
2013.10.01 11:09 B E:\111semester 3\advanced web design\website\webDesign2\Assignment3\WS_FTP.LOG --> studentweb.cencol.ca /lartyukh/webDesign2/Assignment3 WS_FTP.LOG
2013.10.05 11:26 B F:\111semester 3\advanced web design\website\webDesign2\Assignment3\assignment3.html --> studentweb.cencol.ca /lartyukh/webDesign2/Assignment3 assignment3.html
2013.10.05 11:26 B F:\111semester 3\advanced web design\website\webDesign2\Assignment3\backForm.jpg --> studentweb.cencol.ca /lartyukh/webDesign2/Assignment3 backForm.jpg
2013.10.05 11:26 B F:\111semester 3\advanced web design\website\webDesign2\Assignment3\replyForm.html --> studentweb.cencol.ca /lartyukh/webDesign2/Assignment3 replyForm.html
2013.10.05 11:26 B F:\111semester 3\advanced web design\website\webDesign2\Assignment3\script.js --> studentweb.cencol.ca /lartyukh/webDesign2/Assignment3 script.js
2013.10.05 11:26 B F:\111semester 3\advanced web design\website\webDesign2\Assignment3\scriptForm.js --> studentweb.cencol.ca /lartyukh/webDesign2/Assignment3 scriptForm.js
2013.10.05 11:26 B F:\111semester 3\advanced web design\website\webDesign2\Assignment3\styleForm.css --> studentweb.cencol.ca /lartyukh/webDesign2/Assignment3 styleForm.css
2013.10.05 11:26 B F:\111semester 3\advanced web design\website\webDesign2\Assignment3\WS_FTP.LOG --> studentweb.cencol.ca /lartyukh/webDesign2/Assignment3 WS_FTP.LOG
2013.10.05 11:36 B F:\111semester 3\advanced web design\website\webDesign2\Assignment3\assignment3.html --> studentweb.cencol.ca /lartyukh/webDesign2/Assignment3 assignment3.html
2013.10.05 11:36 B F:\111semester 3\advanced web design\website\webDesign2\Assignment3\WS_FTP.LOG --> studentweb.cencol.ca /lartyukh/webDesign2/Assignment3 WS_FTP.LOG
2013.10.05 12:05 B F:\111semester 3\advanced web design\website\webDesign2\Assignment3\assignment3.html --> studentweb.cencol.ca /lartyukh/webDesign2/Assignment3 assignment3.html
2013.10.05 12:05 B F:\111semester 3\advanced web design\website\webDesign2\Assignment3\backForm.jpg --> studentweb.cencol.ca /lartyukh/webDesign2/Assignment3 backForm.jpg
2013.10.05 12:05 B F:\111semester 3\advanced web design\website\webDesign2\Assignment3\data.jpg --> studentweb.cencol.ca /lartyukh/webDesign2/Assignment3 data.jpg
2013.10.05 12:05 B F:\111semester 3\advanced web design\website\webDesign2\Assignment3\eng.png --> studentweb.cencol.ca /lartyukh/webDesign2/Assignment3 eng.png
2013.10.05 12:05 B F:\111semester 3\advanced web design\website\webDesign2\Assignment3\logo.jpg --> studentweb.cencol.ca /lartyukh/webDesign2/Assignment3 logo.jpg
2013.10.05 12:05 B F:\111semester 3\advanced web design\website\webDesign2\Assignment3\logo.png --> studentweb.cencol.ca /lartyukh/webDesign2/Assignment3 logo.png
2013.10.05 12:05 B F:\111semester 3\advanced web design\website\webDesign2\Assignment3\math.jpg --> studentweb.cencol.ca /lartyukh/webDesign2/Assignment3 math.jpg
2013.10.05 12:05 B F:\111semester 3\advanced web design\website\webDesign2\Assignment3\program.jpg --> studentweb.cencol.ca /lartyukh/webDesign2/Assignment3 program.jpg
2013.10.05 12:05 B F:\111semester 3\advanced web design\website\webDesign2\Assignment3\replyForm.html --> studentweb.cencol.ca /lartyukh/webDesign2/Assignment3 replyForm.html
2013.10.05 12:05 B F:\111semester 3\advanced web design\website\webDesign2\Assignment3\script.js --> studentweb.cencol.ca /lartyukh/webDesign2/Assignment3 script.js
2013.10.05 12:05 B F:\111semester 3\advanced web design\website\webDesign2\Assignment3\scriptForm.js --> studentweb.cencol.ca /lartyukh/webDesign2/Assignment3 scriptForm.js
2013.10.05 12:05 B F:\111semester 3\advanced web design\website\webDesign2\Assignment3\styleForm.css --> studentweb.cencol.ca /lartyukh/webDesign2/Assignment3 styleForm.css
2013.10.05 12:05 B F:\111semester 3\advanced web design\website\webDesign2\Assignment3\web.jpg --> studentweb.cencol.ca /lartyukh/webDesign2/Assignment3 web.jpg
2013.10.05 12:07 B F:\111semester 3\advanced web design\website\webDesign2\Assignment3\assignment3.html --> studentweb.cencol.ca /lartyukh/webDesign2/Assignment3 assignment3.html
2013.10.05 12:07 B F:\111semester 3\advanced web design\website\webDesign2\Assignment3\replyForm.html --> studentweb.cencol.ca /lartyukh/webDesign2/Assignment3 replyForm.html
2013.10.05 12:12 B F:\111semester 3\advanced web design\website\webDesign2\Assignment3\assignment3.html --> studentweb.cencol.ca /lartyukh/webDesign2/Assignment3 assignment3.html
2013.10.05 12:12 B F:\111semester 3\advanced web design\website\webDesign2\Assignment3\replyForm.html --> studentweb.cencol.ca /lartyukh/webDesign2/Assignment3 replyForm.html
2013.10.05 12:12 B F:\111semester 3\advanced web design\website\webDesign2\Assignment3\scriptForm.js --> studentweb.cencol.ca /lartyukh/webDesign2/Assignment3 scriptForm.js
2013.10.05 13:50 B F:\111semester 3\advanced web design\website\webDesign2\Assignment3\assignment3.html --> studentweb.cencol.ca /lartyukh/webDesign2/Assignment3 assignment3.html
2013.10.05 13:50 B F:\111semester 3\advanced web design\website\webDesign2\Assignment3\backForm.jpg --> studentweb.cencol.ca /lartyukh/webDesign2/Assignment3 backForm.jpg
2013.10.05 13:50 B F:\111semester 3\advanced web design\website\webDesign2\Assignment3\data.jpg --> studentweb.cencol.ca /lartyukh/webDesign2/Assignment3 data.jpg
2013.10.05 13:50 B F:\111semester 3\advanced web design\website\webDesign2\Assignment3\eng.png --> studentweb.cencol.ca /lartyukh/webDesign2/Assignment3 eng.png
2013.10.05 13:50 B F:\111semester 3\advanced web design\website\webDesign2\Assignment3\logo.png --> studentweb.cencol.ca /lartyukh/webDesign2/Assignment3 logo.png
2013.10.05 13:50 B F:\111semester 3\advanced web design\website\webDesign2\Assignment3\math.jpg --> studentweb.cencol.ca /lartyukh/webDesign2/Assignment3 math.jpg
2013.10.05 13:50 B F:\111semester 3\advanced web design\website\webDesign2\Assignment3\prog.jpg --> studentweb.cencol.ca /lartyukh/webDesign2/Assignment3 prog.jpg
2013.10.05 13:50 B F:\111semester 3\advanced web design\website\webDesign2\Assignment3\replyForm.html --> studentweb.cencol.ca /lartyukh/webDesign2/Assignment3 replyForm.html
2013.10.05 13:50 B F:\111semester 3\advanced web design\website\webDesign2\Assignment3\scriptForm.js --> studentweb.cencol.ca /lartyukh/webDesign2/Assignment3 scriptForm.js
2013.10.05 13:50 B F:\111semester 3\advanced web design\website\webDesign2\Assignment3\styleForm.css --> studentweb.cencol.ca /lartyukh/webDesign2/Assignment3 styleForm.css
2013.10.05 13:50 B F:\111semester 3\advanced web design\website\webDesign2\Assignment3\web.jpg --> studentweb.cencol.ca /lartyukh/webDesign2/Assignment3 web.jpg
2013.10.05 13:57 B F:\111semester 3\advanced web design\website\webDesign2\Assignment3\assignment3.html --> studentweb.cencol.ca /lartyukh/webDesign2/Assignment3 assignment3.html
2013.10.05 13:57 B F:\111semester 3\advanced web design\website\webDesign2\Assignment3\backForm.jpg --> studentweb.cencol.ca /lartyukh/webDesign2/Assignment3 backForm.jpg
2013.10.05 13:57 B F:\111semester 3\advanced web design\website\webDesign2\Assignment3\data.jpg --> studentweb.cencol.ca /lartyukh/webDesign2/Assignment3 data.jpg
2013.10.05 13:57 B F:\111semester 3\advanced web design\website\webDesign2\Assignment3\eng.png --> studentweb.cencol.ca /lartyukh/webDesign2/Assignment3 eng.png
2013.10.05 13:57 B F:\111semester 3\advanced web design\website\webDesign2\Assignment3\logo.png --> studentweb.cencol.ca /lartyukh/webDesign2/Assignment3 logo.png
2013.10.05 13:57 B F:\111semester 3\advanced web design\website\webDesign2\Assignment3\math.jpg --> studentweb.cencol.ca /lartyukh/webDesign2/Assignment3 math.jpg
2013.10.05 13:57 B F:\111semester 3\advanced web design\website\webDesign2\Assignment3\prog.jpg --> studentweb.cencol.ca /lartyukh/webDesign2/Assignment3 prog.jpg
2013.10.05 13:57 B F:\111semester 3\advanced web design\website\webDesign2\Assignment3\replyForm.html --> studentweb.cencol.ca /lartyukh/webDesign2/Assignment3 replyForm.html
2013.10.05 13:57 B F:\111semester 3\advanced web design\website\webDesign2\Assignment3\scriptForm.js --> studentweb.cencol.ca /lartyukh/webDesign2/Assignment3 scriptForm.js
2013.10.05 13:57 B F:\111semester 3\advanced web design\website\webDesign2\Assignment3\styleForm.css --> studentweb.cencol.ca /lartyukh/webDesign2/Assignment3 styleForm.css
2013.10.05 13:57 B F:\111semester 3\advanced web design\website\webDesign2\Assignment3\web.jpg --> studentweb.cencol.ca /lartyukh/webDesign2/Assignment3 web.jpg
2013.11.12 13:02 B E:\111semester 3\advanced web design\website\webDesign2\Assignment3\assignment3.html --> studentweb.cencol.ca /lartyukh/webDesign2/Assignment3 assignment3.html
2013.11.12 13:02 B E:\111semester 3\advanced web design\website\webDesign2\Assignment3\backForm.jpg --> studentweb.cencol.ca /lartyukh/webDesign2/Assignment3 backForm.jpg
2013.11.12 13:02 B E:\111semester 3\advanced web design\website\webDesign2\Assignment3\data.jpg --> studentweb.cencol.ca /lartyukh/webDesign2/Assignment3 data.jpg
2013.11.12 13:02 B E:\111semester 3\advanced web design\website\webDesign2\Assignment3\eng.png --> studentweb.cencol.ca /lartyukh/webDesign2/Assignment3 eng.png
2013.11.12 13:02 B E:\111semester 3\advanced web design\website\webDesign2\Assignment3\logo.png --> studentweb.cencol.ca /lartyukh/webDesign2/Assignment3 logo.png
2013.11.12 13:02 B E:\111semester 3\advanced web design\website\webDesign2\Assignment3\math.jpg --> studentweb.cencol.ca /lartyukh/webDesign2/Assignment3 math.jpg
2013.11.12 13:02 B E:\111semester 3\advanced web design\website\webDesign2\Assignment3\prog.jpg --> studentweb.cencol.ca /lartyukh/webDesign2/Assignment3 prog.jpg
2013.11.12 13:02 B E:\111semester 3\advanced web design\website\webDesign2\Assignment3\replyForm.html --> studentweb.cencol.ca /lartyukh/webDesign2/Assignment3 replyForm.html
2013.11.12 13:02 B E:\111semester 3\advanced web design\website\webDesign2\Assignment3\scriptForm.js --> studentweb.cencol.ca /lartyukh/webDesign2/Assignment3 scriptForm.js
2013.11.12 13:02 B E:\111semester 3\advanced web design\website\webDesign2\Assignment3\styleForm.css --> studentweb.cencol.ca /lartyukh/webDesign2/Assignment3 styleForm.css
2013.11.12 13:02 B E:\111semester 3\advanced web design\website\webDesign2\Assignment3\web.jpg --> studentweb.cencol.ca /lartyukh/webDesign2/Assignment3 web.jpg
2013.11.12 13:02 B E:\111semester 3\advanced web design\website\webDesign2\Assignment3\WS_FTP.LOG --> studentweb.cencol.ca /lartyukh/webDesign2/Assignment3 WS_FTP.LOG
