2013.10.16 10:26 B E:\111semester 3\advanced web design\website\webDesign2\midterm\300702887Script.js --> studentweb.cencol.ca /lartyukh/webDesign2/midterm 300702887Script.js
2013.10.16 10:26 B E:\111semester 3\advanced web design\website\webDesign2\midterm\300702887Styles.css --> studentweb.cencol.ca /lartyukh/webDesign2/midterm 300702887Styles.css
2013.10.16 10:26 B E:\111semester 3\advanced web design\website\webDesign2\midterm\banner.jpg --> studentweb.cencol.ca /lartyukh/webDesign2/midterm banner.jpg
2013.10.16 10:26 B E:\111semester 3\advanced web design\website\webDesign2\midterm\Midterm300702887.html --> studentweb.cencol.ca /lartyukh/webDesign2/midterm Midterm300702887.html
2013.11.12 13:02 B E:\111semester 3\advanced web design\website\webDesign2\midterm\300702887Script.js --> studentweb.cencol.ca /lartyukh/webDesign2/midterm 300702887Script.js
2013.11.12 13:02 B E:\111semester 3\advanced web design\website\webDesign2\midterm\300702887Styles.css --> studentweb.cencol.ca /lartyukh/webDesign2/midterm 300702887Styles.css
2013.11.12 13:02 B E:\111semester 3\advanced web design\website\webDesign2\midterm\banner.jpg --> studentweb.cencol.ca /lartyukh/webDesign2/midterm banner.jpg
2013.11.12 13:02 B E:\111semester 3\advanced web design\website\webDesign2\midterm\Midterm300702887.html --> studentweb.cencol.ca /lartyukh/webDesign2/midterm Midterm300702887.html
2013.11.12 13:02 B E:\111semester 3\advanced web design\website\webDesign2\midterm\replyForm.html --> studentweb.cencol.ca /lartyukh/webDesign2/midterm replyForm.html
2013.11.12 13:02 B E:\111semester 3\advanced web design\website\webDesign2\midterm\WS_FTP.LOG --> studentweb.cencol.ca /lartyukh/webDesign2/midterm WS_FTP.LOG
2013.11.25 12:23 B F:\111semester 3\advanced web design\website\webDesign2\midterm\300702887Script.js --> studentweb.cencol.ca /lartyukh/webDesign2/midterm 300702887Script.js
2013.11.25 12:23 B F:\111semester 3\advanced web design\website\webDesign2\midterm\300702887Styles.css --> studentweb.cencol.ca /lartyukh/webDesign2/midterm 300702887Styles.css
2013.11.25 12:23 B F:\111semester 3\advanced web design\website\webDesign2\midterm\banner.jpg --> studentweb.cencol.ca /lartyukh/webDesign2/midterm banner.jpg
2013.11.25 12:23 B F:\111semester 3\advanced web design\website\webDesign2\midterm\Midterm300702887.html --> studentweb.cencol.ca /lartyukh/webDesign2/midterm Midterm300702887.html
2013.11.25 12:23 B F:\111semester 3\advanced web design\website\webDesign2\midterm\replyForm.html --> studentweb.cencol.ca /lartyukh/webDesign2/midterm replyForm.html
2013.11.26 08:46 B F:\111semester 3\advanced web design\website\webDesign2\midterm\300702887Script.js --> studentweb.cencol.ca /lartyukh/webDesign2/midterm 300702887Script.js
2013.11.26 08:46 B F:\111semester 3\advanced web design\website\webDesign2\midterm\300702887Styles.css --> studentweb.cencol.ca /lartyukh/webDesign2/midterm 300702887Styles.css
2013.11.26 08:46 B F:\111semester 3\advanced web design\website\webDesign2\midterm\banner.jpg --> studentweb.cencol.ca /lartyukh/webDesign2/midterm banner.jpg
2013.11.26 08:46 B F:\111semester 3\advanced web design\website\webDesign2\midterm\Midterm300702887.html --> studentweb.cencol.ca /lartyukh/webDesign2/midterm Midterm300702887.html
2013.11.26 08:46 B F:\111semester 3\advanced web design\website\webDesign2\midterm\replyForm.html --> studentweb.cencol.ca /lartyukh/webDesign2/midterm replyForm.html
