2013.04.04 12:03 B G:\COMP213 Web Design\studentweb\Project\home.html --> studentweb.cencol.ca /lartyukh/Project home.html
2013.04.04 20:35 B G:\COMP213 Web Design\studentweb\Project\home.html --> studentweb.cencol.ca /Project home.html
2013.04.04 20:35 B G:\COMP213 Web Design\studentweb\Project\WS_FTP.LOG --> studentweb.cencol.ca /Project WS_FTP.LOG
2013.04.04 20:36 B G:\COMP213 Web Design\studentweb\Project\WS_FTP.LOG --> studentweb.cencol.ca /lartyukh/Project WS_FTP.LOG
2013.04.05 09:02 B G:\COMP213 Web Design\studentweb\Project\WS_FTP.LOG --> studentweb.cencol.ca /lartyukh/Project WS_FTP.LOG
2013.04.05 09:08 B G:\COMP213 Web Design\studentweb\Project\home.html --> studentweb.cencol.ca /lartyukh/Project home.html
2013.04.05 09:08 B G:\COMP213 Web Design\studentweb\Project\WS_FTP.LOG --> studentweb.cencol.ca /lartyukh/Project WS_FTP.LOG
2013.04.05 16:20 B E:\COMP213 Web Design\studentweb\Project\WS_FTP.LOG --> studentweb.cencol.ca /lartyukh/Project WS_FTP.LOG
2013.04.06 13:24 B G:\COMP213 Web Design\studentweb\Project\WS_FTP.LOG --> studentweb.cencol.ca /lartyukh/Project WS_FTP.LOG
2013.04.07 13:33 B G:\COMP213 Web Design\studentweb\Project\WS_FTP.LOG --> studentweb.cencol.ca /lartyukh/Project WS_FTP.LOG
2013.04.07 15:13 B G:\COMP213 Web Design\studentweb\Project\WS_FTP.LOG --> studentweb.cencol.ca /lartyukh/Project WS_FTP.LOG
2013.04.09 14:00 B E:\COMP213 Web Design\studentweb\Project\lily.jpg --> studentweb.cencol.ca /lartyukh/Project lily.jpg
2013.04.09 14:00 B E:\COMP213 Web Design\studentweb\Project\myStylesheet.css --> studentweb.cencol.ca /lartyukh/Project myStylesheet.css
2013.04.09 14:00 B E:\COMP213 Web Design\studentweb\Project\template.dwt --> studentweb.cencol.ca /lartyukh/Project template.dwt
2013.04.09 14:01 B E:\COMP213 Web Design\studentweb\Project\WS_FTP.LOG --> studentweb.cencol.ca /lartyukh/Project WS_FTP.LOG
2013.04.14 07:25 B G:\COMP213 Web Design\studentweb\Project\form.html --> studentweb.cencol.ca /lartyukh/Project form.html
2013.04.14 07:25 B G:\COMP213 Web Design\studentweb\Project\home.html --> studentweb.cencol.ca /lartyukh/Project home.html
2013.04.14 07:25 B G:\COMP213 Web Design\studentweb\Project\main.css --> studentweb.cencol.ca /lartyukh/Project main.css
2013.04.14 07:25 B G:\COMP213 Web Design\studentweb\Project\sitemap.html --> studentweb.cencol.ca /lartyukh/Project sitemap.html
2013.04.14 07:25 B G:\COMP213 Web Design\studentweb\Project\template.dwt --> studentweb.cencol.ca /lartyukh/Project template.dwt
2013.04.14 07:25 B G:\COMP213 Web Design\studentweb\Project\Used Car Dealer Reviews.docx --> studentweb.cencol.ca /lartyukh/Project Used Car Dealer Reviews.docx
2013.04.14 07:25 B G:\COMP213 Web Design\studentweb\Project\Used Car Dealer Text.txt --> studentweb.cencol.ca /lartyukh/Project Used Car Dealer Text.txt
2013.04.14 07:25 B G:\COMP213 Web Design\studentweb\Project\vehicles.html --> studentweb.cencol.ca /lartyukh/Project vehicles.html
2013.04.14 07:25 B G:\COMP213 Web Design\studentweb\Project\WS_FTP.LOG --> studentweb.cencol.ca /lartyukh/Project WS_FTP.LOG
2013.04.15 00:01 B G:\COMP213 Web Design\studentweb\Project\Car Finder Drop Down Menus.txt --> studentweb.cencol.ca /lartyukh/Project Car Finder Drop Down Menus.txt
2013.04.15 00:01 B G:\COMP213 Web Design\studentweb\Project\form.html --> studentweb.cencol.ca /lartyukh/Project form.html
2013.04.15 00:01 B G:\COMP213 Web Design\studentweb\Project\home.html --> studentweb.cencol.ca /lartyukh/Project home.html
2013.04.15 00:01 B G:\COMP213 Web Design\studentweb\Project\honda.html --> studentweb.cencol.ca /lartyukh/Project honda.html
2013.04.15 00:01 B G:\COMP213 Web Design\studentweb\Project\kia.html --> studentweb.cencol.ca /lartyukh/Project kia.html
2013.04.15 00:01 B G:\COMP213 Web Design\studentweb\Project\main.css --> studentweb.cencol.ca /lartyukh/Project main.css
2013.04.15 00:01 B G:\COMP213 Web Design\studentweb\Project\mazda.html --> studentweb.cencol.ca /lartyukh/Project mazda.html
2013.04.15 00:01 B G:\COMP213 Web Design\studentweb\Project\nissan.html --> studentweb.cencol.ca /lartyukh/Project nissan.html
2013.04.15 00:01 B G:\COMP213 Web Design\studentweb\Project\sitemap.html --> studentweb.cencol.ca /lartyukh/Project sitemap.html
2013.04.15 00:01 B G:\COMP213 Web Design\studentweb\Project\template.dwt --> studentweb.cencol.ca /lartyukh/Project template.dwt
2013.04.15 00:01 B G:\COMP213 Web Design\studentweb\Project\toyota.html --> studentweb.cencol.ca /lartyukh/Project toyota.html
2013.04.15 00:01 B G:\COMP213 Web Design\studentweb\Project\Used Car Dealer Reviews.docx --> studentweb.cencol.ca /lartyukh/Project Used Car Dealer Reviews.docx
2013.04.15 00:01 B G:\COMP213 Web Design\studentweb\Project\Used Car Dealer Text.txt --> studentweb.cencol.ca /lartyukh/Project Used Car Dealer Text.txt
2013.04.15 00:01 B G:\COMP213 Web Design\studentweb\Project\vehicles.html --> studentweb.cencol.ca /lartyukh/Project vehicles.html
2013.04.15 00:01 B G:\COMP213 Web Design\studentweb\Project\WS_FTP.LOG --> studentweb.cencol.ca /lartyukh/Project WS_FTP.LOG
2013.04.17 12:30 B E:\COMP213 Web Design\studentweb\Project\form.html --> studentweb.cencol.ca /lartyukh/Project form.html
2013.04.17 12:30 B E:\COMP213 Web Design\studentweb\Project\home.html --> studentweb.cencol.ca /lartyukh/Project home.html
2013.04.17 12:30 B E:\COMP213 Web Design\studentweb\Project\honda.html --> studentweb.cencol.ca /lartyukh/Project honda.html
2013.04.17 12:30 B E:\COMP213 Web Design\studentweb\Project\kia.html --> studentweb.cencol.ca /lartyukh/Project kia.html
2013.04.17 12:30 B E:\COMP213 Web Design\studentweb\Project\main.css --> studentweb.cencol.ca /lartyukh/Project main.css
2013.04.17 12:30 B E:\COMP213 Web Design\studentweb\Project\mazda.html --> studentweb.cencol.ca /lartyukh/Project mazda.html
2013.04.17 12:30 B E:\COMP213 Web Design\studentweb\Project\nissan.html --> studentweb.cencol.ca /lartyukh/Project nissan.html
2013.04.17 12:30 B E:\COMP213 Web Design\studentweb\Project\sitemap.html --> studentweb.cencol.ca /lartyukh/Project sitemap.html
2013.04.17 12:30 B E:\COMP213 Web Design\studentweb\Project\template.dwt --> studentweb.cencol.ca /lartyukh/Project template.dwt
2013.04.17 12:30 B E:\COMP213 Web Design\studentweb\Project\toyota.html --> studentweb.cencol.ca /lartyukh/Project toyota.html
2013.04.17 12:30 B E:\COMP213 Web Design\studentweb\Project\Used Car Dealer Text.txt --> studentweb.cencol.ca /lartyukh/Project Used Car Dealer Text.txt
2013.04.17 12:30 B E:\COMP213 Web Design\studentweb\Project\vehicles.html --> studentweb.cencol.ca /lartyukh/Project vehicles.html
2013.04.18 08:27 B G:\COMP213 Web Design\studentweb\Project\form.html --> studentweb.cencol.ca /lartyukh/Project form.html
2013.04.18 08:27 B G:\COMP213 Web Design\studentweb\Project\home.html --> studentweb.cencol.ca /lartyukh/Project home.html
2013.04.18 08:27 B G:\COMP213 Web Design\studentweb\Project\honda.xml --> studentweb.cencol.ca /lartyukh/Project honda.xml
2013.04.18 08:27 B G:\COMP213 Web Design\studentweb\Project\KIA.xml --> studentweb.cencol.ca /lartyukh/Project KIA.xml
2013.04.18 08:27 B G:\COMP213 Web Design\studentweb\Project\main.css --> studentweb.cencol.ca /lartyukh/Project main.css
2013.04.18 08:27 B G:\COMP213 Web Design\studentweb\Project\mazda.xml --> studentweb.cencol.ca /lartyukh/Project mazda.xml
2013.04.18 08:27 B G:\COMP213 Web Design\studentweb\Project\nissan.xml --> studentweb.cencol.ca /lartyukh/Project nissan.xml
2013.04.18 08:27 B G:\COMP213 Web Design\studentweb\Project\sitemap.html --> studentweb.cencol.ca /lartyukh/Project sitemap.html
2013.04.18 08:27 B G:\COMP213 Web Design\studentweb\Project\template.dwt --> studentweb.cencol.ca /lartyukh/Project template.dwt
2013.04.18 08:27 B G:\COMP213 Web Design\studentweb\Project\toyota.xml --> studentweb.cencol.ca /lartyukh/Project toyota.xml
2013.04.18 08:27 B G:\COMP213 Web Design\studentweb\Project\vehicles.xml --> studentweb.cencol.ca /lartyukh/Project vehicles.xml
2013.04.18 08:27 B G:\COMP213 Web Design\studentweb\Project\WS_FTP.LOG --> studentweb.cencol.ca /lartyukh/Project WS_FTP.LOG
2013.04.18 08:32 B G:\COMP213 Web Design\studentweb\Project\form.html --> studentweb.cencol.ca /lartyukh/Project form.html
2013.04.18 08:32 B G:\COMP213 Web Design\studentweb\Project\home.html --> studentweb.cencol.ca /lartyukh/Project home.html
2013.04.18 08:32 B G:\COMP213 Web Design\studentweb\Project\honda.xml --> studentweb.cencol.ca /lartyukh/Project honda.xml
2013.04.18 08:32 B G:\COMP213 Web Design\studentweb\Project\KIA.xml --> studentweb.cencol.ca /lartyukh/Project KIA.xml
2013.04.18 08:32 B G:\COMP213 Web Design\studentweb\Project\main.css --> studentweb.cencol.ca /lartyukh/Project main.css
2013.04.18 08:32 B G:\COMP213 Web Design\studentweb\Project\mazda.xml --> studentweb.cencol.ca /lartyukh/Project mazda.xml
2013.04.18 08:32 B G:\COMP213 Web Design\studentweb\Project\nissan.xml --> studentweb.cencol.ca /lartyukh/Project nissan.xml
2013.04.18 08:32 B G:\COMP213 Web Design\studentweb\Project\sitemap.html --> studentweb.cencol.ca /lartyukh/Project sitemap.html
2013.04.18 08:32 B G:\COMP213 Web Design\studentweb\Project\template.dwt --> studentweb.cencol.ca /lartyukh/Project template.dwt
2013.04.18 08:32 B G:\COMP213 Web Design\studentweb\Project\toyota.xml --> studentweb.cencol.ca /lartyukh/Project toyota.xml
2013.04.18 08:32 B G:\COMP213 Web Design\studentweb\Project\vehicles.xml --> studentweb.cencol.ca /lartyukh/Project vehicles.xml
2013.04.18 08:32 B G:\COMP213 Web Design\studentweb\Project\WS_FTP.LOG --> studentweb.cencol.ca /lartyukh/Project WS_FTP.LOG
2013.04.18 09:29 B G:\COMP213 Web Design\studentweb\Project\form.html --> studentweb.cencol.ca /lartyukh/Project form.html
2013.04.18 09:29 B G:\COMP213 Web Design\studentweb\Project\home.html --> studentweb.cencol.ca /lartyukh/Project home.html
2013.04.18 09:29 B G:\COMP213 Web Design\studentweb\Project\honda.xml --> studentweb.cencol.ca /lartyukh/Project honda.xml
2013.04.18 09:29 B G:\COMP213 Web Design\studentweb\Project\KIA.xml --> studentweb.cencol.ca /lartyukh/Project KIA.xml
2013.04.18 09:29 B G:\COMP213 Web Design\studentweb\Project\mazda.xml --> studentweb.cencol.ca /lartyukh/Project mazda.xml
2013.04.18 09:29 B G:\COMP213 Web Design\studentweb\Project\nissan.xml --> studentweb.cencol.ca /lartyukh/Project nissan.xml
2013.04.18 09:29 B G:\COMP213 Web Design\studentweb\Project\sitemap.html --> studentweb.cencol.ca /lartyukh/Project sitemap.html
2013.04.18 09:29 B G:\COMP213 Web Design\studentweb\Project\template.dwt --> studentweb.cencol.ca /lartyukh/Project template.dwt
2013.04.18 09:29 B G:\COMP213 Web Design\studentweb\Project\toyota.xml --> studentweb.cencol.ca /lartyukh/Project toyota.xml
2013.04.18 09:29 B G:\COMP213 Web Design\studentweb\Project\WS_FTP.LOG --> studentweb.cencol.ca /lartyukh/Project WS_FTP.LOG
2013.04.18 09:41 B G:\COMP213 Web Design\studentweb\Project\vehicles.xml --> studentweb.cencol.ca /lartyukh/Project vehicles.xml
2013.04.18 09:45 B G:\COMP213 Web Design\studentweb\Project\sitemap.html --> studentweb.cencol.ca /lartyukh/Project sitemap.html
2013.04.18 18:22 B G:\COMP213 Web Design\studentweb\Project\form.html --> studentweb.cencol.ca /lartyukh/Project form.html
2013.04.18 18:22 B G:\COMP213 Web Design\studentweb\Project\home.html --> studentweb.cencol.ca /lartyukh/Project home.html
2013.04.18 18:22 B G:\COMP213 Web Design\studentweb\Project\honda.xml --> studentweb.cencol.ca /lartyukh/Project honda.xml
2013.04.18 18:22 B G:\COMP213 Web Design\studentweb\Project\KIA.xml --> studentweb.cencol.ca /lartyukh/Project KIA.xml
2013.04.18 18:22 B G:\COMP213 Web Design\studentweb\Project\mazda.xml --> studentweb.cencol.ca /lartyukh/Project mazda.xml
2013.04.18 18:22 B G:\COMP213 Web Design\studentweb\Project\nissan.xml --> studentweb.cencol.ca /lartyukh/Project nissan.xml
2013.04.18 18:22 B G:\COMP213 Web Design\studentweb\Project\sitemap.html --> studentweb.cencol.ca /lartyukh/Project sitemap.html
2013.04.18 18:22 B G:\COMP213 Web Design\studentweb\Project\template.dwt --> studentweb.cencol.ca /lartyukh/Project template.dwt
2013.04.18 18:22 B G:\COMP213 Web Design\studentweb\Project\toyota.xml --> studentweb.cencol.ca /lartyukh/Project toyota.xml
2013.04.18 18:22 B G:\COMP213 Web Design\studentweb\Project\WS_FTP.LOG --> studentweb.cencol.ca /lartyukh/Project WS_FTP.LOG
2013.04.19 13:17 B G:\COMP213 Web Design\studentweb\Project\form.html --> studentweb.cencol.ca /lartyukh/Project form.html
2013.04.19 13:17 B G:\COMP213 Web Design\studentweb\Project\home.html --> studentweb.cencol.ca /lartyukh/Project home.html
2013.04.19 13:17 B G:\COMP213 Web Design\studentweb\Project\honda.xml --> studentweb.cencol.ca /lartyukh/Project honda.xml
2013.04.19 13:17 B G:\COMP213 Web Design\studentweb\Project\KIA.xml --> studentweb.cencol.ca /lartyukh/Project KIA.xml
2013.04.19 13:17 B G:\COMP213 Web Design\studentweb\Project\mazda.xml --> studentweb.cencol.ca /lartyukh/Project mazda.xml
2013.04.19 13:17 B G:\COMP213 Web Design\studentweb\Project\nissan.xml --> studentweb.cencol.ca /lartyukh/Project nissan.xml
2013.04.19 13:17 B G:\COMP213 Web Design\studentweb\Project\toyota.xml --> studentweb.cencol.ca /lartyukh/Project toyota.xml
2013.04.19 13:17 B G:\COMP213 Web Design\studentweb\Project\WS_FTP.LOG --> studentweb.cencol.ca /lartyukh/Project WS_FTP.LOG
2013.04.19 13:23 B G:\COMP213 Web Design\studentweb\Project\home.html --> studentweb.cencol.ca /lartyukh/Project home.html
2013.04.19 13:23 B G:\COMP213 Web Design\studentweb\Project\main.css --> studentweb.cencol.ca /lartyukh/Project main.css
2013.04.19 13:23 B G:\COMP213 Web Design\studentweb\Project\WS_FTP.LOG --> studentweb.cencol.ca /lartyukh/Project WS_FTP.LOG
2013.04.19 13:29 B G:\COMP213 Web Design\studentweb\Project\main.css --> studentweb.cencol.ca /lartyukh/Project main.css
2013.04.19 13:29 B G:\COMP213 Web Design\studentweb\Project\WS_FTP.LOG --> studentweb.cencol.ca /lartyukh/Project WS_FTP.LOG
2013.04.19 13:34 B G:\COMP213 Web Design\studentweb\Project\main.css --> studentweb.cencol.ca /lartyukh/Project main.css
2013.04.19 13:34 B G:\COMP213 Web Design\studentweb\Project\template.dwt --> studentweb.cencol.ca /lartyukh/Project template.dwt
2013.04.19 13:34 B G:\COMP213 Web Design\studentweb\Project\WS_FTP.LOG --> studentweb.cencol.ca /lartyukh/Project WS_FTP.LOG
2013.09.05 09:06 B F:\COMP213 Web Design\studentweb\Project\form.html --> studentweb.cencol.ca /lartyukh/Project form.html
2013.09.05 09:06 B F:\COMP213 Web Design\studentweb\Project\home.html --> studentweb.cencol.ca /lartyukh/Project home.html
2013.09.05 09:06 B F:\COMP213 Web Design\studentweb\Project\honda.xml --> studentweb.cencol.ca /lartyukh/Project honda.xml
2013.09.05 09:06 B F:\COMP213 Web Design\studentweb\Project\KIA.xml --> studentweb.cencol.ca /lartyukh/Project KIA.xml
2013.09.05 09:06 B F:\COMP213 Web Design\studentweb\Project\main.css --> studentweb.cencol.ca /lartyukh/Project main.css
2013.09.05 09:06 B F:\COMP213 Web Design\studentweb\Project\mazda.xml --> studentweb.cencol.ca /lartyukh/Project mazda.xml
2013.09.05 09:06 B F:\COMP213 Web Design\studentweb\Project\nissan.xml --> studentweb.cencol.ca /lartyukh/Project nissan.xml
2013.09.05 09:06 B F:\COMP213 Web Design\studentweb\Project\sitemap.html --> studentweb.cencol.ca /lartyukh/Project sitemap.html
2013.09.05 09:06 B F:\COMP213 Web Design\studentweb\Project\template.dwt --> studentweb.cencol.ca /lartyukh/Project template.dwt
2013.09.05 09:06 B F:\COMP213 Web Design\studentweb\Project\toyota.xml --> studentweb.cencol.ca /lartyukh/Project toyota.xml
2013.09.05 09:06 B F:\COMP213 Web Design\studentweb\Project\vehicles.xml --> studentweb.cencol.ca /lartyukh/Project vehicles.xml
2013.09.05 09:06 B F:\COMP213 Web Design\studentweb\Project\WS_FTP.LOG --> studentweb.cencol.ca /lartyukh/Project WS_FTP.LOG
2013.09.10 23:23 B F:\111semester 3\advanced web design\website\studentweb\Project\form.html --> studentweb.cencol.ca /lartyukh/website/studentweb/Project form.html
2013.09.10 23:23 B F:\111semester 3\advanced web design\website\studentweb\Project\home.html --> studentweb.cencol.ca /lartyukh/website/studentweb/Project home.html
2013.09.10 23:23 B F:\111semester 3\advanced web design\website\studentweb\Project\honda.xml --> studentweb.cencol.ca /lartyukh/website/studentweb/Project honda.xml
2013.09.10 23:23 B F:\111semester 3\advanced web design\website\studentweb\Project\KIA.xml --> studentweb.cencol.ca /lartyukh/website/studentweb/Project KIA.xml
2013.09.10 23:23 B F:\111semester 3\advanced web design\website\studentweb\Project\main.css --> studentweb.cencol.ca /lartyukh/website/studentweb/Project main.css
2013.09.10 23:23 B F:\111semester 3\advanced web design\website\studentweb\Project\mazda.xml --> studentweb.cencol.ca /lartyukh/website/studentweb/Project mazda.xml
2013.09.10 23:23 B F:\111semester 3\advanced web design\website\studentweb\Project\nissan.xml --> studentweb.cencol.ca /lartyukh/website/studentweb/Project nissan.xml
2013.09.10 23:23 B F:\111semester 3\advanced web design\website\studentweb\Project\sitemap.html --> studentweb.cencol.ca /lartyukh/website/studentweb/Project sitemap.html
2013.09.10 23:23 B F:\111semester 3\advanced web design\website\studentweb\Project\template.dwt --> studentweb.cencol.ca /lartyukh/website/studentweb/Project template.dwt
2013.09.10 23:23 B F:\111semester 3\advanced web design\website\studentweb\Project\toyota.xml --> studentweb.cencol.ca /lartyukh/website/studentweb/Project toyota.xml
2013.09.10 23:23 B F:\111semester 3\advanced web design\website\studentweb\Project\vehicles.xml --> studentweb.cencol.ca /lartyukh/website/studentweb/Project vehicles.xml
2013.09.10 23:23 B F:\111semester 3\advanced web design\website\studentweb\Project\WS_FTP.LOG --> studentweb.cencol.ca /lartyukh/website/studentweb/Project WS_FTP.LOG
2013.09.10 23:29 B F:\111semester 3\advanced web design\website\studentweb\Project\form.html --> studentweb.cencol.ca /lartyukh/studentweb/Project form.html
2013.09.10 23:29 B F:\111semester 3\advanced web design\website\studentweb\Project\home.html --> studentweb.cencol.ca /lartyukh/studentweb/Project home.html
2013.09.10 23:29 B F:\111semester 3\advanced web design\website\studentweb\Project\honda.xml --> studentweb.cencol.ca /lartyukh/studentweb/Project honda.xml
2013.09.10 23:29 B F:\111semester 3\advanced web design\website\studentweb\Project\KIA.xml --> studentweb.cencol.ca /lartyukh/studentweb/Project KIA.xml
2013.09.10 23:29 B F:\111semester 3\advanced web design\website\studentweb\Project\main.css --> studentweb.cencol.ca /lartyukh/studentweb/Project main.css
2013.09.10 23:29 B F:\111semester 3\advanced web design\website\studentweb\Project\mazda.xml --> studentweb.cencol.ca /lartyukh/studentweb/Project mazda.xml
2013.09.10 23:29 B F:\111semester 3\advanced web design\website\studentweb\Project\nissan.xml --> studentweb.cencol.ca /lartyukh/studentweb/Project nissan.xml
2013.09.10 23:29 B F:\111semester 3\advanced web design\website\studentweb\Project\sitemap.html --> studentweb.cencol.ca /lartyukh/studentweb/Project sitemap.html
2013.09.10 23:29 B F:\111semester 3\advanced web design\website\studentweb\Project\template.dwt --> studentweb.cencol.ca /lartyukh/studentweb/Project template.dwt
2013.09.10 23:29 B F:\111semester 3\advanced web design\website\studentweb\Project\toyota.xml --> studentweb.cencol.ca /lartyukh/studentweb/Project toyota.xml
2013.09.10 23:29 B F:\111semester 3\advanced web design\website\studentweb\Project\vehicles.xml --> studentweb.cencol.ca /lartyukh/studentweb/Project vehicles.xml
2013.09.10 23:29 B F:\111semester 3\advanced web design\website\studentweb\Project\WS_FTP.LOG --> studentweb.cencol.ca /lartyukh/studentweb/Project WS_FTP.LOG
2013.09.12 03:36 B F:\111semester 3\advanced web design\website\webDesign1\Project\form.html --> studentweb.cencol.ca /lartyukh/webDesign1/Project form.html
2013.09.12 03:37 B F:\111semester 3\advanced web design\website\webDesign1\Project\home.html --> studentweb.cencol.ca /lartyukh/webDesign1/Project home.html
2013.09.12 03:37 B F:\111semester 3\advanced web design\website\webDesign1\Project\honda.xml --> studentweb.cencol.ca /lartyukh/webDesign1/Project honda.xml
2013.09.12 03:37 B F:\111semester 3\advanced web design\website\webDesign1\Project\KIA.xml --> studentweb.cencol.ca /lartyukh/webDesign1/Project KIA.xml
2013.09.12 03:37 B F:\111semester 3\advanced web design\website\webDesign1\Project\main.css --> studentweb.cencol.ca /lartyukh/webDesign1/Project main.css
2013.09.12 03:37 B F:\111semester 3\advanced web design\website\webDesign1\Project\mazda.xml --> studentweb.cencol.ca /lartyukh/webDesign1/Project mazda.xml
2013.09.12 03:37 B F:\111semester 3\advanced web design\website\webDesign1\Project\nissan.xml --> studentweb.cencol.ca /lartyukh/webDesign1/Project nissan.xml
2013.09.12 03:37 B F:\111semester 3\advanced web design\website\webDesign1\Project\sitemap.html --> studentweb.cencol.ca /lartyukh/webDesign1/Project sitemap.html
2013.09.12 03:37 B F:\111semester 3\advanced web design\website\webDesign1\Project\template.dwt --> studentweb.cencol.ca /lartyukh/webDesign1/Project template.dwt
2013.09.12 03:37 B F:\111semester 3\advanced web design\website\webDesign1\Project\toyota.xml --> studentweb.cencol.ca /lartyukh/webDesign1/Project toyota.xml
2013.09.12 03:37 B F:\111semester 3\advanced web design\website\webDesign1\Project\vehicles.xml --> studentweb.cencol.ca /lartyukh/webDesign1/Project vehicles.xml
2013.09.12 03:37 B F:\111semester 3\advanced web design\website\webDesign1\Project\WS_FTP.LOG --> studentweb.cencol.ca /lartyukh/webDesign1/Project WS_FTP.LOG
2013.09.12 22:31 B F:\111semester 3\advanced web design\website\webDesign1\Project\WS_FTP.LOG --> studentweb.cencol.ca /lartyukh/webDesign1/Project WS_FTP.LOG
2013.09.12 22:38 B F:\111semester 3\advanced web design\website\webDesign1\Project\form.html --> studentweb.cencol.ca /lartyukh/webDesign1/Project form.html
2013.09.12 22:38 B F:\111semester 3\advanced web design\website\webDesign1\Project\home.html --> studentweb.cencol.ca /lartyukh/webDesign1/Project home.html
2013.09.12 22:38 B F:\111semester 3\advanced web design\website\webDesign1\Project\honda.xml --> studentweb.cencol.ca /lartyukh/webDesign1/Project honda.xml
2013.09.12 22:38 B F:\111semester 3\advanced web design\website\webDesign1\Project\KIA.xml --> studentweb.cencol.ca /lartyukh/webDesign1/Project KIA.xml
2013.09.12 22:38 B F:\111semester 3\advanced web design\website\webDesign1\Project\main.css --> studentweb.cencol.ca /lartyukh/webDesign1/Project main.css
2013.09.12 22:38 B F:\111semester 3\advanced web design\website\webDesign1\Project\mazda.xml --> studentweb.cencol.ca /lartyukh/webDesign1/Project mazda.xml
2013.09.12 22:38 B F:\111semester 3\advanced web design\website\webDesign1\Project\nissan.xml --> studentweb.cencol.ca /lartyukh/webDesign1/Project nissan.xml
2013.09.12 22:38 B F:\111semester 3\advanced web design\website\webDesign1\Project\sitemap.html --> studentweb.cencol.ca /lartyukh/webDesign1/Project sitemap.html
2013.09.12 22:38 B F:\111semester 3\advanced web design\website\webDesign1\Project\template.dwt --> studentweb.cencol.ca /lartyukh/webDesign1/Project template.dwt
2013.09.12 22:38 B F:\111semester 3\advanced web design\website\webDesign1\Project\toyota.xml --> studentweb.cencol.ca /lartyukh/webDesign1/Project toyota.xml
2013.09.12 22:38 B F:\111semester 3\advanced web design\website\webDesign1\Project\vehicles.xml --> studentweb.cencol.ca /lartyukh/webDesign1/Project vehicles.xml
2013.09.12 22:38 B F:\111semester 3\advanced web design\website\webDesign1\Project\WS_FTP.LOG --> studentweb.cencol.ca /lartyukh/webDesign1/Project WS_FTP.LOG
2013.09.15 20:16 B F:\111semester 3\advanced web design\website\webDesign1\Project\WS_FTP.LOG --> studentweb.cencol.ca /lartyukh/webDesign1/Project WS_FTP.LOG
2013.09.20 21:20 B F:\111semester 3\advanced web design\website\webDesign1\Project\WS_FTP.LOG --> studentweb.cencol.ca /lartyukh/webDesign1/Project WS_FTP.LOG
2013.09.23 13:09 B F:\111semester 3\advanced web design\website\webDesign1\Project\WS_FTP.LOG --> studentweb.cencol.ca /lartyukh/webDesign1/Project WS_FTP.LOG
2013.09.23 13:51 B F:\111semester 3\advanced web design\website\webDesign1\Project\WS_FTP.LOG --> studentweb.cencol.ca /lartyukh/webDesign1/Project WS_FTP.LOG
2013.09.24 10:20 B F:\111semester 3\advanced web design\website\webDesign1\Project\WS_FTP.LOG --> studentweb.cencol.ca /lartyukh/webDesign1/Project WS_FTP.LOG
2013.10.05 11:26 B F:\111semester 3\advanced web design\website\webDesign1\Project\WS_FTP.LOG --> studentweb.cencol.ca /lartyukh/webDesign1/Project WS_FTP.LOG
2013.11.12 13:01 B E:\111semester 3\advanced web design\website\webDesign1\Project\form.html --> studentweb.cencol.ca /lartyukh/webDesign1/Project form.html
2013.11.12 13:01 B E:\111semester 3\advanced web design\website\webDesign1\Project\home.html --> studentweb.cencol.ca /lartyukh/webDesign1/Project home.html
2013.11.12 13:01 B E:\111semester 3\advanced web design\website\webDesign1\Project\honda.xml --> studentweb.cencol.ca /lartyukh/webDesign1/Project honda.xml
2013.11.12 13:01 B E:\111semester 3\advanced web design\website\webDesign1\Project\KIA.xml --> studentweb.cencol.ca /lartyukh/webDesign1/Project KIA.xml
2013.11.12 13:01 B E:\111semester 3\advanced web design\website\webDesign1\Project\main.css --> studentweb.cencol.ca /lartyukh/webDesign1/Project main.css
2013.11.12 13:01 B E:\111semester 3\advanced web design\website\webDesign1\Project\mazda.xml --> studentweb.cencol.ca /lartyukh/webDesign1/Project mazda.xml
2013.11.12 13:01 B E:\111semester 3\advanced web design\website\webDesign1\Project\nissan.xml --> studentweb.cencol.ca /lartyukh/webDesign1/Project nissan.xml
2013.11.12 13:01 B E:\111semester 3\advanced web design\website\webDesign1\Project\sitemap.html --> studentweb.cencol.ca /lartyukh/webDesign1/Project sitemap.html
2013.11.12 13:01 B E:\111semester 3\advanced web design\website\webDesign1\Project\template.dwt --> studentweb.cencol.ca /lartyukh/webDesign1/Project template.dwt
2013.11.12 13:01 B E:\111semester 3\advanced web design\website\webDesign1\Project\toyota.xml --> studentweb.cencol.ca /lartyukh/webDesign1/Project toyota.xml
2013.11.12 13:01 B E:\111semester 3\advanced web design\website\webDesign1\Project\vehicles.xml --> studentweb.cencol.ca /lartyukh/webDesign1/Project vehicles.xml
2013.11.12 13:01 B E:\111semester 3\advanced web design\website\webDesign1\Project\WS_FTP.LOG --> studentweb.cencol.ca /lartyukh/webDesign1/Project WS_FTP.LOG
