2013.09.20 21:20 B F:\111semester 3\advanced web design\website\webDesign2\Assignment2\assignment2.html --> studentweb.cencol.ca /lartyukh/webDesign2/Assignment2 assignment2.html
2013.09.20 21:20 B F:\111semester 3\advanced web design\website\webDesign2\Assignment2\back.jpg --> studentweb.cencol.ca /lartyukh/webDesign2/Assignment2 back.jpg
2013.09.20 21:20 B F:\111semester 3\advanced web design\website\webDesign2\Assignment2\cart.png --> studentweb.cencol.ca /lartyukh/webDesign2/Assignment2 cart.png
2013.09.20 21:20 B F:\111semester 3\advanced web design\website\webDesign2\Assignment2\info.txt --> studentweb.cencol.ca /lartyukh/webDesign2/Assignment2 info.txt
2013.09.20 21:20 B F:\111semester 3\advanced web design\website\webDesign2\Assignment2\logo.jpg --> studentweb.cencol.ca /lartyukh/webDesign2/Assignment2 logo.jpg
2013.09.20 21:20 B F:\111semester 3\advanced web design\website\webDesign2\Assignment2\myScript.js --> studentweb.cencol.ca /lartyukh/webDesign2/Assignment2 myScript.js
2013.09.20 21:20 B F:\111semester 3\advanced web design\website\webDesign2\Assignment2\styleTV.css --> studentweb.cencol.ca /lartyukh/webDesign2/Assignment2 styleTV.css
2013.09.20 21:20 B F:\111semester 3\advanced web design\website\webDesign2\Assignment2\TVset.jpg --> studentweb.cencol.ca /lartyukh/webDesign2/Assignment2 TVset.jpg
2013.09.23 13:09 B F:\111semester 3\advanced web design\website\webDesign2\Assignment2\assignment2.html --> studentweb.cencol.ca /lartyukh/webDesign2/Assignment2 assignment2.html
2013.09.23 13:09 B F:\111semester 3\advanced web design\website\webDesign2\Assignment2\myScript.js --> studentweb.cencol.ca /lartyukh/webDesign2/Assignment2 myScript.js
2013.09.23 13:09 B F:\111semester 3\advanced web design\website\webDesign2\Assignment2\reply.html --> studentweb.cencol.ca /lartyukh/webDesign2/Assignment2 reply.html
2013.09.23 13:09 B F:\111semester 3\advanced web design\website\webDesign2\Assignment2\styleTV.css --> studentweb.cencol.ca /lartyukh/webDesign2/Assignment2 styleTV.css
2013.09.23 13:09 B F:\111semester 3\advanced web design\website\webDesign2\Assignment2\WS_FTP.LOG --> studentweb.cencol.ca /lartyukh/webDesign2/Assignment2 WS_FTP.LOG
2013.09.23 13:51 B F:\111semester 3\advanced web design\website\webDesign2\Assignment2\WS_FTP.LOG --> studentweb.cencol.ca /lartyukh/webDesign2/Assignment2 WS_FTP.LOG
2013.09.24 10:20 B F:\111semester 3\advanced web design\website\webDesign2\Assignment2\assignment2.html --> studentweb.cencol.ca /lartyukh/webDesign2/Assignment2 assignment2.html
2013.09.24 10:20 B F:\111semester 3\advanced web design\website\webDesign2\Assignment2\myScript.js --> studentweb.cencol.ca /lartyukh/webDesign2/Assignment2 myScript.js
2013.09.24 10:20 B F:\111semester 3\advanced web design\website\webDesign2\Assignment2\reply.html --> studentweb.cencol.ca /lartyukh/webDesign2/Assignment2 reply.html
2013.09.24 10:20 B F:\111semester 3\advanced web design\website\webDesign2\Assignment2\WS_FTP.LOG --> studentweb.cencol.ca /lartyukh/webDesign2/Assignment2 WS_FTP.LOG
2013.10.01 11:03 B E:\111semester 3\advanced web design\website\webDesign2\Assignment2\assignment2.html --> studentweb.cencol.ca /lartyukh/webDesign2/Assignment2 assignment2.html
2013.10.01 11:03 B E:\111semester 3\advanced web design\website\webDesign2\Assignment2\myScript.js --> studentweb.cencol.ca /lartyukh/webDesign2/Assignment2 myScript.js
2013.10.01 11:03 B E:\111semester 3\advanced web design\website\webDesign2\Assignment2\reply.html --> studentweb.cencol.ca /lartyukh/webDesign2/Assignment2 reply.html
2013.10.01 11:03 B E:\111semester 3\advanced web design\website\webDesign2\Assignment2\styleTV.css --> studentweb.cencol.ca /lartyukh/webDesign2/Assignment2 styleTV.css
2013.10.01 11:03 B E:\111semester 3\advanced web design\website\webDesign2\Assignment2\WS_FTP.LOG --> studentweb.cencol.ca /lartyukh/webDesign2/Assignment2 WS_FTP.LOG
2013.10.01 11:09 B E:\111semester 3\advanced web design\website\webDesign2\Assignment2\myScript.js --> studentweb.cencol.ca /lartyukh/webDesign2/Assignment2 myScript.js
2013.10.01 11:09 B E:\111semester 3\advanced web design\website\webDesign2\Assignment2\WS_FTP.LOG --> studentweb.cencol.ca /lartyukh/webDesign2/Assignment2 WS_FTP.LOG
2013.10.05 11:26 B F:\111semester 3\advanced web design\website\webDesign2\Assignment2\assignment2.html --> studentweb.cencol.ca /lartyukh/webDesign2/Assignment2 assignment2.html
2013.10.05 11:26 B F:\111semester 3\advanced web design\website\webDesign2\Assignment2\WS_FTP.LOG --> studentweb.cencol.ca /lartyukh/webDesign2/Assignment2 WS_FTP.LOG
2013.11.12 13:02 B E:\111semester 3\advanced web design\website\webDesign2\Assignment2\assignment2.html --> studentweb.cencol.ca /lartyukh/webDesign2/Assignment2 assignment2.html
2013.11.12 13:02 B E:\111semester 3\advanced web design\website\webDesign2\Assignment2\back.jpg --> studentweb.cencol.ca /lartyukh/webDesign2/Assignment2 back.jpg
2013.11.12 13:02 B E:\111semester 3\advanced web design\website\webDesign2\Assignment2\cart.png --> studentweb.cencol.ca /lartyukh/webDesign2/Assignment2 cart.png
2013.11.12 13:02 B E:\111semester 3\advanced web design\website\webDesign2\Assignment2\info.txt --> studentweb.cencol.ca /lartyukh/webDesign2/Assignment2 info.txt
2013.11.12 13:02 B E:\111semester 3\advanced web design\website\webDesign2\Assignment2\logo.jpg --> studentweb.cencol.ca /lartyukh/webDesign2/Assignment2 logo.jpg
2013.11.12 13:02 B E:\111semester 3\advanced web design\website\webDesign2\Assignment2\myScript.js --> studentweb.cencol.ca /lartyukh/webDesign2/Assignment2 myScript.js
2013.11.12 13:02 B E:\111semester 3\advanced web design\website\webDesign2\Assignment2\reply.html --> studentweb.cencol.ca /lartyukh/webDesign2/Assignment2 reply.html
2013.11.12 13:02 B E:\111semester 3\advanced web design\website\webDesign2\Assignment2\styleTV.css --> studentweb.cencol.ca /lartyukh/webDesign2/Assignment2 styleTV.css
2013.11.12 13:02 B E:\111semester 3\advanced web design\website\webDesign2\Assignment2\TVset.jpg --> studentweb.cencol.ca /lartyukh/webDesign2/Assignment2 TVset.jpg
2013.11.12 13:02 B E:\111semester 3\advanced web design\website\webDesign2\Assignment2\WS_FTP.LOG --> studentweb.cencol.ca /lartyukh/webDesign2/Assignment2 WS_FTP.LOG
