2013.03.19 21:20 B G:\COMP213 Web Design\studentweb\Assignment4\form.html --> studentweb.cencol.ca /lartyukh/Assignment4 form.html
2013.03.20 21:55 B G:\COMP213 Web Design\studentweb\Assignment4\action.php --> studentweb.cencol.ca /lartyukh/Assignment4 action.php
2013.03.20 21:55 B G:\COMP213 Web Design\studentweb\Assignment4\form.html --> studentweb.cencol.ca /lartyukh/Assignment4 form.html
2013.03.20 21:55 B G:\COMP213 Web Design\studentweb\Assignment4\logo.bmp --> studentweb.cencol.ca /lartyukh/Assignment4 logo.bmp
2013.03.20 21:55 B G:\COMP213 Web Design\studentweb\Assignment4\reply.html --> studentweb.cencol.ca /lartyukh/Assignment4 reply.html
2013.03.20 21:55 B G:\COMP213 Web Design\studentweb\Assignment4\WS_FTP.LOG --> studentweb.cencol.ca /lartyukh/Assignment4 WS_FTP.LOG
2013.03.26 10:25 B G:\COMP213 Web Design\studentweb\Assignment4\form.html --> studentweb.cencol.ca /lartyukh/Assignment4 form.html
2013.03.26 10:25 B G:\COMP213 Web Design\studentweb\Assignment4\reply.html --> studentweb.cencol.ca /lartyukh/Assignment4 reply.html
2013.03.26 10:25 B G:\COMP213 Web Design\studentweb\Assignment4\WS_FTP.LOG --> studentweb.cencol.ca /lartyukh/Assignment4 WS_FTP.LOG
2013.03.26 11:27 B G:\COMP213 Web Design\studentweb\Assignment4\form.html --> studentweb.cencol.ca /lartyukh/Assignment4 form.html
2013.03.26 11:27 B G:\COMP213 Web Design\studentweb\Assignment4\WS_FTP.LOG --> studentweb.cencol.ca /lartyukh/Assignment4 WS_FTP.LOG
2013.04.04 12:03 B G:\COMP213 Web Design\studentweb\Assignment4\form.html --> studentweb.cencol.ca /lartyukh/Assignment4 form.html
2013.04.04 12:03 B G:\COMP213 Web Design\studentweb\Assignment4\WS_FTP.LOG --> studentweb.cencol.ca /lartyukh/Assignment4 WS_FTP.LOG
2013.04.04 20:35 B G:\COMP213 Web Design\studentweb\Assignment4\form.html --> studentweb.cencol.ca /Assignment4 form.html
2013.04.04 20:35 B G:\COMP213 Web Design\studentweb\Assignment4\logo.bmp --> studentweb.cencol.ca /Assignment4 logo.bmp
2013.04.04 20:35 B G:\COMP213 Web Design\studentweb\Assignment4\reply.html --> studentweb.cencol.ca /Assignment4 reply.html
2013.04.04 20:35 B G:\COMP213 Web Design\studentweb\Assignment4\WS_FTP.LOG --> studentweb.cencol.ca /Assignment4 WS_FTP.LOG
2013.04.04 20:36 B G:\COMP213 Web Design\studentweb\Assignment4\WS_FTP.LOG --> studentweb.cencol.ca /lartyukh/Assignment4 WS_FTP.LOG
2013.04.05 09:02 B G:\COMP213 Web Design\studentweb\Assignment4\WS_FTP.LOG --> studentweb.cencol.ca /lartyukh/Assignment4 WS_FTP.LOG
2013.04.05 16:20 B E:\COMP213 Web Design\studentweb\Assignment4\WS_FTP.LOG --> studentweb.cencol.ca /lartyukh/Assignment4 WS_FTP.LOG
2013.04.06 13:24 B G:\COMP213 Web Design\studentweb\Assignment4\WS_FTP.LOG --> studentweb.cencol.ca /lartyukh/Assignment4 WS_FTP.LOG
2013.04.07 13:32 B G:\COMP213 Web Design\studentweb\Assignment4\WS_FTP.LOG --> studentweb.cencol.ca /lartyukh/Assignment4 WS_FTP.LOG
2013.04.07 15:13 B G:\COMP213 Web Design\studentweb\Assignment4\WS_FTP.LOG --> studentweb.cencol.ca /lartyukh/Assignment4 WS_FTP.LOG
2013.04.09 14:00 B E:\COMP213 Web Design\studentweb\Assignment4\WS_FTP.LOG --> studentweb.cencol.ca /lartyukh/Assignment4 WS_FTP.LOG
2013.04.17 12:30 B E:\COMP213 Web Design\studentweb\Assignment4\WS_FTP.LOG --> studentweb.cencol.ca /lartyukh/Assignment4 WS_FTP.LOG
2013.04.18 08:31 B G:\COMP213 Web Design\studentweb\Assignment4\form.html --> studentweb.cencol.ca /lartyukh/Assignment4 form.html
2013.04.18 08:31 B G:\COMP213 Web Design\studentweb\Assignment4\logo.bmp --> studentweb.cencol.ca /lartyukh/Assignment4 logo.bmp
2013.04.18 08:31 B G:\COMP213 Web Design\studentweb\Assignment4\reply.html --> studentweb.cencol.ca /lartyukh/Assignment4 reply.html
2013.04.18 08:31 B G:\COMP213 Web Design\studentweb\Assignment4\WS_FTP.LOG --> studentweb.cencol.ca /lartyukh/Assignment4 WS_FTP.LOG
2013.04.18 09:28 B G:\COMP213 Web Design\studentweb\Assignment4\WS_FTP.LOG --> studentweb.cencol.ca /lartyukh/Assignment4 WS_FTP.LOG
2013.04.18 18:22 B G:\COMP213 Web Design\studentweb\Assignment4\WS_FTP.LOG --> studentweb.cencol.ca /lartyukh/Assignment4 WS_FTP.LOG
2013.09.05 09:05 B F:\COMP213 Web Design\studentweb\Assignment4\form.html --> studentweb.cencol.ca /lartyukh/Assignment4 form.html
2013.09.05 09:05 B F:\COMP213 Web Design\studentweb\Assignment4\logo.bmp --> studentweb.cencol.ca /lartyukh/Assignment4 logo.bmp
2013.09.05 09:05 B F:\COMP213 Web Design\studentweb\Assignment4\reply.html --> studentweb.cencol.ca /lartyukh/Assignment4 reply.html
2013.09.05 09:05 B F:\COMP213 Web Design\studentweb\Assignment4\WS_FTP.LOG --> studentweb.cencol.ca /lartyukh/Assignment4 WS_FTP.LOG
2013.09.10 23:23 B F:\111semester 3\advanced web design\website\studentweb\Assignment4\form.html --> studentweb.cencol.ca /lartyukh/website/studentweb/Assignment4 form.html
2013.09.10 23:23 B F:\111semester 3\advanced web design\website\studentweb\Assignment4\logo.bmp --> studentweb.cencol.ca /lartyukh/website/studentweb/Assignment4 logo.bmp
2013.09.10 23:23 B F:\111semester 3\advanced web design\website\studentweb\Assignment4\reply.html --> studentweb.cencol.ca /lartyukh/website/studentweb/Assignment4 reply.html
2013.09.10 23:23 B F:\111semester 3\advanced web design\website\studentweb\Assignment4\WS_FTP.LOG --> studentweb.cencol.ca /lartyukh/website/studentweb/Assignment4 WS_FTP.LOG
2013.09.10 23:29 B F:\111semester 3\advanced web design\website\studentweb\Assignment4\form.html --> studentweb.cencol.ca /lartyukh/studentweb/Assignment4 form.html
2013.09.10 23:29 B F:\111semester 3\advanced web design\website\studentweb\Assignment4\logo.bmp --> studentweb.cencol.ca /lartyukh/studentweb/Assignment4 logo.bmp
2013.09.10 23:29 B F:\111semester 3\advanced web design\website\studentweb\Assignment4\reply.html --> studentweb.cencol.ca /lartyukh/studentweb/Assignment4 reply.html
2013.09.10 23:29 B F:\111semester 3\advanced web design\website\studentweb\Assignment4\WS_FTP.LOG --> studentweb.cencol.ca /lartyukh/studentweb/Assignment4 WS_FTP.LOG
2013.09.12 03:36 B F:\111semester 3\advanced web design\website\webDesign1\Assignment4\form.html --> studentweb.cencol.ca /lartyukh/webDesign1/Assignment4 form.html
2013.09.12 03:36 B F:\111semester 3\advanced web design\website\webDesign1\Assignment4\logo.bmp --> studentweb.cencol.ca /lartyukh/webDesign1/Assignment4 logo.bmp
2013.09.12 03:36 B F:\111semester 3\advanced web design\website\webDesign1\Assignment4\reply.html --> studentweb.cencol.ca /lartyukh/webDesign1/Assignment4 reply.html
2013.09.12 03:36 B F:\111semester 3\advanced web design\website\webDesign1\Assignment4\WS_FTP.LOG --> studentweb.cencol.ca /lartyukh/webDesign1/Assignment4 WS_FTP.LOG
2013.09.12 22:31 B F:\111semester 3\advanced web design\website\webDesign1\Assignment4\WS_FTP.LOG --> studentweb.cencol.ca /lartyukh/webDesign1/Assignment4 WS_FTP.LOG
2013.09.12 22:38 B F:\111semester 3\advanced web design\website\webDesign1\Assignment4\form.html --> studentweb.cencol.ca /lartyukh/webDesign1/Assignment4 form.html
2013.09.12 22:38 B F:\111semester 3\advanced web design\website\webDesign1\Assignment4\logo.bmp --> studentweb.cencol.ca /lartyukh/webDesign1/Assignment4 logo.bmp
2013.09.12 22:38 B F:\111semester 3\advanced web design\website\webDesign1\Assignment4\reply.html --> studentweb.cencol.ca /lartyukh/webDesign1/Assignment4 reply.html
2013.09.12 22:38 B F:\111semester 3\advanced web design\website\webDesign1\Assignment4\WS_FTP.LOG --> studentweb.cencol.ca /lartyukh/webDesign1/Assignment4 WS_FTP.LOG
2013.09.15 20:16 B F:\111semester 3\advanced web design\website\webDesign1\Assignment4\WS_FTP.LOG --> studentweb.cencol.ca /lartyukh/webDesign1/Assignment4 WS_FTP.LOG
2013.09.20 21:19 B F:\111semester 3\advanced web design\website\webDesign1\Assignment4\WS_FTP.LOG --> studentweb.cencol.ca /lartyukh/webDesign1/Assignment4 WS_FTP.LOG
2013.09.23 13:09 B F:\111semester 3\advanced web design\website\webDesign1\Assignment4\WS_FTP.LOG --> studentweb.cencol.ca /lartyukh/webDesign1/Assignment4 WS_FTP.LOG
2013.09.23 13:51 B F:\111semester 3\advanced web design\website\webDesign1\Assignment4\WS_FTP.LOG --> studentweb.cencol.ca /lartyukh/webDesign1/Assignment4 WS_FTP.LOG
2013.09.24 10:20 B F:\111semester 3\advanced web design\website\webDesign1\Assignment4\form.html --> studentweb.cencol.ca /lartyukh/webDesign1/Assignment4 form.html
2013.09.24 10:20 B F:\111semester 3\advanced web design\website\webDesign1\Assignment4\reply.html --> studentweb.cencol.ca /lartyukh/webDesign1/Assignment4 reply.html
2013.09.24 10:20 B F:\111semester 3\advanced web design\website\webDesign1\Assignment4\WS_FTP.LOG --> studentweb.cencol.ca /lartyukh/webDesign1/Assignment4 WS_FTP.LOG
2013.10.05 11:26 B F:\111semester 3\advanced web design\website\webDesign1\Assignment4\WS_FTP.LOG --> studentweb.cencol.ca /lartyukh/webDesign1/Assignment4 WS_FTP.LOG
2013.11.12 13:01 B E:\111semester 3\advanced web design\website\webDesign1\Assignment4\form.html --> studentweb.cencol.ca /lartyukh/webDesign1/Assignment4 form.html
2013.11.12 13:01 B E:\111semester 3\advanced web design\website\webDesign1\Assignment4\logo.bmp --> studentweb.cencol.ca /lartyukh/webDesign1/Assignment4 logo.bmp
2013.11.12 13:01 B E:\111semester 3\advanced web design\website\webDesign1\Assignment4\reply.html --> studentweb.cencol.ca /lartyukh/webDesign1/Assignment4 reply.html
2013.11.12 13:01 B E:\111semester 3\advanced web design\website\webDesign1\Assignment4\WS_FTP.LOG --> studentweb.cencol.ca /lartyukh/webDesign1/Assignment4 WS_FTP.LOG
