2013.04.14 07:25 B G:\COMP213 Web Design\studentweb\Project\images\2010 honda civic.jpg --> studentweb.cencol.ca /lartyukh/Project/images 2010 honda civic.jpg
2013.04.14 07:25 B G:\COMP213 Web Design\studentweb\Project\images\2010 Toyota Corolla.jpg --> studentweb.cencol.ca /lartyukh/Project/images 2010 Toyota Corolla.jpg
2013.04.14 07:25 B G:\COMP213 Web Design\studentweb\Project\images\2010-Mazda3-Sedan-22.jpg --> studentweb.cencol.ca /lartyukh/Project/images 2010-Mazda3-Sedan-22.jpg
2013.04.14 07:25 B G:\COMP213 Web Design\studentweb\Project\images\2010_nissan_altima_coupe.jpg --> studentweb.cencol.ca /lartyukh/Project/images 2010_nissan_altima_coupe.jpg
2013.04.14 07:25 B G:\COMP213 Web Design\studentweb\Project\images\backgroundHeader.jpg --> studentweb.cencol.ca /lartyukh/Project/images backgroundHeader.jpg
2013.04.14 07:25 B G:\COMP213 Web Design\studentweb\Project\images\button10.jpg --> studentweb.cencol.ca /lartyukh/Project/images button10.jpg
2013.04.14 07:25 B G:\COMP213 Web Design\studentweb\Project\images\button11.jpg --> studentweb.cencol.ca /lartyukh/Project/images button11.jpg
2013.04.14 07:25 B G:\COMP213 Web Design\studentweb\Project\images\button12.jpg --> studentweb.cencol.ca /lartyukh/Project/images button12.jpg
2013.04.14 07:25 B G:\COMP213 Web Design\studentweb\Project\images\button13.jpg --> studentweb.cencol.ca /lartyukh/Project/images button13.jpg
2013.04.14 07:25 B G:\COMP213 Web Design\studentweb\Project\images\button1F2.jpg --> studentweb.cencol.ca /lartyukh/Project/images button1F2.jpg
2013.04.14 07:25 B G:\COMP213 Web Design\studentweb\Project\images\button1F3.jpg --> studentweb.cencol.ca /lartyukh/Project/images button1F3.jpg
2013.04.14 07:25 B G:\COMP213 Web Design\studentweb\Project\images\button1F4.jpg --> studentweb.cencol.ca /lartyukh/Project/images button1F4.jpg
2013.04.14 07:25 B G:\COMP213 Web Design\studentweb\Project\images\button1F5.jpg --> studentweb.cencol.ca /lartyukh/Project/images button1F5.jpg
2013.04.14 07:25 B G:\COMP213 Web Design\studentweb\Project\images\button1F6.jpg --> studentweb.cencol.ca /lartyukh/Project/images button1F6.jpg
2013.04.14 07:25 B G:\COMP213 Web Design\studentweb\Project\images\button1F7.jpg --> studentweb.cencol.ca /lartyukh/Project/images button1F7.jpg
2013.04.14 07:25 B G:\COMP213 Web Design\studentweb\Project\images\button1F8.jpg --> studentweb.cencol.ca /lartyukh/Project/images button1F8.jpg
2013.04.14 07:25 B G:\COMP213 Web Design\studentweb\Project\images\button1F9.jpg --> studentweb.cencol.ca /lartyukh/Project/images button1F9.jpg
2013.04.14 07:25 B G:\COMP213 Web Design\studentweb\Project\images\button1FA.jpg --> studentweb.cencol.ca /lartyukh/Project/images button1FA.jpg
2013.04.14 07:25 B G:\COMP213 Web Design\studentweb\Project\images\button20.jpg --> studentweb.cencol.ca /lartyukh/Project/images button20.jpg
2013.04.14 07:25 B G:\COMP213 Web Design\studentweb\Project\images\button204.jpg --> studentweb.cencol.ca /lartyukh/Project/images button204.jpg
2013.04.14 07:25 B G:\COMP213 Web Design\studentweb\Project\images\button205.jpg --> studentweb.cencol.ca /lartyukh/Project/images button205.jpg
2013.04.14 07:25 B G:\COMP213 Web Design\studentweb\Project\images\button20B.jpg --> studentweb.cencol.ca /lartyukh/Project/images button20B.jpg
2013.04.14 07:25 B G:\COMP213 Web Design\studentweb\Project\images\button20C.jpg --> studentweb.cencol.ca /lartyukh/Project/images button20C.jpg
2013.04.14 07:25 B G:\COMP213 Web Design\studentweb\Project\images\button20D.jpg --> studentweb.cencol.ca /lartyukh/Project/images button20D.jpg
2013.04.14 07:25 B G:\COMP213 Web Design\studentweb\Project\images\button21.jpg --> studentweb.cencol.ca /lartyukh/Project/images button21.jpg
2013.04.14 07:25 B G:\COMP213 Web Design\studentweb\Project\images\button213.jpg --> studentweb.cencol.ca /lartyukh/Project/images button213.jpg
2013.04.14 07:25 B G:\COMP213 Web Design\studentweb\Project\images\button214.jpg --> studentweb.cencol.ca /lartyukh/Project/images button214.jpg
2013.04.14 07:25 B G:\COMP213 Web Design\studentweb\Project\images\button215.jpg --> studentweb.cencol.ca /lartyukh/Project/images button215.jpg
2013.04.14 07:25 B G:\COMP213 Web Design\studentweb\Project\images\button21A.jpg --> studentweb.cencol.ca /lartyukh/Project/images button21A.jpg
2013.04.14 07:25 B G:\COMP213 Web Design\studentweb\Project\images\button21B.jpg --> studentweb.cencol.ca /lartyukh/Project/images button21B.jpg
2013.04.14 07:25 B G:\COMP213 Web Design\studentweb\Project\images\button21C.jpg --> studentweb.cencol.ca /lartyukh/Project/images button21C.jpg
2013.04.14 07:25 B G:\COMP213 Web Design\studentweb\Project\images\button22.jpg --> studentweb.cencol.ca /lartyukh/Project/images button22.jpg
2013.04.14 07:25 B G:\COMP213 Web Design\studentweb\Project\images\button7.jpg --> studentweb.cencol.ca /lartyukh/Project/images button7.jpg
2013.04.14 07:25 B G:\COMP213 Web Design\studentweb\Project\images\button8.jpg --> studentweb.cencol.ca /lartyukh/Project/images button8.jpg
2013.04.14 07:25 B G:\COMP213 Web Design\studentweb\Project\images\button9.jpg --> studentweb.cencol.ca /lartyukh/Project/images button9.jpg
2013.04.14 07:25 B G:\COMP213 Web Design\studentweb\Project\images\buttonA.jpg --> studentweb.cencol.ca /lartyukh/Project/images buttonA.jpg
2013.04.14 07:25 B G:\COMP213 Web Design\studentweb\Project\images\buttonB.jpg --> studentweb.cencol.ca /lartyukh/Project/images buttonB.jpg
2013.04.14 07:25 B G:\COMP213 Web Design\studentweb\Project\images\buttonC.jpg --> studentweb.cencol.ca /lartyukh/Project/images buttonC.jpg
2013.04.14 07:25 B G:\COMP213 Web Design\studentweb\Project\images\buttonE.jpg --> studentweb.cencol.ca /lartyukh/Project/images buttonE.jpg
2013.04.14 07:25 B G:\COMP213 Web Design\studentweb\Project\images\buttonF.jpg --> studentweb.cencol.ca /lartyukh/Project/images buttonF.jpg
2013.04.14 07:25 B G:\COMP213 Web Design\studentweb\Project\images\cars.jpg --> studentweb.cencol.ca /lartyukh/Project/images cars.jpg
2013.04.14 07:25 B G:\COMP213 Web Design\studentweb\Project\images\handshake.jpeg --> studentweb.cencol.ca /lartyukh/Project/images handshake.jpeg
2013.04.14 07:25 B G:\COMP213 Web Design\studentweb\Project\images\Happy_Used_Auto_Logo.jpg --> studentweb.cencol.ca /lartyukh/Project/images Happy_Used_Auto_Logo.jpg
2013.04.14 07:25 B G:\COMP213 Web Design\studentweb\Project\images\Header 1 Row of cars.jpg --> studentweb.cencol.ca /lartyukh/Project/images Header 1 Row of cars.jpg
2013.04.14 07:25 B G:\COMP213 Web Design\studentweb\Project\images\key.jpeg --> studentweb.cencol.ca /lartyukh/Project/images key.jpeg
2013.04.14 07:25 B G:\COMP213 Web Design\studentweb\Project\images\KIA.jpg --> studentweb.cencol.ca /lartyukh/Project/images KIA.jpg
2013.04.14 07:25 B G:\COMP213 Web Design\studentweb\Project\images\sale.jpeg --> studentweb.cencol.ca /lartyukh/Project/images sale.jpeg
2013.04.14 07:25 B G:\COMP213 Web Design\studentweb\Project\images\Thumbs.db --> studentweb.cencol.ca /lartyukh/Project/images Thumbs.db
2013.04.15 00:01 B G:\COMP213 Web Design\studentweb\Project\images\contact.jpg --> studentweb.cencol.ca /lartyukh/Project/images contact.jpg
2013.04.15 00:01 B G:\COMP213 Web Design\studentweb\Project\images\contactActive.jpg --> studentweb.cencol.ca /lartyukh/Project/images contactActive.jpg
2013.04.15 00:01 B G:\COMP213 Web Design\studentweb\Project\images\Dave.jpg --> studentweb.cencol.ca /lartyukh/Project/images Dave.jpg
2013.04.15 00:01 B G:\COMP213 Web Design\studentweb\Project\images\family.jpg --> studentweb.cencol.ca /lartyukh/Project/images family.jpg
2013.04.15 00:01 B G:\COMP213 Web Design\studentweb\Project\images\find.jpg --> studentweb.cencol.ca /lartyukh/Project/images find.jpg
2013.04.15 00:01 B G:\COMP213 Web Design\studentweb\Project\images\findActive.jpg --> studentweb.cencol.ca /lartyukh/Project/images findActive.jpg
2013.04.15 00:01 B G:\COMP213 Web Design\studentweb\Project\images\home.jpg --> studentweb.cencol.ca /lartyukh/Project/images home.jpg
2013.04.15 00:01 B G:\COMP213 Web Design\studentweb\Project\images\homeActive.jpg --> studentweb.cencol.ca /lartyukh/Project/images homeActive.jpg
2013.04.15 00:01 B G:\COMP213 Web Design\studentweb\Project\images\honda.jpg --> studentweb.cencol.ca /lartyukh/Project/images honda.jpg
2013.04.15 00:01 B G:\COMP213 Web Design\studentweb\Project\images\hondaS.jpg --> studentweb.cencol.ca /lartyukh/Project/images hondaS.jpg
2013.04.15 00:01 B G:\COMP213 Web Design\studentweb\Project\images\KIA.jpg --> studentweb.cencol.ca /lartyukh/Project/images KIA.jpg
2013.04.15 00:01 B G:\COMP213 Web Design\studentweb\Project\images\KIAS.jpg --> studentweb.cencol.ca /lartyukh/Project/images KIAS.jpg
2013.04.15 00:01 B G:\COMP213 Web Design\studentweb\Project\images\mazda.jpg --> studentweb.cencol.ca /lartyukh/Project/images mazda.jpg
2013.04.15 00:01 B G:\COMP213 Web Design\studentweb\Project\images\mazdaS.jpg --> studentweb.cencol.ca /lartyukh/Project/images mazdaS.jpg
2013.04.15 00:01 B G:\COMP213 Web Design\studentweb\Project\images\nissan.jpg --> studentweb.cencol.ca /lartyukh/Project/images nissan.jpg
2013.04.15 00:01 B G:\COMP213 Web Design\studentweb\Project\images\nissanS.jpg --> studentweb.cencol.ca /lartyukh/Project/images nissanS.jpg
2013.04.15 00:01 B G:\COMP213 Web Design\studentweb\Project\images\sitemap.jpg --> studentweb.cencol.ca /lartyukh/Project/images sitemap.jpg
2013.04.15 00:01 B G:\COMP213 Web Design\studentweb\Project\images\sitemapActive.jpg --> studentweb.cencol.ca /lartyukh/Project/images sitemapActive.jpg
2013.04.15 00:01 B G:\COMP213 Web Design\studentweb\Project\images\Tony.jpg --> studentweb.cencol.ca /lartyukh/Project/images Tony.jpg
2013.04.15 00:01 B G:\COMP213 Web Design\studentweb\Project\images\toyota.jpg --> studentweb.cencol.ca /lartyukh/Project/images toyota.jpg
2013.04.15 00:01 B G:\COMP213 Web Design\studentweb\Project\images\toyotaS.jpg --> studentweb.cencol.ca /lartyukh/Project/images toyotaS.jpg
2013.04.15 00:01 B G:\COMP213 Web Design\studentweb\Project\images\vehicles.jpg --> studentweb.cencol.ca /lartyukh/Project/images vehicles.jpg
2013.04.15 00:01 B G:\COMP213 Web Design\studentweb\Project\images\vehiclesActive.jpg --> studentweb.cencol.ca /lartyukh/Project/images vehiclesActive.jpg
2013.04.15 00:01 B G:\COMP213 Web Design\studentweb\Project\images\WS_FTP.LOG --> studentweb.cencol.ca /lartyukh/Project/images WS_FTP.LOG
2013.04.17 12:30 B E:\COMP213 Web Design\studentweb\Project\images\btn.jpg --> studentweb.cencol.ca /lartyukh/Project/images btn.jpg
2013.04.17 12:30 B E:\COMP213 Web Design\studentweb\Project\images\btnActive.jpg --> studentweb.cencol.ca /lartyukh/Project/images btnActive.jpg
2013.04.17 12:30 B E:\COMP213 Web Design\studentweb\Project\images\honda.jpg --> studentweb.cencol.ca /lartyukh/Project/images honda.jpg
2013.04.17 12:30 B E:\COMP213 Web Design\studentweb\Project\images\mazda.jpg --> studentweb.cencol.ca /lartyukh/Project/images mazda.jpg
2013.04.17 12:30 B E:\COMP213 Web Design\studentweb\Project\images\toyota.jpg --> studentweb.cencol.ca /lartyukh/Project/images toyota.jpg
2013.04.18 08:27 B G:\COMP213 Web Design\studentweb\Project\images\hondaS.jpg --> studentweb.cencol.ca /lartyukh/Project/images hondaS.jpg
2013.04.18 08:27 B G:\COMP213 Web Design\studentweb\Project\images\KIAS.jpg --> studentweb.cencol.ca /lartyukh/Project/images KIAS.jpg
2013.04.18 08:27 B G:\COMP213 Web Design\studentweb\Project\images\mazdaS.jpg --> studentweb.cencol.ca /lartyukh/Project/images mazdaS.jpg
2013.04.18 08:27 B G:\COMP213 Web Design\studentweb\Project\images\nissanS.jpg --> studentweb.cencol.ca /lartyukh/Project/images nissanS.jpg
2013.04.18 08:27 B G:\COMP213 Web Design\studentweb\Project\images\toyotaS.jpg --> studentweb.cencol.ca /lartyukh/Project/images toyotaS.jpg
2013.04.18 08:27 B G:\COMP213 Web Design\studentweb\Project\images\WS_FTP.LOG --> studentweb.cencol.ca /lartyukh/Project/images WS_FTP.LOG
2013.04.18 08:31 B G:\COMP213 Web Design\studentweb\Project\images\backgroundHeader.jpg --> studentweb.cencol.ca /lartyukh/Project/images backgroundHeader.jpg
2013.04.18 08:32 B G:\COMP213 Web Design\studentweb\Project\images\btn.jpg --> studentweb.cencol.ca /lartyukh/Project/images btn.jpg
2013.04.18 08:32 B G:\COMP213 Web Design\studentweb\Project\images\btnActive.jpg --> studentweb.cencol.ca /lartyukh/Project/images btnActive.jpg
2013.04.18 08:32 B G:\COMP213 Web Design\studentweb\Project\images\Dave.jpg --> studentweb.cencol.ca /lartyukh/Project/images Dave.jpg
2013.04.18 08:32 B G:\COMP213 Web Design\studentweb\Project\images\Happy_Used_Auto_Logo.jpg --> studentweb.cencol.ca /lartyukh/Project/images Happy_Used_Auto_Logo.jpg
2013.04.18 08:32 B G:\COMP213 Web Design\studentweb\Project\images\honda.jpg --> studentweb.cencol.ca /lartyukh/Project/images honda.jpg
2013.04.18 08:32 B G:\COMP213 Web Design\studentweb\Project\images\hondaS.jpg --> studentweb.cencol.ca /lartyukh/Project/images hondaS.jpg
2013.04.18 08:32 B G:\COMP213 Web Design\studentweb\Project\images\KIA.jpg --> studentweb.cencol.ca /lartyukh/Project/images KIA.jpg
2013.04.18 08:32 B G:\COMP213 Web Design\studentweb\Project\images\KIAS.jpg --> studentweb.cencol.ca /lartyukh/Project/images KIAS.jpg
2013.04.18 08:32 B G:\COMP213 Web Design\studentweb\Project\images\mazda.jpg --> studentweb.cencol.ca /lartyukh/Project/images mazda.jpg
2013.04.18 08:32 B G:\COMP213 Web Design\studentweb\Project\images\mazdaS.jpg --> studentweb.cencol.ca /lartyukh/Project/images mazdaS.jpg
2013.04.18 08:32 B G:\COMP213 Web Design\studentweb\Project\images\nissan.jpg --> studentweb.cencol.ca /lartyukh/Project/images nissan.jpg
2013.04.18 08:32 B G:\COMP213 Web Design\studentweb\Project\images\nissanS.jpg --> studentweb.cencol.ca /lartyukh/Project/images nissanS.jpg
2013.04.18 08:32 B G:\COMP213 Web Design\studentweb\Project\images\sale.jpeg --> studentweb.cencol.ca /lartyukh/Project/images sale.jpeg
2013.04.18 08:32 B G:\COMP213 Web Design\studentweb\Project\images\Thumbs.db --> studentweb.cencol.ca /lartyukh/Project/images Thumbs.db
2013.04.18 08:32 B G:\COMP213 Web Design\studentweb\Project\images\Tony.jpg --> studentweb.cencol.ca /lartyukh/Project/images Tony.jpg
2013.04.18 08:32 B G:\COMP213 Web Design\studentweb\Project\images\toyota.jpg --> studentweb.cencol.ca /lartyukh/Project/images toyota.jpg
2013.04.18 08:32 B G:\COMP213 Web Design\studentweb\Project\images\toyotaS.jpg --> studentweb.cencol.ca /lartyukh/Project/images toyotaS.jpg
2013.04.18 08:32 B G:\COMP213 Web Design\studentweb\Project\images\WS_FTP.LOG --> studentweb.cencol.ca /lartyukh/Project/images WS_FTP.LOG
2013.04.18 09:29 B G:\COMP213 Web Design\studentweb\Project\images\WS_FTP.LOG --> studentweb.cencol.ca /lartyukh/Project/images WS_FTP.LOG
2013.04.18 18:22 B G:\COMP213 Web Design\studentweb\Project\images\WS_FTP.LOG --> studentweb.cencol.ca /lartyukh/Project/images WS_FTP.LOG
2013.04.19 13:17 B G:\COMP213 Web Design\studentweb\Project\images\WS_FTP.LOG --> studentweb.cencol.ca /lartyukh/Project/images WS_FTP.LOG
2013.04.19 13:23 B G:\COMP213 Web Design\studentweb\Project\images\WS_FTP.LOG --> studentweb.cencol.ca /lartyukh/Project/images WS_FTP.LOG
2013.04.19 13:29 B G:\COMP213 Web Design\studentweb\Project\images\WS_FTP.LOG --> studentweb.cencol.ca /lartyukh/Project/images WS_FTP.LOG
2013.04.19 13:34 B G:\COMP213 Web Design\studentweb\Project\images\WS_FTP.LOG --> studentweb.cencol.ca /lartyukh/Project/images WS_FTP.LOG
2013.09.05 09:06 B F:\COMP213 Web Design\studentweb\Project\images\backgroundHeader.jpg --> studentweb.cencol.ca /lartyukh/Project/images backgroundHeader.jpg
2013.09.05 09:06 B F:\COMP213 Web Design\studentweb\Project\images\btn.jpg --> studentweb.cencol.ca /lartyukh/Project/images btn.jpg
2013.09.05 09:06 B F:\COMP213 Web Design\studentweb\Project\images\btnActive.jpg --> studentweb.cencol.ca /lartyukh/Project/images btnActive.jpg
2013.09.05 09:06 B F:\COMP213 Web Design\studentweb\Project\images\Dave.jpg --> studentweb.cencol.ca /lartyukh/Project/images Dave.jpg
2013.09.05 09:06 B F:\COMP213 Web Design\studentweb\Project\images\Happy_Used_Auto_Logo.jpg --> studentweb.cencol.ca /lartyukh/Project/images Happy_Used_Auto_Logo.jpg
2013.09.05 09:06 B F:\COMP213 Web Design\studentweb\Project\images\honda.jpg --> studentweb.cencol.ca /lartyukh/Project/images honda.jpg
2013.09.05 09:06 B F:\COMP213 Web Design\studentweb\Project\images\hondaS.jpg --> studentweb.cencol.ca /lartyukh/Project/images hondaS.jpg
2013.09.05 09:06 B F:\COMP213 Web Design\studentweb\Project\images\KIA.jpg --> studentweb.cencol.ca /lartyukh/Project/images KIA.jpg
2013.09.05 09:06 B F:\COMP213 Web Design\studentweb\Project\images\KIAS.jpg --> studentweb.cencol.ca /lartyukh/Project/images KIAS.jpg
2013.09.05 09:06 B F:\COMP213 Web Design\studentweb\Project\images\mazda.jpg --> studentweb.cencol.ca /lartyukh/Project/images mazda.jpg
2013.09.05 09:06 B F:\COMP213 Web Design\studentweb\Project\images\mazdaS.jpg --> studentweb.cencol.ca /lartyukh/Project/images mazdaS.jpg
2013.09.05 09:06 B F:\COMP213 Web Design\studentweb\Project\images\nissan.jpg --> studentweb.cencol.ca /lartyukh/Project/images nissan.jpg
2013.09.05 09:06 B F:\COMP213 Web Design\studentweb\Project\images\nissanS.jpg --> studentweb.cencol.ca /lartyukh/Project/images nissanS.jpg
2013.09.05 09:06 B F:\COMP213 Web Design\studentweb\Project\images\sale.jpeg --> studentweb.cencol.ca /lartyukh/Project/images sale.jpeg
2013.09.05 09:06 B F:\COMP213 Web Design\studentweb\Project\images\Thumbs.db --> studentweb.cencol.ca /lartyukh/Project/images Thumbs.db
2013.09.05 09:06 B F:\COMP213 Web Design\studentweb\Project\images\Tony.jpg --> studentweb.cencol.ca /lartyukh/Project/images Tony.jpg
2013.09.05 09:06 B F:\COMP213 Web Design\studentweb\Project\images\toyota.jpg --> studentweb.cencol.ca /lartyukh/Project/images toyota.jpg
2013.09.05 09:06 B F:\COMP213 Web Design\studentweb\Project\images\toyotaS.jpg --> studentweb.cencol.ca /lartyukh/Project/images toyotaS.jpg
2013.09.05 09:06 B F:\COMP213 Web Design\studentweb\Project\images\WS_FTP.LOG --> studentweb.cencol.ca /lartyukh/Project/images WS_FTP.LOG
2013.09.10 23:23 B F:\111semester 3\advanced web design\website\studentweb\Project\images\backgroundHeader.jpg --> studentweb.cencol.ca /lartyukh/website/studentweb/Project/images backgroundHeader.jpg
2013.09.10 23:23 B F:\111semester 3\advanced web design\website\studentweb\Project\images\btn.jpg --> studentweb.cencol.ca /lartyukh/website/studentweb/Project/images btn.jpg
2013.09.10 23:23 B F:\111semester 3\advanced web design\website\studentweb\Project\images\btnActive.jpg --> studentweb.cencol.ca /lartyukh/website/studentweb/Project/images btnActive.jpg
2013.09.10 23:23 B F:\111semester 3\advanced web design\website\studentweb\Project\images\Dave.jpg --> studentweb.cencol.ca /lartyukh/website/studentweb/Project/images Dave.jpg
2013.09.10 23:23 B F:\111semester 3\advanced web design\website\studentweb\Project\images\Happy_Used_Auto_Logo.jpg --> studentweb.cencol.ca /lartyukh/website/studentweb/Project/images Happy_Used_Auto_Logo.jpg
2013.09.10 23:23 B F:\111semester 3\advanced web design\website\studentweb\Project\images\honda.jpg --> studentweb.cencol.ca /lartyukh/website/studentweb/Project/images honda.jpg
2013.09.10 23:23 B F:\111semester 3\advanced web design\website\studentweb\Project\images\hondaS.jpg --> studentweb.cencol.ca /lartyukh/website/studentweb/Project/images hondaS.jpg
2013.09.10 23:23 B F:\111semester 3\advanced web design\website\studentweb\Project\images\KIA.jpg --> studentweb.cencol.ca /lartyukh/website/studentweb/Project/images KIA.jpg
2013.09.10 23:23 B F:\111semester 3\advanced web design\website\studentweb\Project\images\KIAS.jpg --> studentweb.cencol.ca /lartyukh/website/studentweb/Project/images KIAS.jpg
2013.09.10 23:23 B F:\111semester 3\advanced web design\website\studentweb\Project\images\mazda.jpg --> studentweb.cencol.ca /lartyukh/website/studentweb/Project/images mazda.jpg
2013.09.10 23:23 B F:\111semester 3\advanced web design\website\studentweb\Project\images\mazdaS.jpg --> studentweb.cencol.ca /lartyukh/website/studentweb/Project/images mazdaS.jpg
2013.09.10 23:23 B F:\111semester 3\advanced web design\website\studentweb\Project\images\nissan.jpg --> studentweb.cencol.ca /lartyukh/website/studentweb/Project/images nissan.jpg
2013.09.10 23:23 B F:\111semester 3\advanced web design\website\studentweb\Project\images\nissanS.jpg --> studentweb.cencol.ca /lartyukh/website/studentweb/Project/images nissanS.jpg
2013.09.10 23:23 B F:\111semester 3\advanced web design\website\studentweb\Project\images\sale.jpeg --> studentweb.cencol.ca /lartyukh/website/studentweb/Project/images sale.jpeg
2013.09.10 23:23 B F:\111semester 3\advanced web design\website\studentweb\Project\images\Thumbs.db --> studentweb.cencol.ca /lartyukh/website/studentweb/Project/images Thumbs.db
2013.09.10 23:23 B F:\111semester 3\advanced web design\website\studentweb\Project\images\Tony.jpg --> studentweb.cencol.ca /lartyukh/website/studentweb/Project/images Tony.jpg
2013.09.10 23:23 B F:\111semester 3\advanced web design\website\studentweb\Project\images\toyota.jpg --> studentweb.cencol.ca /lartyukh/website/studentweb/Project/images toyota.jpg
2013.09.10 23:23 B F:\111semester 3\advanced web design\website\studentweb\Project\images\toyotaS.jpg --> studentweb.cencol.ca /lartyukh/website/studentweb/Project/images toyotaS.jpg
2013.09.10 23:23 B F:\111semester 3\advanced web design\website\studentweb\Project\images\WS_FTP.LOG --> studentweb.cencol.ca /lartyukh/website/studentweb/Project/images WS_FTP.LOG
2013.09.10 23:29 B F:\111semester 3\advanced web design\website\studentweb\Project\images\backgroundHeader.jpg --> studentweb.cencol.ca /lartyukh/studentweb/Project/images backgroundHeader.jpg
2013.09.10 23:29 B F:\111semester 3\advanced web design\website\studentweb\Project\images\btn.jpg --> studentweb.cencol.ca /lartyukh/studentweb/Project/images btn.jpg
2013.09.10 23:29 B F:\111semester 3\advanced web design\website\studentweb\Project\images\btnActive.jpg --> studentweb.cencol.ca /lartyukh/studentweb/Project/images btnActive.jpg
2013.09.10 23:29 B F:\111semester 3\advanced web design\website\studentweb\Project\images\Dave.jpg --> studentweb.cencol.ca /lartyukh/studentweb/Project/images Dave.jpg
2013.09.10 23:29 B F:\111semester 3\advanced web design\website\studentweb\Project\images\Happy_Used_Auto_Logo.jpg --> studentweb.cencol.ca /lartyukh/studentweb/Project/images Happy_Used_Auto_Logo.jpg
2013.09.10 23:29 B F:\111semester 3\advanced web design\website\studentweb\Project\images\honda.jpg --> studentweb.cencol.ca /lartyukh/studentweb/Project/images honda.jpg
2013.09.10 23:29 B F:\111semester 3\advanced web design\website\studentweb\Project\images\hondaS.jpg --> studentweb.cencol.ca /lartyukh/studentweb/Project/images hondaS.jpg
2013.09.10 23:29 B F:\111semester 3\advanced web design\website\studentweb\Project\images\KIA.jpg --> studentweb.cencol.ca /lartyukh/studentweb/Project/images KIA.jpg
2013.09.10 23:29 B F:\111semester 3\advanced web design\website\studentweb\Project\images\KIAS.jpg --> studentweb.cencol.ca /lartyukh/studentweb/Project/images KIAS.jpg
2013.09.10 23:29 B F:\111semester 3\advanced web design\website\studentweb\Project\images\mazda.jpg --> studentweb.cencol.ca /lartyukh/studentweb/Project/images mazda.jpg
2013.09.10 23:29 B F:\111semester 3\advanced web design\website\studentweb\Project\images\mazdaS.jpg --> studentweb.cencol.ca /lartyukh/studentweb/Project/images mazdaS.jpg
2013.09.10 23:29 B F:\111semester 3\advanced web design\website\studentweb\Project\images\nissan.jpg --> studentweb.cencol.ca /lartyukh/studentweb/Project/images nissan.jpg
2013.09.10 23:29 B F:\111semester 3\advanced web design\website\studentweb\Project\images\nissanS.jpg --> studentweb.cencol.ca /lartyukh/studentweb/Project/images nissanS.jpg
2013.09.10 23:29 B F:\111semester 3\advanced web design\website\studentweb\Project\images\sale.jpeg --> studentweb.cencol.ca /lartyukh/studentweb/Project/images sale.jpeg
2013.09.10 23:29 B F:\111semester 3\advanced web design\website\studentweb\Project\images\Thumbs.db --> studentweb.cencol.ca /lartyukh/studentweb/Project/images Thumbs.db
2013.09.10 23:29 B F:\111semester 3\advanced web design\website\studentweb\Project\images\Tony.jpg --> studentweb.cencol.ca /lartyukh/studentweb/Project/images Tony.jpg
2013.09.10 23:29 B F:\111semester 3\advanced web design\website\studentweb\Project\images\toyota.jpg --> studentweb.cencol.ca /lartyukh/studentweb/Project/images toyota.jpg
2013.09.10 23:29 B F:\111semester 3\advanced web design\website\studentweb\Project\images\toyotaS.jpg --> studentweb.cencol.ca /lartyukh/studentweb/Project/images toyotaS.jpg
2013.09.10 23:29 B F:\111semester 3\advanced web design\website\studentweb\Project\images\WS_FTP.LOG --> studentweb.cencol.ca /lartyukh/studentweb/Project/images WS_FTP.LOG
2013.09.12 03:36 B F:\111semester 3\advanced web design\website\webDesign1\Project\images\backgroundHeader.jpg --> studentweb.cencol.ca /lartyukh/webDesign1/Project/images backgroundHeader.jpg
2013.09.12 03:36 B F:\111semester 3\advanced web design\website\webDesign1\Project\images\btn.jpg --> studentweb.cencol.ca /lartyukh/webDesign1/Project/images btn.jpg
2013.09.12 03:36 B F:\111semester 3\advanced web design\website\webDesign1\Project\images\btnActive.jpg --> studentweb.cencol.ca /lartyukh/webDesign1/Project/images btnActive.jpg
2013.09.12 03:36 B F:\111semester 3\advanced web design\website\webDesign1\Project\images\Dave.jpg --> studentweb.cencol.ca /lartyukh/webDesign1/Project/images Dave.jpg
2013.09.12 03:36 B F:\111semester 3\advanced web design\website\webDesign1\Project\images\Happy_Used_Auto_Logo.jpg --> studentweb.cencol.ca /lartyukh/webDesign1/Project/images Happy_Used_Auto_Logo.jpg
2013.09.12 03:36 B F:\111semester 3\advanced web design\website\webDesign1\Project\images\honda.jpg --> studentweb.cencol.ca /lartyukh/webDesign1/Project/images honda.jpg
2013.09.12 03:36 B F:\111semester 3\advanced web design\website\webDesign1\Project\images\hondaS.jpg --> studentweb.cencol.ca /lartyukh/webDesign1/Project/images hondaS.jpg
2013.09.12 03:36 B F:\111semester 3\advanced web design\website\webDesign1\Project\images\KIA.jpg --> studentweb.cencol.ca /lartyukh/webDesign1/Project/images KIA.jpg
2013.09.12 03:36 B F:\111semester 3\advanced web design\website\webDesign1\Project\images\KIAS.jpg --> studentweb.cencol.ca /lartyukh/webDesign1/Project/images KIAS.jpg
2013.09.12 03:36 B F:\111semester 3\advanced web design\website\webDesign1\Project\images\mazda.jpg --> studentweb.cencol.ca /lartyukh/webDesign1/Project/images mazda.jpg
2013.09.12 03:36 B F:\111semester 3\advanced web design\website\webDesign1\Project\images\mazdaS.jpg --> studentweb.cencol.ca /lartyukh/webDesign1/Project/images mazdaS.jpg
2013.09.12 03:36 B F:\111semester 3\advanced web design\website\webDesign1\Project\images\nissan.jpg --> studentweb.cencol.ca /lartyukh/webDesign1/Project/images nissan.jpg
2013.09.12 03:36 B F:\111semester 3\advanced web design\website\webDesign1\Project\images\nissanS.jpg --> studentweb.cencol.ca /lartyukh/webDesign1/Project/images nissanS.jpg
2013.09.12 03:36 B F:\111semester 3\advanced web design\website\webDesign1\Project\images\sale.jpeg --> studentweb.cencol.ca /lartyukh/webDesign1/Project/images sale.jpeg
2013.09.12 03:36 B F:\111semester 3\advanced web design\website\webDesign1\Project\images\Thumbs.db --> studentweb.cencol.ca /lartyukh/webDesign1/Project/images Thumbs.db
2013.09.12 03:36 B F:\111semester 3\advanced web design\website\webDesign1\Project\images\Tony.jpg --> studentweb.cencol.ca /lartyukh/webDesign1/Project/images Tony.jpg
2013.09.12 03:36 B F:\111semester 3\advanced web design\website\webDesign1\Project\images\toyota.jpg --> studentweb.cencol.ca /lartyukh/webDesign1/Project/images toyota.jpg
2013.09.12 03:36 B F:\111semester 3\advanced web design\website\webDesign1\Project\images\toyotaS.jpg --> studentweb.cencol.ca /lartyukh/webDesign1/Project/images toyotaS.jpg
2013.09.12 03:36 B F:\111semester 3\advanced web design\website\webDesign1\Project\images\WS_FTP.LOG --> studentweb.cencol.ca /lartyukh/webDesign1/Project/images WS_FTP.LOG
2013.09.12 22:31 B F:\111semester 3\advanced web design\website\webDesign1\Project\images\WS_FTP.LOG --> studentweb.cencol.ca /lartyukh/webDesign1/Project/images WS_FTP.LOG
2013.09.12 22:38 B F:\111semester 3\advanced web design\website\webDesign1\Project\images\backgroundHeader.jpg --> studentweb.cencol.ca /lartyukh/webDesign1/Project/images backgroundHeader.jpg
2013.09.12 22:38 B F:\111semester 3\advanced web design\website\webDesign1\Project\images\btn.jpg --> studentweb.cencol.ca /lartyukh/webDesign1/Project/images btn.jpg
2013.09.12 22:38 B F:\111semester 3\advanced web design\website\webDesign1\Project\images\btnActive.jpg --> studentweb.cencol.ca /lartyukh/webDesign1/Project/images btnActive.jpg
2013.09.12 22:38 B F:\111semester 3\advanced web design\website\webDesign1\Project\images\Dave.jpg --> studentweb.cencol.ca /lartyukh/webDesign1/Project/images Dave.jpg
2013.09.12 22:38 B F:\111semester 3\advanced web design\website\webDesign1\Project\images\Happy_Used_Auto_Logo.jpg --> studentweb.cencol.ca /lartyukh/webDesign1/Project/images Happy_Used_Auto_Logo.jpg
2013.09.12 22:38 B F:\111semester 3\advanced web design\website\webDesign1\Project\images\honda.jpg --> studentweb.cencol.ca /lartyukh/webDesign1/Project/images honda.jpg
2013.09.12 22:38 B F:\111semester 3\advanced web design\website\webDesign1\Project\images\hondaS.jpg --> studentweb.cencol.ca /lartyukh/webDesign1/Project/images hondaS.jpg
2013.09.12 22:38 B F:\111semester 3\advanced web design\website\webDesign1\Project\images\KIA.jpg --> studentweb.cencol.ca /lartyukh/webDesign1/Project/images KIA.jpg
2013.09.12 22:38 B F:\111semester 3\advanced web design\website\webDesign1\Project\images\KIAS.jpg --> studentweb.cencol.ca /lartyukh/webDesign1/Project/images KIAS.jpg
2013.09.12 22:38 B F:\111semester 3\advanced web design\website\webDesign1\Project\images\mazda.jpg --> studentweb.cencol.ca /lartyukh/webDesign1/Project/images mazda.jpg
2013.09.12 22:38 B F:\111semester 3\advanced web design\website\webDesign1\Project\images\mazdaS.jpg --> studentweb.cencol.ca /lartyukh/webDesign1/Project/images mazdaS.jpg
2013.09.12 22:38 B F:\111semester 3\advanced web design\website\webDesign1\Project\images\nissan.jpg --> studentweb.cencol.ca /lartyukh/webDesign1/Project/images nissan.jpg
2013.09.12 22:38 B F:\111semester 3\advanced web design\website\webDesign1\Project\images\nissanS.jpg --> studentweb.cencol.ca /lartyukh/webDesign1/Project/images nissanS.jpg
2013.09.12 22:38 B F:\111semester 3\advanced web design\website\webDesign1\Project\images\sale.jpeg --> studentweb.cencol.ca /lartyukh/webDesign1/Project/images sale.jpeg
2013.09.12 22:38 B F:\111semester 3\advanced web design\website\webDesign1\Project\images\Thumbs.db --> studentweb.cencol.ca /lartyukh/webDesign1/Project/images Thumbs.db
2013.09.12 22:38 B F:\111semester 3\advanced web design\website\webDesign1\Project\images\Tony.jpg --> studentweb.cencol.ca /lartyukh/webDesign1/Project/images Tony.jpg
2013.09.12 22:38 B F:\111semester 3\advanced web design\website\webDesign1\Project\images\toyota.jpg --> studentweb.cencol.ca /lartyukh/webDesign1/Project/images toyota.jpg
2013.09.12 22:38 B F:\111semester 3\advanced web design\website\webDesign1\Project\images\toyotaS.jpg --> studentweb.cencol.ca /lartyukh/webDesign1/Project/images toyotaS.jpg
2013.09.12 22:38 B F:\111semester 3\advanced web design\website\webDesign1\Project\images\WS_FTP.LOG --> studentweb.cencol.ca /lartyukh/webDesign1/Project/images WS_FTP.LOG
2013.09.15 20:16 B F:\111semester 3\advanced web design\website\webDesign1\Project\images\WS_FTP.LOG --> studentweb.cencol.ca /lartyukh/webDesign1/Project/images WS_FTP.LOG
2013.09.20 21:20 B F:\111semester 3\advanced web design\website\webDesign1\Project\images\WS_FTP.LOG --> studentweb.cencol.ca /lartyukh/webDesign1/Project/images WS_FTP.LOG
2013.09.23 13:09 B F:\111semester 3\advanced web design\website\webDesign1\Project\images\WS_FTP.LOG --> studentweb.cencol.ca /lartyukh/webDesign1/Project/images WS_FTP.LOG
2013.09.23 13:51 B F:\111semester 3\advanced web design\website\webDesign1\Project\images\WS_FTP.LOG --> studentweb.cencol.ca /lartyukh/webDesign1/Project/images WS_FTP.LOG
2013.09.24 10:20 B F:\111semester 3\advanced web design\website\webDesign1\Project\images\WS_FTP.LOG --> studentweb.cencol.ca /lartyukh/webDesign1/Project/images WS_FTP.LOG
2013.10.05 11:26 B F:\111semester 3\advanced web design\website\webDesign1\Project\images\WS_FTP.LOG --> studentweb.cencol.ca /lartyukh/webDesign1/Project/images WS_FTP.LOG
2013.11.12 13:01 B E:\111semester 3\advanced web design\website\webDesign1\Project\images\backgroundHeader.jpg --> studentweb.cencol.ca /lartyukh/webDesign1/Project/images backgroundHeader.jpg
2013.11.12 13:01 B E:\111semester 3\advanced web design\website\webDesign1\Project\images\btn.jpg --> studentweb.cencol.ca /lartyukh/webDesign1/Project/images btn.jpg
2013.11.12 13:01 B E:\111semester 3\advanced web design\website\webDesign1\Project\images\btnActive.jpg --> studentweb.cencol.ca /lartyukh/webDesign1/Project/images btnActive.jpg
2013.11.12 13:01 B E:\111semester 3\advanced web design\website\webDesign1\Project\images\Dave.jpg --> studentweb.cencol.ca /lartyukh/webDesign1/Project/images Dave.jpg
2013.11.12 13:01 B E:\111semester 3\advanced web design\website\webDesign1\Project\images\Happy_Used_Auto_Logo.jpg --> studentweb.cencol.ca /lartyukh/webDesign1/Project/images Happy_Used_Auto_Logo.jpg
2013.11.12 13:01 B E:\111semester 3\advanced web design\website\webDesign1\Project\images\honda.jpg --> studentweb.cencol.ca /lartyukh/webDesign1/Project/images honda.jpg
2013.11.12 13:01 B E:\111semester 3\advanced web design\website\webDesign1\Project\images\hondaS.jpg --> studentweb.cencol.ca /lartyukh/webDesign1/Project/images hondaS.jpg
2013.11.12 13:01 B E:\111semester 3\advanced web design\website\webDesign1\Project\images\KIA.jpg --> studentweb.cencol.ca /lartyukh/webDesign1/Project/images KIA.jpg
2013.11.12 13:01 B E:\111semester 3\advanced web design\website\webDesign1\Project\images\KIAS.jpg --> studentweb.cencol.ca /lartyukh/webDesign1/Project/images KIAS.jpg
2013.11.12 13:01 B E:\111semester 3\advanced web design\website\webDesign1\Project\images\mazda.jpg --> studentweb.cencol.ca /lartyukh/webDesign1/Project/images mazda.jpg
2013.11.12 13:01 B E:\111semester 3\advanced web design\website\webDesign1\Project\images\mazdaS.jpg --> studentweb.cencol.ca /lartyukh/webDesign1/Project/images mazdaS.jpg
2013.11.12 13:01 B E:\111semester 3\advanced web design\website\webDesign1\Project\images\nissan.jpg --> studentweb.cencol.ca /lartyukh/webDesign1/Project/images nissan.jpg
2013.11.12 13:01 B E:\111semester 3\advanced web design\website\webDesign1\Project\images\nissanS.jpg --> studentweb.cencol.ca /lartyukh/webDesign1/Project/images nissanS.jpg
2013.11.12 13:01 B E:\111semester 3\advanced web design\website\webDesign1\Project\images\sale.jpeg --> studentweb.cencol.ca /lartyukh/webDesign1/Project/images sale.jpeg
2013.11.12 13:01 B E:\111semester 3\advanced web design\website\webDesign1\Project\images\Thumbs.db --> studentweb.cencol.ca /lartyukh/webDesign1/Project/images Thumbs.db
2013.11.12 13:01 B E:\111semester 3\advanced web design\website\webDesign1\Project\images\Tony.jpg --> studentweb.cencol.ca /lartyukh/webDesign1/Project/images Tony.jpg
2013.11.12 13:01 B E:\111semester 3\advanced web design\website\webDesign1\Project\images\toyota.jpg --> studentweb.cencol.ca /lartyukh/webDesign1/Project/images toyota.jpg
2013.11.12 13:01 B E:\111semester 3\advanced web design\website\webDesign1\Project\images\toyotaS.jpg --> studentweb.cencol.ca /lartyukh/webDesign1/Project/images toyotaS.jpg
2013.11.12 13:01 B E:\111semester 3\advanced web design\website\webDesign1\Project\images\WS_FTP.LOG --> studentweb.cencol.ca /lartyukh/webDesign1/Project/images WS_FTP.LOG
